2022-12-21 18:04:06,162 - INFO - confusionMatrix:[[8325887. 2370900.]
 [  51842.  156971.]]
2022-12-21 18:04:06,164 - INFO - Test loss: 0.9052,mIOU:0.42,precision:0.06,recall:0.75,F1score:0.11
2022-12-21 18:04:06,165 - INFO - 
mIOU:0.42
precision:0.06
recall:0.75
F1score:0.11
2022-12-21 18:05:29,863 - INFO - confusionMatrix:[[9380375. 1316412.]
 [  44601.  164212.]]
2022-12-21 18:05:29,865 - INFO - Test loss: 0.8149,mIOU:0.49,precision:0.11,recall:0.79,F1score:0.19
2022-12-21 18:05:29,865 - INFO - 
mIOU:0.42,0.49
precision:0.06,0.11
recall:0.75,0.79
F1score:0.11,0.19
2022-12-21 18:06:53,358 - INFO - confusionMatrix:[[9690004. 1006783.]
 [  51050.  157763.]]
2022-12-21 18:06:53,360 - INFO - Test loss: 0.7730,mIOU:0.52,precision:0.14,recall:0.76,F1score:0.23
2022-12-21 18:06:53,360 - INFO - 
mIOU:0.42,0.49,0.52
precision:0.06,0.11,0.14
recall:0.75,0.79,0.76
F1score:0.11,0.19,0.23
2022-12-21 18:08:16,927 - INFO - confusionMatrix:[[10106264.   590523.]
 [   58631.   150182.]]
2022-12-21 18:08:16,928 - INFO - Test loss: 0.6902,mIOU:0.56,precision:0.20,recall:0.72,F1score:0.32
2022-12-21 18:08:16,928 - INFO - 
mIOU:0.42,0.49,0.52,0.56
precision:0.06,0.11,0.14,0.2
recall:0.75,0.79,0.76,0.72
F1score:0.11,0.19,0.23,0.32
2022-12-21 18:09:40,874 - INFO - confusionMatrix:[[10539368.   157419.]
 [  102934.   105879.]]
2022-12-21 18:09:40,876 - INFO - Test loss: 0.5736,mIOU:0.63,precision:0.40,recall:0.51,F1score:0.45
2022-12-21 18:09:40,877 - INFO - 
mIOU:0.42,0.49,0.52,0.56,0.63
precision:0.06,0.11,0.14,0.2,0.4
recall:0.75,0.79,0.76,0.72,0.51
F1score:0.11,0.19,0.23,0.32,0.45
2022-12-21 18:11:04,964 - INFO - confusionMatrix:[[10575941.   120846.]
 [  115845.    92968.]]
2022-12-21 18:11:04,966 - INFO - Test loss: 0.5892,mIOU:0.63,precision:0.43,recall:0.45,F1score:0.44
2022-12-21 18:11:04,966 - INFO - 
mIOU:0.42,0.49,0.52,0.56,0.63,0.63
precision:0.06,0.11,0.14,0.2,0.4,0.43
recall:0.75,0.79,0.76,0.72,0.51,0.45
F1score:0.11,0.19,0.23,0.32,0.45,0.44
2022-12-21 18:12:28,262 - INFO - confusionMatrix:[[10346628.   350159.]
 [   71091.   137722.]]
2022-12-21 18:12:28,263 - INFO - Test loss: 0.6134,mIOU:0.60,precision:0.28,recall:0.66,F1score:0.40
2022-12-21 18:12:28,263 - INFO - 
mIOU:0.42,0.49,0.52,0.56,0.63,0.63,0.6
precision:0.06,0.11,0.14,0.2,0.4,0.43,0.28
recall:0.75,0.79,0.76,0.72,0.51,0.45,0.66
F1score:0.11,0.19,0.23,0.32,0.45,0.44,0.4
2022-12-21 18:13:51,768 - INFO - confusionMatrix:[[10543846.   152941.]
 [   93883.   114930.]]
2022-12-21 18:13:51,770 - INFO - Test loss: 0.5404,mIOU:0.65,precision:0.43,recall:0.55,F1score:0.48
2022-12-21 18:13:51,771 - INFO - 
mIOU:0.42,0.49,0.52,0.56,0.63,0.63,0.6,0.65
precision:0.06,0.11,0.14,0.2,0.4,0.43,0.28,0.43
recall:0.75,0.79,0.76,0.72,0.51,0.45,0.66,0.55
F1score:0.11,0.19,0.23,0.32,0.45,0.44,0.4,0.48
2022-12-21 18:15:15,550 - INFO - confusionMatrix:[[10520339.   176448.]
 [   89370.   119443.]]
2022-12-21 18:15:15,552 - INFO - Test loss: 0.5472,mIOU:0.64,precision:0.40,recall:0.57,F1score:0.47
2022-12-21 18:15:15,552 - INFO - 
mIOU:0.42,0.49,0.52,0.56,0.63,0.63,0.6,0.65,0.64
precision:0.06,0.11,0.14,0.2,0.4,0.43,0.28,0.43,0.4
recall:0.75,0.79,0.76,0.72,0.51,0.45,0.66,0.55,0.57
F1score:0.11,0.19,0.23,0.32,0.45,0.44,0.4,0.48,0.47
2022-12-21 18:16:38,354 - INFO - confusionMatrix:[[10483021.   213766.]
 [   82767.   126046.]]
2022-12-21 18:16:38,355 - INFO - Test loss: 0.5624,mIOU:0.64,precision:0.37,recall:0.60,F1score:0.46
2022-12-21 18:16:38,355 - INFO - 
mIOU:0.42,0.49,0.52,0.56,0.63,0.63,0.6,0.65,0.64,0.64
precision:0.06,0.11,0.14,0.2,0.4,0.43,0.28,0.43,0.4,0.37
recall:0.75,0.79,0.76,0.72,0.51,0.45,0.66,0.55,0.57,0.6
F1score:0.11,0.19,0.23,0.32,0.45,0.44,0.4,0.48,0.47,0.46
2022-12-21 18:18:02,648 - INFO - confusionMatrix:[[10562936.   133851.]
 [  101778.   107035.]]
2022-12-21 18:18:02,651 - INFO - Test loss: 0.5493,mIOU:0.65,precision:0.44,recall:0.51,F1score:0.48
2022-12-21 18:18:02,651 - INFO - 
mIOU:0.42,0.49,0.52,0.56,0.63,0.63,0.6,0.65,0.64,0.64,0.65
precision:0.06,0.11,0.14,0.2,0.4,0.43,0.28,0.43,0.4,0.37,0.44
recall:0.75,0.79,0.76,0.72,0.51,0.45,0.66,0.55,0.57,0.6,0.51
F1score:0.11,0.19,0.23,0.32,0.45,0.44,0.4,0.48,0.47,0.46,0.48
2022-12-21 18:19:25,945 - INFO - confusionMatrix:[[10580927.   115860.]
 [  108767.   100046.]]
2022-12-21 18:19:25,946 - INFO - Test loss: 0.5502,mIOU:0.64,precision:0.46,recall:0.48,F1score:0.47
2022-12-21 18:19:25,947 - INFO - 
mIOU:0.42,0.49,0.52,0.56,0.63,0.63,0.6,0.65,0.64,0.64,0.65,0.64
precision:0.06,0.11,0.14,0.2,0.4,0.43,0.28,0.43,0.4,0.37,0.44,0.46
recall:0.75,0.79,0.76,0.72,0.51,0.45,0.66,0.55,0.57,0.6,0.51,0.48
F1score:0.11,0.19,0.23,0.32,0.45,0.44,0.4,0.48,0.47,0.46,0.48,0.47
2022-12-21 18:20:49,152 - INFO - confusionMatrix:[[10562266.   134521.]
 [  102561.   106252.]]
2022-12-21 18:20:49,153 - INFO - Test loss: 0.5562,mIOU:0.64,precision:0.44,recall:0.51,F1score:0.47
2022-12-21 18:20:49,154 - INFO - 
mIOU:0.42,0.49,0.52,0.56,0.63,0.63,0.6,0.65,0.64,0.64,0.65,0.64,0.64
precision:0.06,0.11,0.14,0.2,0.4,0.43,0.28,0.43,0.4,0.37,0.44,0.46,0.44
recall:0.75,0.79,0.76,0.72,0.51,0.45,0.66,0.55,0.57,0.6,0.51,0.48,0.51
F1score:0.11,0.19,0.23,0.32,0.45,0.44,0.4,0.48,0.47,0.46,0.48,0.47,0.47
2022-12-21 18:22:12,144 - INFO - confusionMatrix:[[10553910.   142877.]
 [   99846.   108967.]]
2022-12-21 18:22:12,145 - INFO - Test loss: 0.5427,mIOU:0.64,precision:0.43,recall:0.52,F1score:0.47
2022-12-21 18:22:12,145 - INFO - 
mIOU:0.42,0.49,0.52,0.56,0.63,0.63,0.6,0.65,0.64,0.64,0.65,0.64,0.64,0.64
precision:0.06,0.11,0.14,0.2,0.4,0.43,0.28,0.43,0.4,0.37,0.44,0.46,0.44,0.43
recall:0.75,0.79,0.76,0.72,0.51,0.45,0.66,0.55,0.57,0.6,0.51,0.48,0.51,0.52
F1score:0.11,0.19,0.23,0.32,0.45,0.44,0.4,0.48,0.47,0.46,0.48,0.47,0.47,0.47
2022-12-21 18:23:35,039 - INFO - confusionMatrix:[[10575632.   121155.]
 [  102915.   105898.]]
2022-12-21 18:23:35,041 - INFO - Test loss: 0.5371,mIOU:0.65,precision:0.47,recall:0.51,F1score:0.49
2022-12-21 18:23:35,041 - INFO - 
mIOU:0.42,0.49,0.52,0.56,0.63,0.63,0.6,0.65,0.64,0.64,0.65,0.64,0.64,0.64,0.65
precision:0.06,0.11,0.14,0.2,0.4,0.43,0.28,0.43,0.4,0.37,0.44,0.46,0.44,0.43,0.47
recall:0.75,0.79,0.76,0.72,0.51,0.45,0.66,0.55,0.57,0.6,0.51,0.48,0.51,0.52,0.51
F1score:0.11,0.19,0.23,0.32,0.45,0.44,0.4,0.48,0.47,0.46,0.48,0.47,0.47,0.47,0.49
2022-12-21 18:24:57,960 - INFO - confusionMatrix:[[10587207.   109580.]
 [  108353.   100460.]]
2022-12-21 18:24:57,962 - INFO - Test loss: 0.5456,mIOU:0.65,precision:0.48,recall:0.48,F1score:0.48
2022-12-21 18:24:57,963 - INFO - 
mIOU:0.42,0.49,0.52,0.56,0.63,0.63,0.6,0.65,0.64,0.64,0.65,0.64,0.64,0.64,0.65,0.65
precision:0.06,0.11,0.14,0.2,0.4,0.43,0.28,0.43,0.4,0.37,0.44,0.46,0.44,0.43,0.47,0.48
recall:0.75,0.79,0.76,0.72,0.51,0.45,0.66,0.55,0.57,0.6,0.51,0.48,0.51,0.52,0.51,0.48
F1score:0.11,0.19,0.23,0.32,0.45,0.44,0.4,0.48,0.47,0.46,0.48,0.47,0.47,0.47,0.49,0.48
2022-12-21 18:26:20,861 - INFO - confusionMatrix:[[10589280.   107507.]
 [  111045.    97768.]]
2022-12-21 18:26:20,863 - INFO - Test loss: 0.5451,mIOU:0.64,precision:0.48,recall:0.47,F1score:0.47
2022-12-21 18:26:20,863 - INFO - 
mIOU:0.42,0.49,0.52,0.56,0.63,0.63,0.6,0.65,0.64,0.64,0.65,0.64,0.64,0.64,0.65,0.65,0.64
precision:0.06,0.11,0.14,0.2,0.4,0.43,0.28,0.43,0.4,0.37,0.44,0.46,0.44,0.43,0.47,0.48,0.48
recall:0.75,0.79,0.76,0.72,0.51,0.45,0.66,0.55,0.57,0.6,0.51,0.48,0.51,0.52,0.51,0.48,0.47
F1score:0.11,0.19,0.23,0.32,0.45,0.44,0.4,0.48,0.47,0.46,0.48,0.47,0.47,0.47,0.49,0.48,0.47
2022-12-21 18:27:45,168 - INFO - confusionMatrix:[[10577958.   118829.]
 [  105650.   103163.]]
2022-12-21 18:27:45,169 - INFO - Test loss: 0.5401,mIOU:0.65,precision:0.46,recall:0.49,F1score:0.48
2022-12-21 18:27:45,169 - INFO - 
mIOU:0.42,0.49,0.52,0.56,0.63,0.63,0.6,0.65,0.64,0.64,0.65,0.64,0.64,0.64,0.65,0.65,0.64,0.65
precision:0.06,0.11,0.14,0.2,0.4,0.43,0.28,0.43,0.4,0.37,0.44,0.46,0.44,0.43,0.47,0.48,0.48,0.46
recall:0.75,0.79,0.76,0.72,0.51,0.45,0.66,0.55,0.57,0.6,0.51,0.48,0.51,0.52,0.51,0.48,0.47,0.49
F1score:0.11,0.19,0.23,0.32,0.45,0.44,0.4,0.48,0.47,0.46,0.48,0.47,0.47,0.47,0.49,0.48,0.47,0.48
2022-12-21 18:29:08,654 - INFO - confusionMatrix:[[10622208.    74579.]
 [  122222.    86591.]]
2022-12-21 18:29:08,655 - INFO - Test loss: 0.5558,mIOU:0.64,precision:0.54,recall:0.41,F1score:0.47
2022-12-21 18:29:08,656 - INFO - 
mIOU:0.42,0.49,0.52,0.56,0.63,0.63,0.6,0.65,0.64,0.64,0.65,0.64,0.64,0.64,0.65,0.65,0.64,0.65,0.64
precision:0.06,0.11,0.14,0.2,0.4,0.43,0.28,0.43,0.4,0.37,0.44,0.46,0.44,0.43,0.47,0.48,0.48,0.46,0.54
recall:0.75,0.79,0.76,0.72,0.51,0.45,0.66,0.55,0.57,0.6,0.51,0.48,0.51,0.52,0.51,0.48,0.47,0.49,0.41
F1score:0.11,0.19,0.23,0.32,0.45,0.44,0.4,0.48,0.47,0.46,0.48,0.47,0.47,0.47,0.49,0.48,0.47,0.48,0.47
2022-12-21 18:30:32,466 - INFO - confusionMatrix:[[10605890.    90897.]
 [  117630.    91183.]]
2022-12-21 18:30:32,469 - INFO - Test loss: 0.5580,mIOU:0.64,precision:0.50,recall:0.44,F1score:0.47
2022-12-21 18:30:32,469 - INFO - 
mIOU:0.42,0.49,0.52,0.56,0.63,0.63,0.6,0.65,0.64,0.64,0.65,0.64,0.64,0.64,0.65,0.65,0.64,0.65,0.64,0.64
precision:0.06,0.11,0.14,0.2,0.4,0.43,0.28,0.43,0.4,0.37,0.44,0.46,0.44,0.43,0.47,0.48,0.48,0.46,0.54,0.5
recall:0.75,0.79,0.76,0.72,0.51,0.45,0.66,0.55,0.57,0.6,0.51,0.48,0.51,0.52,0.51,0.48,0.47,0.49,0.41,0.44
F1score:0.11,0.19,0.23,0.32,0.45,0.44,0.4,0.48,0.47,0.46,0.48,0.47,0.47,0.47,0.49,0.48,0.47,0.48,0.47,0.47
