2022-12-21 14:34:00,053 - INFO - confusionMatrix:[[10696787.        0.]
 [  208813.        0.]]
2022-12-21 14:34:00,055 - INFO - Test loss: 0.9637,mIOU:0.49,precision:nan,recall:0.00,F1score:nan
2022-12-21 14:34:00,055 - INFO - 
mIOU:0.49
precision:nan
recall:0.0
F1score:nan
2022-12-21 14:35:09,669 - INFO - confusionMatrix:[[10696787.        0.]
 [  208813.        0.]]
2022-12-21 14:35:09,670 - INFO - Test loss: 0.9701,mIOU:0.49,precision:nan,recall:0.00,F1score:nan
2022-12-21 14:35:09,671 - INFO - 
mIOU:0.49,0.49
precision:nan,nan
recall:0.0,0.0
F1score:nan,nan
2022-12-21 14:36:18,560 - INFO - confusionMatrix:[[1.0676423e+07 2.0364000e+04]
 [2.0843300e+05 3.8000000e+02]]
2022-12-21 14:36:18,561 - INFO - Test loss: 0.9690,mIOU:0.49,precision:0.02,recall:0.00,F1score:0.00
2022-12-21 14:36:18,561 - INFO - 
mIOU:0.49,0.49,0.49
precision:nan,nan,0.02
recall:0.0,0.0,0.0
F1score:nan,nan,0.0
2022-12-21 14:37:27,490 - INFO - confusionMatrix:[[10447529.   249258.]
 [  194590.    14223.]]
2022-12-21 14:37:27,491 - INFO - Test loss: 0.9573,mIOU:0.50,precision:0.05,recall:0.07,F1score:0.06
2022-12-21 14:37:27,492 - INFO - 
mIOU:0.49,0.49,0.49,0.5
precision:nan,nan,0.02,0.05
recall:0.0,0.0,0.0,0.07
F1score:nan,nan,0.0,0.06
2022-12-21 14:38:36,205 - INFO - confusionMatrix:[[10379185.   317602.]
 [  164162.    44651.]]
2022-12-21 14:38:36,206 - INFO - Test loss: 0.9311,mIOU:0.52,precision:0.12,recall:0.21,F1score:0.16
2022-12-21 14:38:36,207 - INFO - 
mIOU:0.49,0.49,0.49,0.5,0.52
precision:nan,nan,0.02,0.05,0.12
recall:0.0,0.0,0.0,0.07,0.21
F1score:nan,nan,0.0,0.06,0.16
2022-12-21 14:39:44,254 - INFO - confusionMatrix:[[10211566.   485221.]
 [  131354.    77459.]]
2022-12-21 14:39:44,255 - INFO - Test loss: 0.9014,mIOU:0.53,precision:0.14,recall:0.37,F1score:0.20
2022-12-21 14:39:44,255 - INFO - 
mIOU:0.49,0.49,0.49,0.5,0.52,0.53
precision:nan,nan,0.02,0.05,0.12,0.14
recall:0.0,0.0,0.0,0.07,0.21,0.37
F1score:nan,nan,0.0,0.06,0.16,0.2
2022-12-21 14:40:55,768 - INFO - confusionMatrix:[[10022133.   674654.]
 [  113683.    95130.]]
2022-12-21 14:40:55,769 - INFO - Test loss: 0.8874,mIOU:0.52,precision:0.12,recall:0.46,F1score:0.19
2022-12-21 14:40:55,770 - INFO - 
mIOU:0.49,0.49,0.49,0.5,0.52,0.53,0.52
precision:nan,nan,0.02,0.05,0.12,0.14,0.12
recall:0.0,0.0,0.0,0.07,0.21,0.37,0.46
F1score:nan,nan,0.0,0.06,0.16,0.2,0.19
2022-12-21 14:42:03,502 - INFO - confusionMatrix:[[10241205.   455582.]
 [  119511.    89302.]]
2022-12-21 14:42:03,503 - INFO - Test loss: 0.8756,mIOU:0.54,precision:0.16,recall:0.43,F1score:0.24
2022-12-21 14:42:03,503 - INFO - 
mIOU:0.49,0.49,0.49,0.5,0.52,0.53,0.52,0.54
precision:nan,nan,0.02,0.05,0.12,0.14,0.12,0.16
recall:0.0,0.0,0.0,0.07,0.21,0.37,0.46,0.43
F1score:nan,nan,0.0,0.06,0.16,0.2,0.19,0.24
2022-12-21 14:43:12,370 - INFO - confusionMatrix:[[10084901.   611886.]
 [   94549.   114264.]]
2022-12-21 14:43:12,372 - INFO - Test loss: 0.8366,mIOU:0.54,precision:0.16,recall:0.55,F1score:0.24
2022-12-21 14:43:12,373 - INFO - 
mIOU:0.49,0.49,0.49,0.5,0.52,0.53,0.52,0.54,0.54
precision:nan,nan,0.02,0.05,0.12,0.14,0.12,0.16,0.16
recall:0.0,0.0,0.0,0.07,0.21,0.37,0.46,0.43,0.55
F1score:nan,nan,0.0,0.06,0.16,0.2,0.19,0.24,0.24
2022-12-21 14:44:22,407 - INFO - confusionMatrix:[[10261141.   435646.]
 [  101826.   106987.]]
2022-12-21 14:44:22,408 - INFO - Test loss: 0.7932,mIOU:0.56,precision:0.20,recall:0.51,F1score:0.28
2022-12-21 14:44:22,408 - INFO - 
mIOU:0.49,0.49,0.49,0.5,0.52,0.53,0.52,0.54,0.54,0.56
precision:nan,nan,0.02,0.05,0.12,0.14,0.12,0.16,0.16,0.2
recall:0.0,0.0,0.0,0.07,0.21,0.37,0.46,0.43,0.55,0.51
F1score:nan,nan,0.0,0.06,0.16,0.2,0.19,0.24,0.24,0.28
2022-12-21 14:45:31,452 - INFO - confusionMatrix:[[10287093.   409694.]
 [  101464.   107349.]]
2022-12-21 14:45:31,454 - INFO - Test loss: 0.7609,mIOU:0.56,precision:0.21,recall:0.51,F1score:0.30
2022-12-21 14:45:31,454 - INFO - 
mIOU:0.49,0.49,0.49,0.5,0.52,0.53,0.52,0.54,0.54,0.56,0.56
precision:nan,nan,0.02,0.05,0.12,0.14,0.12,0.16,0.16,0.2,0.21
recall:0.0,0.0,0.0,0.07,0.21,0.37,0.46,0.43,0.55,0.51,0.51
F1score:nan,nan,0.0,0.06,0.16,0.2,0.19,0.24,0.24,0.28,0.3
2022-12-21 14:46:40,601 - INFO - confusionMatrix:[[10303401.   393386.]
 [   98127.   110686.]]
2022-12-21 14:46:40,602 - INFO - Test loss: 0.7436,mIOU:0.57,precision:0.22,recall:0.53,F1score:0.31
2022-12-21 14:46:40,602 - INFO - 
mIOU:0.49,0.49,0.49,0.5,0.52,0.53,0.52,0.54,0.54,0.56,0.56,0.57
precision:nan,nan,0.02,0.05,0.12,0.14,0.12,0.16,0.16,0.2,0.21,0.22
recall:0.0,0.0,0.0,0.07,0.21,0.37,0.46,0.43,0.55,0.51,0.51,0.53
F1score:nan,nan,0.0,0.06,0.16,0.2,0.19,0.24,0.24,0.28,0.3,0.31
2022-12-21 14:47:52,455 - INFO - confusionMatrix:[[10252371.   444416.]
 [   83146.   125667.]]
2022-12-21 14:47:52,457 - INFO - Test loss: 0.7201,mIOU:0.57,precision:0.22,recall:0.60,F1score:0.32
2022-12-21 14:47:52,457 - INFO - 
mIOU:0.49,0.49,0.49,0.5,0.52,0.53,0.52,0.54,0.54,0.56,0.56,0.57,0.57
precision:nan,nan,0.02,0.05,0.12,0.14,0.12,0.16,0.16,0.2,0.21,0.22,0.22
recall:0.0,0.0,0.0,0.07,0.21,0.37,0.46,0.43,0.55,0.51,0.51,0.53,0.6
F1score:nan,nan,0.0,0.06,0.16,0.2,0.19,0.24,0.24,0.28,0.3,0.31,0.32
2022-12-21 14:49:03,059 - INFO - confusionMatrix:[[10343082.   353705.]
 [   92024.   116789.]]
2022-12-21 14:49:03,060 - INFO - Test loss: 0.6973,mIOU:0.58,precision:0.25,recall:0.56,F1score:0.34
2022-12-21 14:49:03,060 - INFO - 
mIOU:0.49,0.49,0.49,0.5,0.52,0.53,0.52,0.54,0.54,0.56,0.56,0.57,0.57,0.58
precision:nan,nan,0.02,0.05,0.12,0.14,0.12,0.16,0.16,0.2,0.21,0.22,0.22,0.25
recall:0.0,0.0,0.0,0.07,0.21,0.37,0.46,0.43,0.55,0.51,0.51,0.53,0.6,0.56
F1score:nan,nan,0.0,0.06,0.16,0.2,0.19,0.24,0.24,0.28,0.3,0.31,0.32,0.34
2022-12-21 14:50:14,398 - INFO - confusionMatrix:[[10429503.   267284.]
 [   98528.   110285.]]
2022-12-21 14:50:14,399 - INFO - Test loss: 0.6643,mIOU:0.60,precision:0.29,recall:0.53,F1score:0.38
2022-12-21 14:50:14,399 - INFO - 
mIOU:0.49,0.49,0.49,0.5,0.52,0.53,0.52,0.54,0.54,0.56,0.56,0.57,0.57,0.58,0.6
precision:nan,nan,0.02,0.05,0.12,0.14,0.12,0.16,0.16,0.2,0.21,0.22,0.22,0.25,0.29
recall:0.0,0.0,0.0,0.07,0.21,0.37,0.46,0.43,0.55,0.51,0.51,0.53,0.6,0.56,0.53
F1score:nan,nan,0.0,0.06,0.16,0.2,0.19,0.24,0.24,0.28,0.3,0.31,0.32,0.34,0.38
2022-12-21 14:51:25,358 - INFO - confusionMatrix:[[10415948.   280839.]
 [   99994.   108819.]]
2022-12-21 14:51:25,359 - INFO - Test loss: 0.6706,mIOU:0.59,precision:0.28,recall:0.52,F1score:0.36
2022-12-21 14:51:25,360 - INFO - 
mIOU:0.49,0.49,0.49,0.5,0.52,0.53,0.52,0.54,0.54,0.56,0.56,0.57,0.57,0.58,0.6,0.59
precision:nan,nan,0.02,0.05,0.12,0.14,0.12,0.16,0.16,0.2,0.21,0.22,0.22,0.25,0.29,0.28
recall:0.0,0.0,0.0,0.07,0.21,0.37,0.46,0.43,0.55,0.51,0.51,0.53,0.6,0.56,0.53,0.52
F1score:nan,nan,0.0,0.06,0.16,0.2,0.19,0.24,0.24,0.28,0.3,0.31,0.32,0.34,0.38,0.36
2022-12-21 14:52:36,879 - INFO - confusionMatrix:[[10290682.   406105.]
 [   77518.   131295.]]
2022-12-21 14:52:36,882 - INFO - Test loss: 0.6747,mIOU:0.58,precision:0.24,recall:0.63,F1score:0.35
2022-12-21 14:52:36,882 - INFO - 
mIOU:0.49,0.49,0.49,0.5,0.52,0.53,0.52,0.54,0.54,0.56,0.56,0.57,0.57,0.58,0.6,0.59,0.58
precision:nan,nan,0.02,0.05,0.12,0.14,0.12,0.16,0.16,0.2,0.21,0.22,0.22,0.25,0.29,0.28,0.24
recall:0.0,0.0,0.0,0.07,0.21,0.37,0.46,0.43,0.55,0.51,0.51,0.53,0.6,0.56,0.53,0.52,0.63
F1score:nan,nan,0.0,0.06,0.16,0.2,0.19,0.24,0.24,0.28,0.3,0.31,0.32,0.34,0.38,0.36,0.35
2022-12-21 14:53:44,728 - INFO - confusionMatrix:[[10290529.   406258.]
 [   78718.   130095.]]
2022-12-21 14:53:44,730 - INFO - Test loss: 0.6773,mIOU:0.58,precision:0.24,recall:0.62,F1score:0.35
2022-12-21 14:53:44,730 - INFO - 
mIOU:0.49,0.49,0.49,0.5,0.52,0.53,0.52,0.54,0.54,0.56,0.56,0.57,0.57,0.58,0.6,0.59,0.58,0.58
precision:nan,nan,0.02,0.05,0.12,0.14,0.12,0.16,0.16,0.2,0.21,0.22,0.22,0.25,0.29,0.28,0.24,0.24
recall:0.0,0.0,0.0,0.07,0.21,0.37,0.46,0.43,0.55,0.51,0.51,0.53,0.6,0.56,0.53,0.52,0.63,0.62
F1score:nan,nan,0.0,0.06,0.16,0.2,0.19,0.24,0.24,0.28,0.3,0.31,0.32,0.34,0.38,0.36,0.35,0.35
2022-12-21 14:54:56,326 - INFO - confusionMatrix:[[10440879.   255908.]
 [   89316.   119497.]]
2022-12-21 14:54:56,328 - INFO - Test loss: 0.6286,mIOU:0.61,precision:0.32,recall:0.57,F1score:0.41
2022-12-21 14:54:56,328 - INFO - 
mIOU:0.49,0.49,0.49,0.5,0.52,0.53,0.52,0.54,0.54,0.56,0.56,0.57,0.57,0.58,0.6,0.59,0.58,0.58,0.61
precision:nan,nan,0.02,0.05,0.12,0.14,0.12,0.16,0.16,0.2,0.21,0.22,0.22,0.25,0.29,0.28,0.24,0.24,0.32
recall:0.0,0.0,0.0,0.07,0.21,0.37,0.46,0.43,0.55,0.51,0.51,0.53,0.6,0.56,0.53,0.52,0.63,0.62,0.57
F1score:nan,nan,0.0,0.06,0.16,0.2,0.19,0.24,0.24,0.28,0.3,0.31,0.32,0.34,0.38,0.36,0.35,0.35,0.41
2022-12-21 14:56:08,869 - INFO - confusionMatrix:[[10382659.   314128.]
 [   82464.   126349.]]
2022-12-21 14:56:08,870 - INFO - Test loss: 0.6390,mIOU:0.60,precision:0.29,recall:0.61,F1score:0.39
2022-12-21 14:56:08,870 - INFO - 
mIOU:0.49,0.49,0.49,0.5,0.52,0.53,0.52,0.54,0.54,0.56,0.56,0.57,0.57,0.58,0.6,0.59,0.58,0.58,0.61,0.6
precision:nan,nan,0.02,0.05,0.12,0.14,0.12,0.16,0.16,0.2,0.21,0.22,0.22,0.25,0.29,0.28,0.24,0.24,0.32,0.29
recall:0.0,0.0,0.0,0.07,0.21,0.37,0.46,0.43,0.55,0.51,0.51,0.53,0.6,0.56,0.53,0.52,0.63,0.62,0.57,0.61
F1score:nan,nan,0.0,0.06,0.16,0.2,0.19,0.24,0.24,0.28,0.3,0.31,0.32,0.34,0.38,0.36,0.35,0.35,0.41,0.39
