2022-12-21 14:27:40,977 - INFO - confusionMatrix:[[10696787.        0.]
 [  208813.        0.]]
2022-12-21 14:27:40,980 - INFO - Test loss: 0.9633,mIOU:0.49,precision:nan,recall:0.00,F1score:nan
2022-12-21 14:27:40,980 - INFO - 
mIOU:0.49
precision:nan
recall:0.0
F1score:nan
2022-12-21 14:27:57,008 - INFO - confusionMatrix:[[3588815. 7107972.]
 [  44366.  164447.]]
2022-12-21 14:27:57,010 - INFO - Test loss: 0.9588,mIOU:0.18,precision:0.02,recall:0.79,F1score:0.04
2022-12-21 14:27:57,010 - INFO - 
mIOU:0.49,0.18
precision:nan,0.02
recall:0.0,0.79
F1score:nan,0.04
2022-12-21 14:28:12,342 - INFO - confusionMatrix:[[1.0691158e+07 5.6290000e+03]
 [2.0881100e+05 2.0000000e+00]]
2022-12-21 14:28:12,343 - INFO - Test loss: 0.9659,mIOU:0.49,precision:0.00,recall:0.00,F1score:0.00
2022-12-21 14:28:12,343 - INFO - 
mIOU:0.49,0.18,0.49
precision:nan,0.02,0.0
recall:0.0,0.79,0.0
F1score:nan,0.04,0.0
2022-12-21 14:28:27,922 - INFO - confusionMatrix:[[9363636. 1333151.]
 [ 139564.   69249.]]
2022-12-21 14:28:27,924 - INFO - Test loss: 0.9422,mIOU:0.45,precision:0.05,recall:0.33,F1score:0.09
2022-12-21 14:28:27,924 - INFO - 
mIOU:0.49,0.18,0.49,0.45
precision:nan,0.02,0.0,0.05
recall:0.0,0.79,0.0,0.33
F1score:nan,0.04,0.0,0.09
2022-12-21 14:28:43,450 - INFO - confusionMatrix:[[5069572. 5627215.]
 [  89187.  119626.]]
2022-12-21 14:28:43,452 - INFO - Test loss: 0.9587,mIOU:0.25,precision:0.02,recall:0.57,F1score:0.04
2022-12-21 14:28:43,453 - INFO - 
mIOU:0.49,0.18,0.49,0.45,0.25
precision:nan,0.02,0.0,0.05,0.02
recall:0.0,0.79,0.0,0.33,0.57
F1score:nan,0.04,0.0,0.09,0.04
2022-12-21 14:28:59,239 - INFO - confusionMatrix:[[7702163. 2994624.]
 [  97976.  110837.]]
2022-12-21 14:28:59,241 - INFO - Test loss: 0.9413,mIOU:0.37,precision:0.04,recall:0.53,F1score:0.07
2022-12-21 14:28:59,241 - INFO - 
mIOU:0.49,0.18,0.49,0.45,0.25,0.37
precision:nan,0.02,0.0,0.05,0.02,0.04
recall:0.0,0.79,0.0,0.33,0.57,0.53
F1score:nan,0.04,0.0,0.09,0.04,0.07
2022-12-21 14:29:15,341 - INFO - confusionMatrix:[[9885301.  811486.]
 [ 130845.   77968.]]
2022-12-21 14:29:15,342 - INFO - Test loss: 0.9099,mIOU:0.49,precision:0.09,recall:0.37,F1score:0.14
2022-12-21 14:29:15,343 - INFO - 
mIOU:0.49,0.18,0.49,0.45,0.25,0.37,0.49
precision:nan,0.02,0.0,0.05,0.02,0.04,0.09
recall:0.0,0.79,0.0,0.33,0.57,0.53,0.37
F1score:nan,0.04,0.0,0.09,0.04,0.07,0.14
2022-12-21 14:29:30,742 - INFO - confusionMatrix:[[10286748.   410039.]
 [  172700.    36113.]]
2022-12-21 14:29:30,743 - INFO - Test loss: 0.9310,mIOU:0.50,precision:0.08,recall:0.17,F1score:0.11
2022-12-21 14:29:30,744 - INFO - 
mIOU:0.49,0.18,0.49,0.45,0.25,0.37,0.49,0.5
precision:nan,0.02,0.0,0.05,0.02,0.04,0.09,0.08
recall:0.0,0.79,0.0,0.33,0.57,0.53,0.37,0.17
F1score:nan,0.04,0.0,0.09,0.04,0.07,0.14,0.11
2022-12-21 14:29:46,781 - INFO - confusionMatrix:[[10519794.   176993.]
 [  167973.    40840.]]
2022-12-21 14:29:46,783 - INFO - Test loss: 0.8696,mIOU:0.54,precision:0.19,recall:0.20,F1score:0.19
2022-12-21 14:29:46,783 - INFO - 
mIOU:0.49,0.18,0.49,0.45,0.25,0.37,0.49,0.5,0.54
precision:nan,0.02,0.0,0.05,0.02,0.04,0.09,0.08,0.19
recall:0.0,0.79,0.0,0.33,0.57,0.53,0.37,0.17,0.2
F1score:nan,0.04,0.0,0.09,0.04,0.07,0.14,0.11,0.19
2022-12-21 14:30:01,938 - INFO - confusionMatrix:[[10204173.   492614.]
 [  139415.    69398.]]
2022-12-21 14:30:01,939 - INFO - Test loss: 0.8413,mIOU:0.52,precision:0.12,recall:0.33,F1score:0.18
2022-12-21 14:30:01,939 - INFO - 
mIOU:0.49,0.18,0.49,0.45,0.25,0.37,0.49,0.5,0.54,0.52
precision:nan,0.02,0.0,0.05,0.02,0.04,0.09,0.08,0.19,0.12
recall:0.0,0.79,0.0,0.33,0.57,0.53,0.37,0.17,0.2,0.33
F1score:nan,0.04,0.0,0.09,0.04,0.07,0.14,0.11,0.19,0.18
2022-12-21 14:30:18,317 - INFO - confusionMatrix:[[9872900.  823887.]
 [ 119466.   89347.]]
2022-12-21 14:30:18,319 - INFO - Test loss: 0.8548,mIOU:0.50,precision:0.10,recall:0.43,F1score:0.16
2022-12-21 14:30:18,319 - INFO - 
mIOU:0.49,0.18,0.49,0.45,0.25,0.37,0.49,0.5,0.54,0.52,0.5
precision:nan,0.02,0.0,0.05,0.02,0.04,0.09,0.08,0.19,0.12,0.1
recall:0.0,0.79,0.0,0.33,0.57,0.53,0.37,0.17,0.2,0.33,0.43
F1score:nan,0.04,0.0,0.09,0.04,0.07,0.14,0.11,0.19,0.18,0.16
2022-12-21 14:30:34,639 - INFO - confusionMatrix:[[9368057. 1328730.]
 [ 101427.  107386.]]
2022-12-21 14:30:34,640 - INFO - Test loss: 0.8733,mIOU:0.47,precision:0.07,recall:0.51,F1score:0.13
2022-12-21 14:30:34,641 - INFO - 
mIOU:0.49,0.18,0.49,0.45,0.25,0.37,0.49,0.5,0.54,0.52,0.5,0.47
precision:nan,0.02,0.0,0.05,0.02,0.04,0.09,0.08,0.19,0.12,0.1,0.07
recall:0.0,0.79,0.0,0.33,0.57,0.53,0.37,0.17,0.2,0.33,0.43,0.51
F1score:nan,0.04,0.0,0.09,0.04,0.07,0.14,0.11,0.19,0.18,0.16,0.13
2022-12-21 14:30:49,848 - INFO - confusionMatrix:[[10547534.   149253.]
 [  163238.    45575.]]
2022-12-21 14:30:49,850 - INFO - Test loss: 0.7939,mIOU:0.55,precision:0.23,recall:0.22,F1score:0.23
2022-12-21 14:30:49,850 - INFO - 
mIOU:0.49,0.18,0.49,0.45,0.25,0.37,0.49,0.5,0.54,0.52,0.5,0.47,0.55
precision:nan,0.02,0.0,0.05,0.02,0.04,0.09,0.08,0.19,0.12,0.1,0.07,0.23
recall:0.0,0.79,0.0,0.33,0.57,0.53,0.37,0.17,0.2,0.33,0.43,0.51,0.22
F1score:nan,0.04,0.0,0.09,0.04,0.07,0.14,0.11,0.19,0.18,0.16,0.13,0.23
2022-12-21 14:31:04,799 - INFO - confusionMatrix:[[10548683.   148104.]
 [  158740.    50073.]]
2022-12-21 14:31:04,800 - INFO - Test loss: 0.7604,mIOU:0.56,precision:0.25,recall:0.24,F1score:0.25
2022-12-21 14:31:04,800 - INFO - 
mIOU:0.49,0.18,0.49,0.45,0.25,0.37,0.49,0.5,0.54,0.52,0.5,0.47,0.55,0.56
precision:nan,0.02,0.0,0.05,0.02,0.04,0.09,0.08,0.19,0.12,0.1,0.07,0.23,0.25
recall:0.0,0.79,0.0,0.33,0.57,0.53,0.37,0.17,0.2,0.33,0.43,0.51,0.22,0.24
F1score:nan,0.04,0.0,0.09,0.04,0.07,0.14,0.11,0.19,0.18,0.16,0.13,0.23,0.25
2022-12-21 14:31:19,869 - INFO - confusionMatrix:[[10634356.    62431.]
 [  194674.    14139.]]
2022-12-21 14:31:19,870 - INFO - Test loss: 0.9005,mIOU:0.51,precision:0.18,recall:0.07,F1score:0.10
2022-12-21 14:31:19,870 - INFO - 
mIOU:0.49,0.18,0.49,0.45,0.25,0.37,0.49,0.5,0.54,0.52,0.5,0.47,0.55,0.56,0.51
precision:nan,0.02,0.0,0.05,0.02,0.04,0.09,0.08,0.19,0.12,0.1,0.07,0.23,0.25,0.18
recall:0.0,0.79,0.0,0.33,0.57,0.53,0.37,0.17,0.2,0.33,0.43,0.51,0.22,0.24,0.07
F1score:nan,0.04,0.0,0.09,0.04,0.07,0.14,0.11,0.19,0.18,0.16,0.13,0.23,0.25,0.1
2022-12-21 14:31:34,897 - INFO - confusionMatrix:[[10293586.   403201.]
 [  169799.    39014.]]
2022-12-21 14:31:34,899 - INFO - Test loss: 0.8833,mIOU:0.51,precision:0.09,recall:0.19,F1score:0.12
2022-12-21 14:31:34,899 - INFO - 
mIOU:0.49,0.18,0.49,0.45,0.25,0.37,0.49,0.5,0.54,0.52,0.5,0.47,0.55,0.56,0.51,0.51
precision:nan,0.02,0.0,0.05,0.02,0.04,0.09,0.08,0.19,0.12,0.1,0.07,0.23,0.25,0.18,0.09
recall:0.0,0.79,0.0,0.33,0.57,0.53,0.37,0.17,0.2,0.33,0.43,0.51,0.22,0.24,0.07,0.19
F1score:nan,0.04,0.0,0.09,0.04,0.07,0.14,0.11,0.19,0.18,0.16,0.13,0.23,0.25,0.1,0.12
2022-12-21 14:31:50,576 - INFO - confusionMatrix:[[1.0686459e+07 1.0328000e+04]
 [2.0320600e+05 5.6070000e+03]]
2022-12-21 14:31:50,578 - INFO - Test loss: 0.9500,mIOU:0.50,precision:0.35,recall:0.03,F1score:0.05
2022-12-21 14:31:50,578 - INFO - 
mIOU:0.49,0.18,0.49,0.45,0.25,0.37,0.49,0.5,0.54,0.52,0.5,0.47,0.55,0.56,0.51,0.51,0.5
precision:nan,0.02,0.0,0.05,0.02,0.04,0.09,0.08,0.19,0.12,0.1,0.07,0.23,0.25,0.18,0.09,0.35
recall:0.0,0.79,0.0,0.33,0.57,0.53,0.37,0.17,0.2,0.33,0.43,0.51,0.22,0.24,0.07,0.19,0.03
F1score:nan,0.04,0.0,0.09,0.04,0.07,0.14,0.11,0.19,0.18,0.16,0.13,0.23,0.25,0.1,0.12,0.05
2022-12-21 14:32:05,767 - INFO - confusionMatrix:[[10623491.    73296.]
 [  187859.    20954.]]
2022-12-21 14:32:05,769 - INFO - Test loss: 0.8562,mIOU:0.53,precision:0.22,recall:0.10,F1score:0.14
2022-12-21 14:32:05,769 - INFO - 
mIOU:0.49,0.18,0.49,0.45,0.25,0.37,0.49,0.5,0.54,0.52,0.5,0.47,0.55,0.56,0.51,0.51,0.5,0.53
precision:nan,0.02,0.0,0.05,0.02,0.04,0.09,0.08,0.19,0.12,0.1,0.07,0.23,0.25,0.18,0.09,0.35,0.22
recall:0.0,0.79,0.0,0.33,0.57,0.53,0.37,0.17,0.2,0.33,0.43,0.51,0.22,0.24,0.07,0.19,0.03,0.1
F1score:nan,0.04,0.0,0.09,0.04,0.07,0.14,0.11,0.19,0.18,0.16,0.13,0.23,0.25,0.1,0.12,0.05,0.14
2022-12-21 14:32:21,561 - INFO - confusionMatrix:[[10627076.    69711.]
 [  187099.    21714.]]
2022-12-21 14:32:21,562 - INFO - Test loss: 0.8580,mIOU:0.53,precision:0.24,recall:0.10,F1score:0.14
2022-12-21 14:32:21,563 - INFO - 
mIOU:0.49,0.18,0.49,0.45,0.25,0.37,0.49,0.5,0.54,0.52,0.5,0.47,0.55,0.56,0.51,0.51,0.5,0.53,0.53
precision:nan,0.02,0.0,0.05,0.02,0.04,0.09,0.08,0.19,0.12,0.1,0.07,0.23,0.25,0.18,0.09,0.35,0.22,0.24
recall:0.0,0.79,0.0,0.33,0.57,0.53,0.37,0.17,0.2,0.33,0.43,0.51,0.22,0.24,0.07,0.19,0.03,0.1,0.1
F1score:nan,0.04,0.0,0.09,0.04,0.07,0.14,0.11,0.19,0.18,0.16,0.13,0.23,0.25,0.1,0.12,0.05,0.14,0.14
2022-12-21 14:32:37,296 - INFO - confusionMatrix:[[10045687.   651100.]
 [  135088.    73725.]]
2022-12-21 14:32:37,298 - INFO - Test loss: 0.8617,mIOU:0.51,precision:0.10,recall:0.35,F1score:0.16
2022-12-21 14:32:37,298 - INFO - 
mIOU:0.49,0.18,0.49,0.45,0.25,0.37,0.49,0.5,0.54,0.52,0.5,0.47,0.55,0.56,0.51,0.51,0.5,0.53,0.53,0.51
precision:nan,0.02,0.0,0.05,0.02,0.04,0.09,0.08,0.19,0.12,0.1,0.07,0.23,0.25,0.18,0.09,0.35,0.22,0.24,0.1
recall:0.0,0.79,0.0,0.33,0.57,0.53,0.37,0.17,0.2,0.33,0.43,0.51,0.22,0.24,0.07,0.19,0.03,0.1,0.1,0.35
F1score:nan,0.04,0.0,0.09,0.04,0.07,0.14,0.11,0.19,0.18,0.16,0.13,0.23,0.25,0.1,0.12,0.05,0.14,0.14,0.16
