2022-12-21 14:21:36,785 - INFO - confusionMatrix:[[10696787.        0.]
 [  208813.        0.]]
2022-12-21 14:21:36,788 - INFO - Test loss: 0.9634,mIOU:0.49,precision:nan,recall:0.00,F1score:nan
2022-12-21 14:21:36,788 - INFO - 
mIOU:0.49
precision:nan
recall:0.0
F1score:nan
2022-12-21 14:21:51,969 - INFO - confusionMatrix:[[10696787.        0.]
 [  208813.        0.]]
2022-12-21 14:21:51,970 - INFO - Test loss: 0.9676,mIOU:0.49,precision:nan,recall:0.00,F1score:nan
2022-12-21 14:21:51,970 - INFO - 
mIOU:0.49,0.49
precision:nan,nan
recall:0.0,0.0
F1score:nan,nan
2022-12-21 14:22:07,346 - INFO - confusionMatrix:[[1.0687551e+07 9.2360000e+03]
 [2.0871800e+05 9.5000000e+01]]
2022-12-21 14:22:07,348 - INFO - Test loss: 0.9690,mIOU:0.49,precision:0.01,recall:0.00,F1score:0.00
2022-12-21 14:22:07,348 - INFO - 
mIOU:0.49,0.49,0.49
precision:nan,nan,0.01
recall:0.0,0.0,0.0
F1score:nan,nan,0.0
2022-12-21 14:22:22,146 - INFO - confusionMatrix:[[1.040846e+07 2.883270e+05]
 [2.027260e+05 6.087000e+03]]
2022-12-21 14:22:22,148 - INFO - Test loss: 0.9667,mIOU:0.48,precision:0.02,recall:0.03,F1score:0.02
2022-12-21 14:22:22,151 - INFO - 
mIOU:0.49,0.49,0.49,0.48
precision:nan,nan,0.01,0.02
recall:0.0,0.0,0.0,0.03
F1score:nan,nan,0.0,0.02
2022-12-21 14:22:37,463 - INFO - confusionMatrix:[[10312390.   384397.]
 [  171795.    37018.]]
2022-12-21 14:22:37,465 - INFO - Test loss: 0.9391,mIOU:0.51,precision:0.09,recall:0.18,F1score:0.12
2022-12-21 14:22:37,465 - INFO - 
mIOU:0.49,0.49,0.49,0.48,0.51
precision:nan,nan,0.01,0.02,0.09
recall:0.0,0.0,0.0,0.03,0.18
F1score:nan,nan,0.0,0.02,0.12
2022-12-21 14:22:52,709 - INFO - confusionMatrix:[[9906479.  790308.]
 [ 136783.   72030.]]
2022-12-21 14:22:52,711 - INFO - Test loss: 0.9217,mIOU:0.49,precision:0.08,recall:0.34,F1score:0.13
2022-12-21 14:22:52,711 - INFO - 
mIOU:0.49,0.49,0.49,0.48,0.51,0.49
precision:nan,nan,0.01,0.02,0.09,0.08
recall:0.0,0.0,0.0,0.03,0.18,0.34
F1score:nan,nan,0.0,0.02,0.12,0.13
2022-12-21 14:23:08,482 - INFO - confusionMatrix:[[9317640. 1379147.]
 [  93633.  115180.]]
2022-12-21 14:23:08,484 - INFO - Test loss: 0.9105,mIOU:0.47,precision:0.08,recall:0.55,F1score:0.14
2022-12-21 14:23:08,484 - INFO - 
mIOU:0.49,0.49,0.49,0.48,0.51,0.49,0.47
precision:nan,nan,0.01,0.02,0.09,0.08,0.08
recall:0.0,0.0,0.0,0.03,0.18,0.34,0.55
F1score:nan,nan,0.0,0.02,0.12,0.13,0.14
2022-12-21 14:23:24,473 - INFO - confusionMatrix:[[10216152.   480635.]
 [  137134.    71679.]]
2022-12-21 14:23:24,475 - INFO - Test loss: 0.9025,mIOU:0.52,precision:0.13,recall:0.34,F1score:0.19
2022-12-21 14:23:24,475 - INFO - 
mIOU:0.49,0.49,0.49,0.48,0.51,0.49,0.47,0.52
precision:nan,nan,0.01,0.02,0.09,0.08,0.08,0.13
recall:0.0,0.0,0.0,0.03,0.18,0.34,0.55,0.34
F1score:nan,nan,0.0,0.02,0.12,0.13,0.14,0.19
2022-12-21 14:23:39,676 - INFO - confusionMatrix:[[10218704.   478083.]
 [  123035.    85778.]]
2022-12-21 14:23:39,677 - INFO - Test loss: 0.8777,mIOU:0.53,precision:0.15,recall:0.41,F1score:0.22
2022-12-21 14:23:39,678 - INFO - 
mIOU:0.49,0.49,0.49,0.48,0.51,0.49,0.47,0.52,0.53
precision:nan,nan,0.01,0.02,0.09,0.08,0.08,0.13,0.15
recall:0.0,0.0,0.0,0.03,0.18,0.34,0.55,0.34,0.41
F1score:nan,nan,0.0,0.02,0.12,0.13,0.14,0.19,0.22
2022-12-21 14:23:56,073 - INFO - confusionMatrix:[[10218988.   477799.]
 [  125856.    82957.]]
2022-12-21 14:23:56,074 - INFO - Test loss: 0.8747,mIOU:0.53,precision:0.15,recall:0.40,F1score:0.22
2022-12-21 14:23:56,074 - INFO - 
mIOU:0.49,0.49,0.49,0.48,0.51,0.49,0.47,0.52,0.53,0.53
precision:nan,nan,0.01,0.02,0.09,0.08,0.08,0.13,0.15,0.15
recall:0.0,0.0,0.0,0.03,0.18,0.34,0.55,0.34,0.41,0.4
F1score:nan,nan,0.0,0.02,0.12,0.13,0.14,0.19,0.22,0.22
2022-12-21 14:24:11,571 - INFO - confusionMatrix:[[9279078. 1417709.]
 [  76550.  132263.]]
2022-12-21 14:24:11,573 - INFO - Test loss: 0.8763,mIOU:0.47,precision:0.09,recall:0.63,F1score:0.15
2022-12-21 14:24:11,574 - INFO - 
mIOU:0.49,0.49,0.49,0.48,0.51,0.49,0.47,0.52,0.53,0.53,0.47
precision:nan,nan,0.01,0.02,0.09,0.08,0.08,0.13,0.15,0.15,0.09
recall:0.0,0.0,0.0,0.03,0.18,0.34,0.55,0.34,0.41,0.4,0.63
F1score:nan,nan,0.0,0.02,0.12,0.13,0.14,0.19,0.22,0.22,0.15
2022-12-21 14:24:28,243 - INFO - confusionMatrix:[[10053695.   643092.]
 [  112826.    95987.]]
2022-12-21 14:24:28,245 - INFO - Test loss: 0.8460,mIOU:0.52,precision:0.13,recall:0.46,F1score:0.20
2022-12-21 14:24:28,246 - INFO - 
mIOU:0.49,0.49,0.49,0.48,0.51,0.49,0.47,0.52,0.53,0.53,0.47,0.52
precision:nan,nan,0.01,0.02,0.09,0.08,0.08,0.13,0.15,0.15,0.09,0.13
recall:0.0,0.0,0.0,0.03,0.18,0.34,0.55,0.34,0.41,0.4,0.63,0.46
F1score:nan,nan,0.0,0.02,0.12,0.13,0.14,0.19,0.22,0.22,0.15,0.2
2022-12-21 14:24:44,980 - INFO - confusionMatrix:[[9323584. 1373203.]
 [  71091.  137722.]]
2022-12-21 14:24:44,982 - INFO - Test loss: 0.8543,mIOU:0.48,precision:0.09,recall:0.66,F1score:0.16
2022-12-21 14:24:44,982 - INFO - 
mIOU:0.49,0.49,0.49,0.48,0.51,0.49,0.47,0.52,0.53,0.53,0.47,0.52,0.48
precision:nan,nan,0.01,0.02,0.09,0.08,0.08,0.13,0.15,0.15,0.09,0.13,0.09
recall:0.0,0.0,0.0,0.03,0.18,0.34,0.55,0.34,0.41,0.4,0.63,0.46,0.66
F1score:nan,nan,0.0,0.02,0.12,0.13,0.14,0.19,0.22,0.22,0.15,0.2,0.16
2022-12-21 14:25:01,287 - INFO - confusionMatrix:[[10561752.   135035.]
 [  154455.    54358.]]
2022-12-21 14:25:01,288 - INFO - Test loss: 0.8019,mIOU:0.57,precision:0.29,recall:0.26,F1score:0.27
2022-12-21 14:25:01,289 - INFO - 
mIOU:0.49,0.49,0.49,0.48,0.51,0.49,0.47,0.52,0.53,0.53,0.47,0.52,0.48,0.57
precision:nan,nan,0.01,0.02,0.09,0.08,0.08,0.13,0.15,0.15,0.09,0.13,0.09,0.29
recall:0.0,0.0,0.0,0.03,0.18,0.34,0.55,0.34,0.41,0.4,0.63,0.46,0.66,0.26
F1score:nan,nan,0.0,0.02,0.12,0.13,0.14,0.19,0.22,0.22,0.15,0.2,0.16,0.27
2022-12-21 14:25:16,873 - INFO - confusionMatrix:[[9981383.  715404.]
 [  85351.  123462.]]
2022-12-21 14:25:16,874 - INFO - Test loss: 0.7824,mIOU:0.53,precision:0.15,recall:0.59,F1score:0.24
2022-12-21 14:25:16,875 - INFO - 
mIOU:0.49,0.49,0.49,0.48,0.51,0.49,0.47,0.52,0.53,0.53,0.47,0.52,0.48,0.57,0.53
precision:nan,nan,0.01,0.02,0.09,0.08,0.08,0.13,0.15,0.15,0.09,0.13,0.09,0.29,0.15
recall:0.0,0.0,0.0,0.03,0.18,0.34,0.55,0.34,0.41,0.4,0.63,0.46,0.66,0.26,0.59
F1score:nan,nan,0.0,0.02,0.12,0.13,0.14,0.19,0.22,0.22,0.15,0.2,0.16,0.27,0.24
2022-12-21 14:25:32,556 - INFO - confusionMatrix:[[10459667.   237120.]
 [  122650.    86163.]]
2022-12-21 14:25:32,557 - INFO - Test loss: 0.7113,mIOU:0.58,precision:0.27,recall:0.41,F1score:0.32
2022-12-21 14:25:32,557 - INFO - 
mIOU:0.49,0.49,0.49,0.48,0.51,0.49,0.47,0.52,0.53,0.53,0.47,0.52,0.48,0.57,0.53,0.58
precision:nan,nan,0.01,0.02,0.09,0.08,0.08,0.13,0.15,0.15,0.09,0.13,0.09,0.29,0.15,0.27
recall:0.0,0.0,0.0,0.03,0.18,0.34,0.55,0.34,0.41,0.4,0.63,0.46,0.66,0.26,0.59,0.41
F1score:nan,nan,0.0,0.02,0.12,0.13,0.14,0.19,0.22,0.22,0.15,0.2,0.16,0.27,0.24,0.32
2022-12-21 14:25:48,170 - INFO - confusionMatrix:[[10412822.   283965.]
 [  108647.   100166.]]
2022-12-21 14:25:48,172 - INFO - Test loss: 0.7009,mIOU:0.58,precision:0.26,recall:0.48,F1score:0.34
2022-12-21 14:25:48,173 - INFO - 
mIOU:0.49,0.49,0.49,0.48,0.51,0.49,0.47,0.52,0.53,0.53,0.47,0.52,0.48,0.57,0.53,0.58,0.58
precision:nan,nan,0.01,0.02,0.09,0.08,0.08,0.13,0.15,0.15,0.09,0.13,0.09,0.29,0.15,0.27,0.26
recall:0.0,0.0,0.0,0.03,0.18,0.34,0.55,0.34,0.41,0.4,0.63,0.46,0.66,0.26,0.59,0.41,0.48
F1score:nan,nan,0.0,0.02,0.12,0.13,0.14,0.19,0.22,0.22,0.15,0.2,0.16,0.27,0.24,0.32,0.34
2022-12-21 14:26:05,189 - INFO - confusionMatrix:[[10434961.   261826.]
 [  113616.    95197.]]
2022-12-21 14:26:05,191 - INFO - Test loss: 0.7038,mIOU:0.58,precision:0.27,recall:0.46,F1score:0.34
2022-12-21 14:26:05,192 - INFO - 
mIOU:0.49,0.49,0.49,0.48,0.51,0.49,0.47,0.52,0.53,0.53,0.47,0.52,0.48,0.57,0.53,0.58,0.58,0.58
precision:nan,nan,0.01,0.02,0.09,0.08,0.08,0.13,0.15,0.15,0.09,0.13,0.09,0.29,0.15,0.27,0.26,0.27
recall:0.0,0.0,0.0,0.03,0.18,0.34,0.55,0.34,0.41,0.4,0.63,0.46,0.66,0.26,0.59,0.41,0.48,0.46
F1score:nan,nan,0.0,0.02,0.12,0.13,0.14,0.19,0.22,0.22,0.15,0.2,0.16,0.27,0.24,0.32,0.34,0.34
2022-12-21 14:26:22,067 - INFO - confusionMatrix:[[10617693.    79094.]
 [  152033.    56780.]]
2022-12-21 14:26:22,069 - INFO - Test loss: 0.7051,mIOU:0.59,precision:0.42,recall:0.27,F1score:0.33
2022-12-21 14:26:22,069 - INFO - 
mIOU:0.49,0.49,0.49,0.48,0.51,0.49,0.47,0.52,0.53,0.53,0.47,0.52,0.48,0.57,0.53,0.58,0.58,0.58,0.59
precision:nan,nan,0.01,0.02,0.09,0.08,0.08,0.13,0.15,0.15,0.09,0.13,0.09,0.29,0.15,0.27,0.26,0.27,0.42
recall:0.0,0.0,0.0,0.03,0.18,0.34,0.55,0.34,0.41,0.4,0.63,0.46,0.66,0.26,0.59,0.41,0.48,0.46,0.27
F1score:nan,nan,0.0,0.02,0.12,0.13,0.14,0.19,0.22,0.22,0.15,0.2,0.16,0.27,0.24,0.32,0.34,0.34,0.33
2022-12-21 14:26:37,671 - INFO - confusionMatrix:[[8767323. 1929464.]
 [  51174.  157639.]]
2022-12-21 14:26:37,673 - INFO - Test loss: 0.8610,mIOU:0.44,precision:0.08,recall:0.75,F1score:0.14
2022-12-21 14:26:37,673 - INFO - 
mIOU:0.49,0.49,0.49,0.48,0.51,0.49,0.47,0.52,0.53,0.53,0.47,0.52,0.48,0.57,0.53,0.58,0.58,0.58,0.59,0.44
precision:nan,nan,0.01,0.02,0.09,0.08,0.08,0.13,0.15,0.15,0.09,0.13,0.09,0.29,0.15,0.27,0.26,0.27,0.42,0.08
recall:0.0,0.0,0.0,0.03,0.18,0.34,0.55,0.34,0.41,0.4,0.63,0.46,0.66,0.26,0.59,0.41,0.48,0.46,0.27,0.75
F1score:nan,nan,0.0,0.02,0.12,0.13,0.14,0.19,0.22,0.22,0.15,0.2,0.16,0.27,0.24,0.32,0.34,0.34,0.33,0.14
