2022-12-21 17:35:37,045 - INFO - confusionMatrix:[[9570098. 1126689.]
 [  90440.  118373.]]
2022-12-21 17:35:37,046 - INFO - Test loss: 0.8924,mIOU:0.49,precision:0.10,recall:0.57,F1score:0.16
2022-12-21 17:35:37,046 - INFO - 
mIOU:0.49
precision:0.1
recall:0.57
F1score:0.16
2022-12-21 17:37:00,114 - INFO - confusionMatrix:[[10142164.   554623.]
 [   75477.   133336.]]
2022-12-21 17:37:00,116 - INFO - Test loss: 0.7265,mIOU:0.56,precision:0.19,recall:0.64,F1score:0.30
2022-12-21 17:37:00,117 - INFO - 
mIOU:0.49,0.56
precision:0.1,0.19
recall:0.57,0.64
F1score:0.16,0.3
2022-12-21 17:38:23,409 - INFO - confusionMatrix:[[9994135.  702652.]
 [  67767.  141046.]]
2022-12-21 17:38:23,411 - INFO - Test loss: 0.7468,mIOU:0.54,precision:0.17,recall:0.68,F1score:0.27
2022-12-21 17:38:23,411 - INFO - 
mIOU:0.49,0.56,0.54
precision:0.1,0.19,0.17
recall:0.57,0.64,0.68
F1score:0.16,0.3,0.27
2022-12-21 17:39:46,889 - INFO - confusionMatrix:[[10394218.   302569.]
 [   78040.   130773.]]
2022-12-21 17:39:46,890 - INFO - Test loss: 0.6103,mIOU:0.61,precision:0.30,recall:0.63,F1score:0.41
2022-12-21 17:39:46,891 - INFO - 
mIOU:0.49,0.56,0.54,0.61
precision:0.1,0.19,0.17,0.3
recall:0.57,0.64,0.68,0.63
F1score:0.16,0.3,0.27,0.41
2022-12-21 17:41:10,079 - INFO - confusionMatrix:[[10579409.   117378.]
 [  107266.   101547.]]
2022-12-21 17:41:10,081 - INFO - Test loss: 0.5540,mIOU:0.65,precision:0.46,recall:0.49,F1score:0.47
2022-12-21 17:41:10,081 - INFO - 
mIOU:0.49,0.56,0.54,0.61,0.65
precision:0.1,0.19,0.17,0.3,0.46
recall:0.57,0.64,0.68,0.63,0.49
F1score:0.16,0.3,0.27,0.41,0.47
2022-12-21 17:42:32,519 - INFO - confusionMatrix:[[10550086.   146701.]
 [   95204.   113609.]]
2022-12-21 17:42:32,521 - INFO - Test loss: 0.5423,mIOU:0.65,precision:0.44,recall:0.54,F1score:0.48
2022-12-21 17:42:32,521 - INFO - 
mIOU:0.49,0.56,0.54,0.61,0.65,0.65
precision:0.1,0.19,0.17,0.3,0.46,0.44
recall:0.57,0.64,0.68,0.63,0.49,0.54
F1score:0.16,0.3,0.27,0.41,0.47,0.48
2022-12-21 17:43:55,150 - INFO - confusionMatrix:[[10544349.   152438.]
 [   97991.   110822.]]
2022-12-21 17:43:55,151 - INFO - Test loss: 0.5523,mIOU:0.64,precision:0.42,recall:0.53,F1score:0.47
2022-12-21 17:43:55,152 - INFO - 
mIOU:0.49,0.56,0.54,0.61,0.65,0.65,0.64
precision:0.1,0.19,0.17,0.3,0.46,0.44,0.42
recall:0.57,0.64,0.68,0.63,0.49,0.54,0.53
F1score:0.16,0.3,0.27,0.41,0.47,0.48,0.47
2022-12-21 17:45:17,558 - INFO - confusionMatrix:[[10566089.   130698.]
 [   99144.   109669.]]
2022-12-21 17:45:17,560 - INFO - Test loss: 0.5401,mIOU:0.65,precision:0.46,recall:0.53,F1score:0.49
2022-12-21 17:45:17,560 - INFO - 
mIOU:0.49,0.56,0.54,0.61,0.65,0.65,0.64,0.65
precision:0.1,0.19,0.17,0.3,0.46,0.44,0.42,0.46
recall:0.57,0.64,0.68,0.63,0.49,0.54,0.53,0.53
F1score:0.16,0.3,0.27,0.41,0.47,0.48,0.47,0.49
2022-12-21 17:46:40,351 - INFO - confusionMatrix:[[10541300.   155487.]
 [   94804.   114009.]]
2022-12-21 17:46:40,353 - INFO - Test loss: 0.5433,mIOU:0.64,precision:0.42,recall:0.55,F1score:0.48
2022-12-21 17:46:40,353 - INFO - 
mIOU:0.49,0.56,0.54,0.61,0.65,0.65,0.64,0.65,0.64
precision:0.1,0.19,0.17,0.3,0.46,0.44,0.42,0.46,0.42
recall:0.57,0.64,0.68,0.63,0.49,0.54,0.53,0.53,0.55
F1score:0.16,0.3,0.27,0.41,0.47,0.48,0.47,0.49,0.48
2022-12-21 17:48:03,537 - INFO - confusionMatrix:[[10589924.   106863.]
 [  112348.    96465.]]
2022-12-21 17:48:03,539 - INFO - Test loss: 0.5473,mIOU:0.64,precision:0.47,recall:0.46,F1score:0.47
2022-12-21 17:48:03,539 - INFO - 
mIOU:0.49,0.56,0.54,0.61,0.65,0.65,0.64,0.65,0.64,0.64
precision:0.1,0.19,0.17,0.3,0.46,0.44,0.42,0.46,0.42,0.47
recall:0.57,0.64,0.68,0.63,0.49,0.54,0.53,0.53,0.55,0.46
F1score:0.16,0.3,0.27,0.41,0.47,0.48,0.47,0.49,0.48,0.47
2022-12-21 17:49:26,663 - INFO - confusionMatrix:[[10550561.   146226.]
 [   93543.   115270.]]
2022-12-21 17:49:26,665 - INFO - Test loss: 0.5318,mIOU:0.65,precision:0.44,recall:0.55,F1score:0.49
2022-12-21 17:49:26,666 - INFO - 
mIOU:0.49,0.56,0.54,0.61,0.65,0.65,0.64,0.65,0.64,0.64,0.65
precision:0.1,0.19,0.17,0.3,0.46,0.44,0.42,0.46,0.42,0.47,0.44
recall:0.57,0.64,0.68,0.63,0.49,0.54,0.53,0.53,0.55,0.46,0.55
F1score:0.16,0.3,0.27,0.41,0.47,0.48,0.47,0.49,0.48,0.47,0.49
2022-12-21 17:50:49,655 - INFO - confusionMatrix:[[10585470.   111317.]
 [  112444.    96369.]]
2022-12-21 17:50:49,657 - INFO - Test loss: 0.5482,mIOU:0.64,precision:0.46,recall:0.46,F1score:0.46
2022-12-21 17:50:49,658 - INFO - 
mIOU:0.49,0.56,0.54,0.61,0.65,0.65,0.64,0.65,0.64,0.64,0.65,0.64
precision:0.1,0.19,0.17,0.3,0.46,0.44,0.42,0.46,0.42,0.47,0.44,0.46
recall:0.57,0.64,0.68,0.63,0.49,0.54,0.53,0.53,0.55,0.46,0.55,0.46
F1score:0.16,0.3,0.27,0.41,0.47,0.48,0.47,0.49,0.48,0.47,0.49,0.46
2022-12-21 17:52:13,331 - INFO - confusionMatrix:[[10505526.   191261.]
 [   82598.   126215.]]
2022-12-21 17:52:13,332 - INFO - Test loss: 0.5431,mIOU:0.65,precision:0.40,recall:0.60,F1score:0.48
2022-12-21 17:52:13,332 - INFO - 
mIOU:0.49,0.56,0.54,0.61,0.65,0.65,0.64,0.65,0.64,0.64,0.65,0.64,0.65
precision:0.1,0.19,0.17,0.3,0.46,0.44,0.42,0.46,0.42,0.47,0.44,0.46,0.4
recall:0.57,0.64,0.68,0.63,0.49,0.54,0.53,0.53,0.55,0.46,0.55,0.46,0.6
F1score:0.16,0.3,0.27,0.41,0.47,0.48,0.47,0.49,0.48,0.47,0.49,0.46,0.48
2022-12-21 17:53:36,307 - INFO - confusionMatrix:[[10549741.   147046.]
 [   95921.   112892.]]
2022-12-21 17:53:36,308 - INFO - Test loss: 0.5389,mIOU:0.65,precision:0.43,recall:0.54,F1score:0.48
2022-12-21 17:53:36,309 - INFO - 
mIOU:0.49,0.56,0.54,0.61,0.65,0.65,0.64,0.65,0.64,0.64,0.65,0.64,0.65,0.65
precision:0.1,0.19,0.17,0.3,0.46,0.44,0.42,0.46,0.42,0.47,0.44,0.46,0.4,0.43
recall:0.57,0.64,0.68,0.63,0.49,0.54,0.53,0.53,0.55,0.46,0.55,0.46,0.6,0.54
F1score:0.16,0.3,0.27,0.41,0.47,0.48,0.47,0.49,0.48,0.47,0.49,0.46,0.48,0.48
2022-12-21 17:54:59,642 - INFO - confusionMatrix:[[10557609.   139178.]
 [   93597.   115216.]]
2022-12-21 17:54:59,644 - INFO - Test loss: 0.5254,mIOU:0.65,precision:0.45,recall:0.55,F1score:0.50
2022-12-21 17:54:59,644 - INFO - 
mIOU:0.49,0.56,0.54,0.61,0.65,0.65,0.64,0.65,0.64,0.64,0.65,0.64,0.65,0.65,0.65
precision:0.1,0.19,0.17,0.3,0.46,0.44,0.42,0.46,0.42,0.47,0.44,0.46,0.4,0.43,0.45
recall:0.57,0.64,0.68,0.63,0.49,0.54,0.53,0.53,0.55,0.46,0.55,0.46,0.6,0.54,0.55
F1score:0.16,0.3,0.27,0.41,0.47,0.48,0.47,0.49,0.48,0.47,0.49,0.46,0.48,0.48,0.5
2022-12-21 17:56:21,994 - INFO - confusionMatrix:[[10507890.   188897.]
 [   84135.   124678.]]
2022-12-21 17:56:21,996 - INFO - Test loss: 0.5452,mIOU:0.64,precision:0.40,recall:0.60,F1score:0.48
2022-12-21 17:56:21,996 - INFO - 
mIOU:0.49,0.56,0.54,0.61,0.65,0.65,0.64,0.65,0.64,0.64,0.65,0.64,0.65,0.65,0.65,0.64
precision:0.1,0.19,0.17,0.3,0.46,0.44,0.42,0.46,0.42,0.47,0.44,0.46,0.4,0.43,0.45,0.4
recall:0.57,0.64,0.68,0.63,0.49,0.54,0.53,0.53,0.55,0.46,0.55,0.46,0.6,0.54,0.55,0.6
F1score:0.16,0.3,0.27,0.41,0.47,0.48,0.47,0.49,0.48,0.47,0.49,0.46,0.48,0.48,0.5,0.48
2022-12-21 17:57:44,647 - INFO - confusionMatrix:[[10547205.   149582.]
 [   92858.   115955.]]
2022-12-21 17:57:44,648 - INFO - Test loss: 0.5297,mIOU:0.65,precision:0.44,recall:0.56,F1score:0.49
2022-12-21 17:57:44,649 - INFO - 
mIOU:0.49,0.56,0.54,0.61,0.65,0.65,0.64,0.65,0.64,0.64,0.65,0.64,0.65,0.65,0.65,0.64,0.65
precision:0.1,0.19,0.17,0.3,0.46,0.44,0.42,0.46,0.42,0.47,0.44,0.46,0.4,0.43,0.45,0.4,0.44
recall:0.57,0.64,0.68,0.63,0.49,0.54,0.53,0.53,0.55,0.46,0.55,0.46,0.6,0.54,0.55,0.6,0.56
F1score:0.16,0.3,0.27,0.41,0.47,0.48,0.47,0.49,0.48,0.47,0.49,0.46,0.48,0.48,0.5,0.48,0.49
2022-12-21 17:59:07,775 - INFO - confusionMatrix:[[10484217.   212570.]
 [   81993.   126820.]]
2022-12-21 17:59:07,777 - INFO - Test loss: 0.5572,mIOU:0.64,precision:0.37,recall:0.61,F1score:0.46
2022-12-21 17:59:07,777 - INFO - 
mIOU:0.49,0.56,0.54,0.61,0.65,0.65,0.64,0.65,0.64,0.64,0.65,0.64,0.65,0.65,0.65,0.64,0.65,0.64
precision:0.1,0.19,0.17,0.3,0.46,0.44,0.42,0.46,0.42,0.47,0.44,0.46,0.4,0.43,0.45,0.4,0.44,0.37
recall:0.57,0.64,0.68,0.63,0.49,0.54,0.53,0.53,0.55,0.46,0.55,0.46,0.6,0.54,0.55,0.6,0.56,0.61
F1score:0.16,0.3,0.27,0.41,0.47,0.48,0.47,0.49,0.48,0.47,0.49,0.46,0.48,0.48,0.5,0.48,0.49,0.46
2022-12-21 18:00:30,898 - INFO - confusionMatrix:[[10591227.   105560.]
 [  113495.    95318.]]
2022-12-21 18:00:30,900 - INFO - Test loss: 0.5450,mIOU:0.64,precision:0.47,recall:0.46,F1score:0.47
2022-12-21 18:00:30,900 - INFO - 
mIOU:0.49,0.56,0.54,0.61,0.65,0.65,0.64,0.65,0.64,0.64,0.65,0.64,0.65,0.65,0.65,0.64,0.65,0.64,0.64
precision:0.1,0.19,0.17,0.3,0.46,0.44,0.42,0.46,0.42,0.47,0.44,0.46,0.4,0.43,0.45,0.4,0.44,0.37,0.47
recall:0.57,0.64,0.68,0.63,0.49,0.54,0.53,0.53,0.55,0.46,0.55,0.46,0.6,0.54,0.55,0.6,0.56,0.61,0.46
F1score:0.16,0.3,0.27,0.41,0.47,0.48,0.47,0.49,0.48,0.47,0.49,0.46,0.48,0.48,0.5,0.48,0.49,0.46,0.47
2022-12-21 18:01:53,903 - INFO - confusionMatrix:[[10586476.   110311.]
 [  104983.   103830.]]
2022-12-21 18:01:53,905 - INFO - Test loss: 0.5344,mIOU:0.65,precision:0.48,recall:0.50,F1score:0.49
2022-12-21 18:01:53,905 - INFO - 
mIOU:0.49,0.56,0.54,0.61,0.65,0.65,0.64,0.65,0.64,0.64,0.65,0.64,0.65,0.65,0.65,0.64,0.65,0.64,0.64,0.65
precision:0.1,0.19,0.17,0.3,0.46,0.44,0.42,0.46,0.42,0.47,0.44,0.46,0.4,0.43,0.45,0.4,0.44,0.37,0.47,0.48
recall:0.57,0.64,0.68,0.63,0.49,0.54,0.53,0.53,0.55,0.46,0.55,0.46,0.6,0.54,0.55,0.6,0.56,0.61,0.46,0.5
F1score:0.16,0.3,0.27,0.41,0.47,0.48,0.47,0.49,0.48,0.47,0.49,0.46,0.48,0.48,0.5,0.48,0.49,0.46,0.47,0.49
