2022-12-21 14:58:00,844 - INFO - confusionMatrix:[[10696787.        0.]
 [  208813.        0.]]
2022-12-21 14:58:00,847 - INFO - Test loss: 0.9636,mIOU:0.49,precision:nan,recall:0.00,F1score:nan
2022-12-21 14:58:00,847 - INFO - 
mIOU:0.49
precision:nan
recall:0.0
F1score:nan
2022-12-21 14:59:09,730 - INFO - confusionMatrix:[[10696787.        0.]
 [  208813.        0.]]
2022-12-21 14:59:09,732 - INFO - Test loss: 0.9659,mIOU:0.49,precision:nan,recall:0.00,F1score:nan
2022-12-21 14:59:09,732 - INFO - 
mIOU:0.49,0.49
precision:nan,nan
recall:0.0,0.0
F1score:nan,nan
2022-12-21 15:00:20,261 - INFO - confusionMatrix:[[5257260. 5439527.]
 [  71884.  136929.]]
2022-12-21 15:00:20,263 - INFO - Test loss: 0.9555,mIOU:0.26,precision:0.02,recall:0.66,F1score:0.05
2022-12-21 15:00:20,264 - INFO - 
mIOU:0.49,0.49,0.26
precision:nan,nan,0.02
recall:0.0,0.0,0.66
F1score:nan,nan,0.05
2022-12-21 15:01:29,412 - INFO - confusionMatrix:[[9558768. 1138019.]
 [ 158880.   49933.]]
2022-12-21 15:01:29,414 - INFO - Test loss: 0.9468,mIOU:0.46,precision:0.04,recall:0.24,F1score:0.07
2022-12-21 15:01:29,414 - INFO - 
mIOU:0.49,0.49,0.26,0.46
precision:nan,nan,0.02,0.04
recall:0.0,0.0,0.66,0.24
F1score:nan,nan,0.05,0.07
2022-12-21 15:02:39,063 - INFO - confusionMatrix:[[8113302. 2583485.]
 [  97663.  111150.]]
2022-12-21 15:02:39,065 - INFO - Test loss: 0.9388,mIOU:0.40,precision:0.04,recall:0.53,F1score:0.08
2022-12-21 15:02:39,065 - INFO - 
mIOU:0.49,0.49,0.26,0.46,0.4
precision:nan,nan,0.02,0.04,0.04
recall:0.0,0.0,0.66,0.24,0.53
F1score:nan,nan,0.05,0.07,0.08
2022-12-21 15:03:47,867 - INFO - confusionMatrix:[[8201495. 2495292.]
 [  80512.  128301.]]
2022-12-21 15:03:47,868 - INFO - Test loss: 0.9250,mIOU:0.40,precision:0.05,recall:0.61,F1score:0.09
2022-12-21 15:03:47,869 - INFO - 
mIOU:0.49,0.49,0.26,0.46,0.4,0.4
precision:nan,nan,0.02,0.04,0.04,0.05
recall:0.0,0.0,0.66,0.24,0.53,0.61
F1score:nan,nan,0.05,0.07,0.08,0.09
2022-12-21 15:04:57,148 - INFO - confusionMatrix:[[9902303.  794484.]
 [ 121620.   87193.]]
2022-12-21 15:04:57,151 - INFO - Test loss: 0.9065,mIOU:0.50,precision:0.10,recall:0.42,F1score:0.16
2022-12-21 15:04:57,151 - INFO - 
mIOU:0.49,0.49,0.26,0.46,0.4,0.4,0.5
precision:nan,nan,0.02,0.04,0.04,0.05,0.1
recall:0.0,0.0,0.66,0.24,0.53,0.61,0.42
F1score:nan,nan,0.05,0.07,0.08,0.09,0.16
2022-12-21 15:06:07,315 - INFO - confusionMatrix:[[9977466.  719321.]
 [ 123100.   85713.]]
2022-12-21 15:06:07,317 - INFO - Test loss: 0.8962,mIOU:0.51,precision:0.11,recall:0.41,F1score:0.17
2022-12-21 15:06:07,317 - INFO - 
mIOU:0.49,0.49,0.26,0.46,0.4,0.4,0.5,0.51
precision:nan,nan,0.02,0.04,0.04,0.05,0.1,0.11
recall:0.0,0.0,0.66,0.24,0.53,0.61,0.42,0.41
F1score:nan,nan,0.05,0.07,0.08,0.09,0.16,0.17
2022-12-21 15:07:16,959 - INFO - confusionMatrix:[[9941438.  755349.]
 [ 101270.  107543.]]
2022-12-21 15:07:16,960 - INFO - Test loss: 0.8533,mIOU:0.52,precision:0.12,recall:0.52,F1score:0.20
2022-12-21 15:07:16,961 - INFO - 
mIOU:0.49,0.49,0.26,0.46,0.4,0.4,0.5,0.51,0.52
precision:nan,nan,0.02,0.04,0.04,0.05,0.1,0.11,0.12
recall:0.0,0.0,0.66,0.24,0.53,0.61,0.42,0.41,0.52
F1score:nan,nan,0.05,0.07,0.08,0.09,0.16,0.17,0.2
2022-12-21 15:08:26,373 - INFO - confusionMatrix:[[10180148.   516639.]
 [  131254.    77559.]]
2022-12-21 15:08:26,375 - INFO - Test loss: 0.8576,mIOU:0.52,precision:0.13,recall:0.37,F1score:0.19
2022-12-21 15:08:26,376 - INFO - 
mIOU:0.49,0.49,0.26,0.46,0.4,0.4,0.5,0.51,0.52,0.52
precision:nan,nan,0.02,0.04,0.04,0.05,0.1,0.11,0.12,0.13
recall:0.0,0.0,0.66,0.24,0.53,0.61,0.42,0.41,0.52,0.37
F1score:nan,nan,0.05,0.07,0.08,0.09,0.16,0.17,0.2,0.19
2022-12-21 15:09:34,375 - INFO - confusionMatrix:[[10313129.   383658.]
 [  116860.    91953.]]
2022-12-21 15:09:34,377 - INFO - Test loss: 0.7874,mIOU:0.55,precision:0.19,recall:0.44,F1score:0.27
2022-12-21 15:09:34,377 - INFO - 
mIOU:0.49,0.49,0.26,0.46,0.4,0.4,0.5,0.51,0.52,0.52,0.55
precision:nan,nan,0.02,0.04,0.04,0.05,0.1,0.11,0.12,0.13,0.19
recall:0.0,0.0,0.66,0.24,0.53,0.61,0.42,0.41,0.52,0.37,0.44
F1score:nan,nan,0.05,0.07,0.08,0.09,0.16,0.17,0.2,0.19,0.27
2022-12-21 15:10:42,959 - INFO - confusionMatrix:[[10404396.   292391.]
 [  130271.    78542.]]
2022-12-21 15:10:42,960 - INFO - Test loss: 0.7692,mIOU:0.56,precision:0.21,recall:0.38,F1score:0.27
2022-12-21 15:10:42,960 - INFO - 
mIOU:0.49,0.49,0.26,0.46,0.4,0.4,0.5,0.51,0.52,0.52,0.55,0.56
precision:nan,nan,0.02,0.04,0.04,0.05,0.1,0.11,0.12,0.13,0.19,0.21
recall:0.0,0.0,0.66,0.24,0.53,0.61,0.42,0.41,0.52,0.37,0.44,0.38
F1score:nan,nan,0.05,0.07,0.08,0.09,0.16,0.17,0.2,0.19,0.27,0.27
2022-12-21 15:11:51,864 - INFO - confusionMatrix:[[10298905.   397882.]
 [  108380.   100433.]]
2022-12-21 15:11:51,865 - INFO - Test loss: 0.7453,mIOU:0.56,precision:0.20,recall:0.48,F1score:0.28
2022-12-21 15:11:51,865 - INFO - 
mIOU:0.49,0.49,0.26,0.46,0.4,0.4,0.5,0.51,0.52,0.52,0.55,0.56,0.56
precision:nan,nan,0.02,0.04,0.04,0.05,0.1,0.11,0.12,0.13,0.19,0.21,0.2
recall:0.0,0.0,0.66,0.24,0.53,0.61,0.42,0.41,0.52,0.37,0.44,0.38,0.48
F1score:nan,nan,0.05,0.07,0.08,0.09,0.16,0.17,0.2,0.19,0.27,0.27,0.28
2022-12-21 15:13:02,268 - INFO - confusionMatrix:[[10359365.   337422.]
 [  123586.    85227.]]
2022-12-21 15:13:02,270 - INFO - Test loss: 0.7481,mIOU:0.56,precision:0.20,recall:0.41,F1score:0.27
2022-12-21 15:13:02,270 - INFO - 
mIOU:0.49,0.49,0.26,0.46,0.4,0.4,0.5,0.51,0.52,0.52,0.55,0.56,0.56,0.56
precision:nan,nan,0.02,0.04,0.04,0.05,0.1,0.11,0.12,0.13,0.19,0.21,0.2,0.2
recall:0.0,0.0,0.66,0.24,0.53,0.61,0.42,0.41,0.52,0.37,0.44,0.38,0.48,0.41
F1score:nan,nan,0.05,0.07,0.08,0.09,0.16,0.17,0.2,0.19,0.27,0.27,0.28,0.27
2022-12-21 15:14:12,367 - INFO - confusionMatrix:[[10536559.   160228.]
 [  146230.    62583.]]
2022-12-21 15:14:12,370 - INFO - Test loss: 0.7184,mIOU:0.57,precision:0.28,recall:0.30,F1score:0.29
2022-12-21 15:14:12,370 - INFO - 
mIOU:0.49,0.49,0.26,0.46,0.4,0.4,0.5,0.51,0.52,0.52,0.55,0.56,0.56,0.56,0.57
precision:nan,nan,0.02,0.04,0.04,0.05,0.1,0.11,0.12,0.13,0.19,0.21,0.2,0.2,0.28
recall:0.0,0.0,0.66,0.24,0.53,0.61,0.42,0.41,0.52,0.37,0.44,0.38,0.48,0.41,0.3
F1score:nan,nan,0.05,0.07,0.08,0.09,0.16,0.17,0.2,0.19,0.27,0.27,0.28,0.27,0.29
2022-12-21 15:15:21,164 - INFO - confusionMatrix:[[10506444.   190343.]
 [  131902.    76911.]]
2022-12-21 15:15:21,165 - INFO - Test loss: 0.6855,mIOU:0.58,precision:0.29,recall:0.37,F1score:0.32
2022-12-21 15:15:21,166 - INFO - 
mIOU:0.49,0.49,0.26,0.46,0.4,0.4,0.5,0.51,0.52,0.52,0.55,0.56,0.56,0.56,0.57,0.58
precision:nan,nan,0.02,0.04,0.04,0.05,0.1,0.11,0.12,0.13,0.19,0.21,0.2,0.2,0.28,0.29
recall:0.0,0.0,0.66,0.24,0.53,0.61,0.42,0.41,0.52,0.37,0.44,0.38,0.48,0.41,0.3,0.37
F1score:nan,nan,0.05,0.07,0.08,0.09,0.16,0.17,0.2,0.19,0.27,0.27,0.28,0.27,0.29,0.32
2022-12-21 15:16:30,264 - INFO - confusionMatrix:[[10553565.   143222.]
 [  143567.    65246.]]
2022-12-21 15:16:30,267 - INFO - Test loss: 0.6896,mIOU:0.58,precision:0.31,recall:0.31,F1score:0.31
2022-12-21 15:16:30,268 - INFO - 
mIOU:0.49,0.49,0.26,0.46,0.4,0.4,0.5,0.51,0.52,0.52,0.55,0.56,0.56,0.56,0.57,0.58,0.58
precision:nan,nan,0.02,0.04,0.04,0.05,0.1,0.11,0.12,0.13,0.19,0.21,0.2,0.2,0.28,0.29,0.31
recall:0.0,0.0,0.66,0.24,0.53,0.61,0.42,0.41,0.52,0.37,0.44,0.38,0.48,0.41,0.3,0.37,0.31
F1score:nan,nan,0.05,0.07,0.08,0.09,0.16,0.17,0.2,0.19,0.27,0.27,0.28,0.27,0.29,0.32,0.31
2022-12-21 15:17:38,883 - INFO - confusionMatrix:[[10569148.   127639.]
 [  145256.    63557.]]
2022-12-21 15:17:38,885 - INFO - Test loss: 0.6854,mIOU:0.58,precision:0.33,recall:0.30,F1score:0.32
2022-12-21 15:17:38,886 - INFO - 
mIOU:0.49,0.49,0.26,0.46,0.4,0.4,0.5,0.51,0.52,0.52,0.55,0.56,0.56,0.56,0.57,0.58,0.58,0.58
precision:nan,nan,0.02,0.04,0.04,0.05,0.1,0.11,0.12,0.13,0.19,0.21,0.2,0.2,0.28,0.29,0.31,0.33
recall:0.0,0.0,0.66,0.24,0.53,0.61,0.42,0.41,0.52,0.37,0.44,0.38,0.48,0.41,0.3,0.37,0.31,0.3
F1score:nan,nan,0.05,0.07,0.08,0.09,0.16,0.17,0.2,0.19,0.27,0.27,0.28,0.27,0.29,0.32,0.31,0.32
2022-12-21 15:18:48,685 - INFO - confusionMatrix:[[10525166.   171621.]
 [  137006.    71807.]]
2022-12-21 15:18:48,687 - INFO - Test loss: 0.6824,mIOU:0.58,precision:0.29,recall:0.34,F1score:0.32
2022-12-21 15:18:48,687 - INFO - 
mIOU:0.49,0.49,0.26,0.46,0.4,0.4,0.5,0.51,0.52,0.52,0.55,0.56,0.56,0.56,0.57,0.58,0.58,0.58,0.58
precision:nan,nan,0.02,0.04,0.04,0.05,0.1,0.11,0.12,0.13,0.19,0.21,0.2,0.2,0.28,0.29,0.31,0.33,0.29
recall:0.0,0.0,0.66,0.24,0.53,0.61,0.42,0.41,0.52,0.37,0.44,0.38,0.48,0.41,0.3,0.37,0.31,0.3,0.34
F1score:nan,nan,0.05,0.07,0.08,0.09,0.16,0.17,0.2,0.19,0.27,0.27,0.28,0.27,0.29,0.32,0.31,0.32,0.32
2022-12-21 15:19:58,251 - INFO - confusionMatrix:[[10376644.   320143.]
 [  115281.    93532.]]
2022-12-21 15:19:58,253 - INFO - Test loss: 0.7076,mIOU:0.57,precision:0.23,recall:0.45,F1score:0.30
2022-12-21 15:19:58,253 - INFO - 
mIOU:0.49,0.49,0.26,0.46,0.4,0.4,0.5,0.51,0.52,0.52,0.55,0.56,0.56,0.56,0.57,0.58,0.58,0.58,0.58,0.57
precision:nan,nan,0.02,0.04,0.04,0.05,0.1,0.11,0.12,0.13,0.19,0.21,0.2,0.2,0.28,0.29,0.31,0.33,0.29,0.23
recall:0.0,0.0,0.66,0.24,0.53,0.61,0.42,0.41,0.52,0.37,0.44,0.38,0.48,0.41,0.3,0.37,0.31,0.3,0.34,0.45
F1score:nan,nan,0.05,0.07,0.08,0.09,0.16,0.17,0.2,0.19,0.27,0.27,0.28,0.27,0.29,0.32,0.31,0.32,0.32,0.3
