2022-12-21 15:22:32,024 - INFO - confusionMatrix:[[10696787.        0.]
 [  208813.        0.]]
2022-12-21 15:22:32,028 - INFO - Test loss: 0.9638,mIOU:0.49,precision:nan,recall:0.00,F1score:nan
2022-12-21 15:22:32,029 - INFO - 
mIOU:0.49
precision:nan
recall:0.0
F1score:nan
2022-12-21 15:24:41,843 - INFO - confusionMatrix:[[10696787.        0.]
 [  208813.        0.]]
2022-12-21 15:24:41,846 - INFO - Test loss: 0.9706,mIOU:0.49,precision:nan,recall:0.00,F1score:nan
2022-12-21 15:24:41,846 - INFO - 
mIOU:0.49,0.49
precision:nan,nan
recall:0.0,0.0
F1score:nan,nan
2022-12-21 15:26:51,210 - INFO - confusionMatrix:[[1.0670322e+07 2.6465000e+04]
 [2.0832200e+05 4.9100000e+02]]
2022-12-21 15:26:51,212 - INFO - Test loss: 0.9684,mIOU:0.49,precision:0.02,recall:0.00,F1score:0.00
2022-12-21 15:26:51,212 - INFO - 
mIOU:0.49,0.49,0.49
precision:nan,nan,0.02
recall:0.0,0.0,0.0
F1score:nan,nan,0.0
2022-12-21 15:29:02,345 - INFO - confusionMatrix:[[1.0573034e+07 1.2375300e+05]
 [2.0497400e+05 3.8390000e+03]]
2022-12-21 15:29:02,346 - INFO - Test loss: 0.9651,mIOU:0.49,precision:0.03,recall:0.02,F1score:0.02
2022-12-21 15:29:02,346 - INFO - 
mIOU:0.49,0.49,0.49,0.49
precision:nan,nan,0.02,0.03
recall:0.0,0.0,0.0,0.02
F1score:nan,nan,0.0,0.02
2022-12-21 15:31:15,767 - INFO - confusionMatrix:[[10256809.   439978.]
 [  158343.    50470.]]
2022-12-21 15:31:15,769 - INFO - Test loss: 0.9301,mIOU:0.51,precision:0.10,recall:0.24,F1score:0.14
2022-12-21 15:31:15,770 - INFO - 
mIOU:0.49,0.49,0.49,0.49,0.51
precision:nan,nan,0.02,0.03,0.1
recall:0.0,0.0,0.0,0.02,0.24
F1score:nan,nan,0.0,0.02,0.14
2022-12-21 15:33:25,745 - INFO - confusionMatrix:[[10315587.   381200.]
 [  144374.    64439.]]
2022-12-21 15:33:25,748 - INFO - Test loss: 0.9076,mIOU:0.53,precision:0.14,recall:0.31,F1score:0.20
2022-12-21 15:33:25,748 - INFO - 
mIOU:0.49,0.49,0.49,0.49,0.51,0.53
precision:nan,nan,0.02,0.03,0.1,0.14
recall:0.0,0.0,0.0,0.02,0.24,0.31
F1score:nan,nan,0.0,0.02,0.14,0.2
2022-12-21 15:35:37,177 - INFO - confusionMatrix:[[10200080.   496707.]
 [  122602.    86211.]]
2022-12-21 15:35:37,178 - INFO - Test loss: 0.8884,mIOU:0.53,precision:0.15,recall:0.41,F1score:0.22
2022-12-21 15:35:37,178 - INFO - 
mIOU:0.49,0.49,0.49,0.49,0.51,0.53,0.53
precision:nan,nan,0.02,0.03,0.1,0.14,0.15
recall:0.0,0.0,0.0,0.02,0.24,0.31,0.41
F1score:nan,nan,0.0,0.02,0.14,0.2,0.22
2022-12-21 15:37:48,837 - INFO - confusionMatrix:[[10140663.   556124.]
 [  111683.    97130.]]
2022-12-21 15:37:48,840 - INFO - Test loss: 0.8689,mIOU:0.53,precision:0.15,recall:0.47,F1score:0.23
2022-12-21 15:37:48,841 - INFO - 
mIOU:0.49,0.49,0.49,0.49,0.51,0.53,0.53,0.53
precision:nan,nan,0.02,0.03,0.1,0.14,0.15,0.15
recall:0.0,0.0,0.0,0.02,0.24,0.31,0.41,0.47
F1score:nan,nan,0.0,0.02,0.14,0.2,0.22,0.23
2022-12-21 15:40:08,013 - INFO - confusionMatrix:[[10311479.   385308.]
 [  116568.    92245.]]
2022-12-21 15:40:08,014 - INFO - Test loss: 0.8369,mIOU:0.55,precision:0.19,recall:0.44,F1score:0.27
2022-12-21 15:40:08,014 - INFO - 
mIOU:0.49,0.49,0.49,0.49,0.51,0.53,0.53,0.53,0.55
precision:nan,nan,0.02,0.03,0.1,0.14,0.15,0.15,0.19
recall:0.0,0.0,0.0,0.02,0.24,0.31,0.41,0.47,0.44
F1score:nan,nan,0.0,0.02,0.14,0.2,0.22,0.23,0.27
2022-12-21 15:42:31,390 - INFO - confusionMatrix:[[10283273.   413514.]
 [  103175.   105638.]]
2022-12-21 15:42:31,391 - INFO - Test loss: 0.7875,mIOU:0.56,precision:0.20,recall:0.51,F1score:0.29
2022-12-21 15:42:31,391 - INFO - 
mIOU:0.49,0.49,0.49,0.49,0.51,0.53,0.53,0.53,0.55,0.56
precision:nan,nan,0.02,0.03,0.1,0.14,0.15,0.15,0.19,0.2
recall:0.0,0.0,0.0,0.02,0.24,0.31,0.41,0.47,0.44,0.51
F1score:nan,nan,0.0,0.02,0.14,0.2,0.22,0.23,0.27,0.29
2022-12-21 15:44:58,419 - INFO - confusionMatrix:[[10344494.   352293.]
 [  104836.   103977.]]
2022-12-21 15:44:58,420 - INFO - Test loss: 0.7558,mIOU:0.57,precision:0.23,recall:0.50,F1score:0.31
2022-12-21 15:44:58,421 - INFO - 
mIOU:0.49,0.49,0.49,0.49,0.51,0.53,0.53,0.53,0.55,0.56,0.57
precision:nan,nan,0.02,0.03,0.1,0.14,0.15,0.15,0.19,0.2,0.23
recall:0.0,0.0,0.0,0.02,0.24,0.31,0.41,0.47,0.44,0.51,0.5
F1score:nan,nan,0.0,0.02,0.14,0.2,0.22,0.23,0.27,0.29,0.31
2022-12-21 15:47:23,376 - INFO - confusionMatrix:[[10317965.   378822.]
 [   92371.   116442.]]
2022-12-21 15:47:23,378 - INFO - Test loss: 0.7273,mIOU:0.58,precision:0.24,recall:0.56,F1score:0.33
2022-12-21 15:47:23,378 - INFO - 
mIOU:0.49,0.49,0.49,0.49,0.51,0.53,0.53,0.53,0.55,0.56,0.57,0.58
precision:nan,nan,0.02,0.03,0.1,0.14,0.15,0.15,0.19,0.2,0.23,0.24
recall:0.0,0.0,0.0,0.02,0.24,0.31,0.41,0.47,0.44,0.51,0.5,0.56
F1score:nan,nan,0.0,0.02,0.14,0.2,0.22,0.23,0.27,0.29,0.31,0.33
2022-12-21 15:49:51,578 - INFO - confusionMatrix:[[10247949.   448838.]
 [   82784.   126029.]]
2022-12-21 15:49:51,579 - INFO - Test loss: 0.7250,mIOU:0.57,precision:0.22,recall:0.60,F1score:0.32
2022-12-21 15:49:51,580 - INFO - 
mIOU:0.49,0.49,0.49,0.49,0.51,0.53,0.53,0.53,0.55,0.56,0.57,0.58,0.57
precision:nan,nan,0.02,0.03,0.1,0.14,0.15,0.15,0.19,0.2,0.23,0.24,0.22
recall:0.0,0.0,0.0,0.02,0.24,0.31,0.41,0.47,0.44,0.51,0.5,0.56,0.6
F1score:nan,nan,0.0,0.02,0.14,0.2,0.22,0.23,0.27,0.29,0.31,0.33,0.32
2022-12-21 15:52:20,574 - INFO - confusionMatrix:[[10421255.   275532.]
 [   95891.   112922.]]
2022-12-21 15:52:20,576 - INFO - Test loss: 0.6740,mIOU:0.60,precision:0.29,recall:0.54,F1score:0.38
2022-12-21 15:52:20,577 - INFO - 
mIOU:0.49,0.49,0.49,0.49,0.51,0.53,0.53,0.53,0.55,0.56,0.57,0.58,0.57,0.6
precision:nan,nan,0.02,0.03,0.1,0.14,0.15,0.15,0.19,0.2,0.23,0.24,0.22,0.29
recall:0.0,0.0,0.0,0.02,0.24,0.31,0.41,0.47,0.44,0.51,0.5,0.56,0.6,0.54
F1score:nan,nan,0.0,0.02,0.14,0.2,0.22,0.23,0.27,0.29,0.31,0.33,0.32,0.38
2022-12-21 15:54:46,852 - INFO - confusionMatrix:[[10384036.   312751.]
 [   92481.   116332.]]
2022-12-21 15:54:46,854 - INFO - Test loss: 0.6800,mIOU:0.59,precision:0.27,recall:0.56,F1score:0.36
2022-12-21 15:54:46,854 - INFO - 
mIOU:0.49,0.49,0.49,0.49,0.51,0.53,0.53,0.53,0.55,0.56,0.57,0.58,0.57,0.6,0.59
precision:nan,nan,0.02,0.03,0.1,0.14,0.15,0.15,0.19,0.2,0.23,0.24,0.22,0.29,0.27
recall:0.0,0.0,0.0,0.02,0.24,0.31,0.41,0.47,0.44,0.51,0.5,0.56,0.6,0.54,0.56
F1score:nan,nan,0.0,0.02,0.14,0.2,0.22,0.23,0.27,0.29,0.31,0.33,0.32,0.38,0.36
2022-12-21 15:57:08,057 - INFO - confusionMatrix:[[10424262.   272525.]
 [   93573.   115240.]]
2022-12-21 15:57:08,060 - INFO - Test loss: 0.6561,mIOU:0.60,precision:0.30,recall:0.55,F1score:0.39
2022-12-21 15:57:08,060 - INFO - 
mIOU:0.49,0.49,0.49,0.49,0.51,0.53,0.53,0.53,0.55,0.56,0.57,0.58,0.57,0.6,0.59,0.6
precision:nan,nan,0.02,0.03,0.1,0.14,0.15,0.15,0.19,0.2,0.23,0.24,0.22,0.29,0.27,0.3
recall:0.0,0.0,0.0,0.02,0.24,0.31,0.41,0.47,0.44,0.51,0.5,0.56,0.6,0.54,0.56,0.55
F1score:nan,nan,0.0,0.02,0.14,0.2,0.22,0.23,0.27,0.29,0.31,0.33,0.32,0.38,0.36,0.39
2022-12-21 15:59:32,062 - INFO - confusionMatrix:[[10340948.   355839.]
 [   79459.   129354.]]
2022-12-21 15:59:32,064 - INFO - Test loss: 0.6619,mIOU:0.59,precision:0.27,recall:0.62,F1score:0.37
2022-12-21 15:59:32,064 - INFO - 
mIOU:0.49,0.49,0.49,0.49,0.51,0.53,0.53,0.53,0.55,0.56,0.57,0.58,0.57,0.6,0.59,0.6,0.59
precision:nan,nan,0.02,0.03,0.1,0.14,0.15,0.15,0.19,0.2,0.23,0.24,0.22,0.29,0.27,0.3,0.27
recall:0.0,0.0,0.0,0.02,0.24,0.31,0.41,0.47,0.44,0.51,0.5,0.56,0.6,0.54,0.56,0.55,0.62
F1score:nan,nan,0.0,0.02,0.14,0.2,0.22,0.23,0.27,0.29,0.31,0.33,0.32,0.38,0.36,0.39,0.37
2022-12-21 16:01:56,451 - INFO - confusionMatrix:[[10315579.   381208.]
 [   75560.   133253.]]
2022-12-21 16:01:56,452 - INFO - Test loss: 0.6608,mIOU:0.59,precision:0.26,recall:0.64,F1score:0.37
2022-12-21 16:01:56,452 - INFO - 
mIOU:0.49,0.49,0.49,0.49,0.51,0.53,0.53,0.53,0.55,0.56,0.57,0.58,0.57,0.6,0.59,0.6,0.59,0.59
precision:nan,nan,0.02,0.03,0.1,0.14,0.15,0.15,0.19,0.2,0.23,0.24,0.22,0.29,0.27,0.3,0.27,0.26
recall:0.0,0.0,0.0,0.02,0.24,0.31,0.41,0.47,0.44,0.51,0.5,0.56,0.6,0.54,0.56,0.55,0.62,0.64
F1score:nan,nan,0.0,0.02,0.14,0.2,0.22,0.23,0.27,0.29,0.31,0.33,0.32,0.38,0.36,0.39,0.37,0.37
2022-12-21 16:04:25,458 - INFO - confusionMatrix:[[10389202.   307585.]
 [   84589.   124224.]]
2022-12-21 16:04:25,460 - INFO - Test loss: 0.6467,mIOU:0.60,precision:0.29,recall:0.59,F1score:0.39
2022-12-21 16:04:25,460 - INFO - 
mIOU:0.49,0.49,0.49,0.49,0.51,0.53,0.53,0.53,0.55,0.56,0.57,0.58,0.57,0.6,0.59,0.6,0.59,0.59,0.6
precision:nan,nan,0.02,0.03,0.1,0.14,0.15,0.15,0.19,0.2,0.23,0.24,0.22,0.29,0.27,0.3,0.27,0.26,0.29
recall:0.0,0.0,0.0,0.02,0.24,0.31,0.41,0.47,0.44,0.51,0.5,0.56,0.6,0.54,0.56,0.55,0.62,0.64,0.59
F1score:nan,nan,0.0,0.02,0.14,0.2,0.22,0.23,0.27,0.29,0.31,0.33,0.32,0.38,0.36,0.39,0.37,0.37,0.39
2022-12-21 16:06:52,322 - INFO - confusionMatrix:[[10367997.   328790.]
 [   79925.   128888.]]
2022-12-21 16:06:52,324 - INFO - Test loss: 0.6412,mIOU:0.60,precision:0.28,recall:0.62,F1score:0.39
2022-12-21 16:06:52,324 - INFO - 
mIOU:0.49,0.49,0.49,0.49,0.51,0.53,0.53,0.53,0.55,0.56,0.57,0.58,0.57,0.6,0.59,0.6,0.59,0.59,0.6,0.6
precision:nan,nan,0.02,0.03,0.1,0.14,0.15,0.15,0.19,0.2,0.23,0.24,0.22,0.29,0.27,0.3,0.27,0.26,0.29,0.28
recall:0.0,0.0,0.0,0.02,0.24,0.31,0.41,0.47,0.44,0.51,0.5,0.56,0.6,0.54,0.56,0.55,0.62,0.64,0.59,0.62
F1score:nan,nan,0.0,0.02,0.14,0.2,0.22,0.23,0.27,0.29,0.31,0.33,0.32,0.38,0.36,0.39,0.37,0.37,0.39,0.39
