2022-12-21 08:39:41,770 - INFO - confusionMatrix:[[10418053.        0.]
 [  180347.        0.]]
2022-12-21 08:39:41,772 - INFO - Test loss: 0.9722,mIOU:0.49,precision:nan,recall:0.00,F1score:nan
2022-12-21 08:39:41,773 - INFO - 
mIOU:0.49
precision:nan
recall:0.0
F1score:nan
2022-12-21 08:43:42,391 - INFO - confusionMatrix:[[10418053.        0.]
 [  180347.        0.]]
2022-12-21 08:43:42,393 - INFO - Test loss: 0.9959,mIOU:0.49,precision:nan,recall:0.00,F1score:nan
2022-12-21 08:43:42,393 - INFO - 
mIOU:0.49,0.49
precision:nan,nan
recall:0.0,0.0
F1score:nan,nan
2022-12-21 08:47:42,868 - INFO - confusionMatrix:[[1.0417476e+07 5.7700000e+02]
 [1.4219300e+05 3.8154000e+04]]
2022-12-21 08:47:42,871 - INFO - Test loss: 0.6595,mIOU:0.60,precision:0.99,recall:0.21,F1score:0.35
2022-12-21 08:47:42,871 - INFO - 
mIOU:0.49,0.49,0.6
precision:nan,nan,0.99
recall:0.0,0.0,0.21
F1score:nan,nan,0.35
2022-12-21 08:51:40,082 - INFO - confusionMatrix:[[1.0408616e+07 9.4370000e+03]
 [6.7978000e+04 1.1236900e+05]]
2022-12-21 08:51:40,085 - INFO - Test loss: 0.2676,mIOU:0.79,precision:0.92,recall:0.62,F1score:0.74
2022-12-21 08:51:40,085 - INFO - 
mIOU:0.49,0.49,0.6,0.79
precision:nan,nan,0.99,0.92
recall:0.0,0.0,0.21,0.62
F1score:nan,nan,0.35,0.74
2022-12-21 08:55:38,334 - INFO - confusionMatrix:[[10404338.    13715.]
 [   47428.   132919.]]
2022-12-21 08:55:38,337 - INFO - Test loss: 0.1945,mIOU:0.84,precision:0.91,recall:0.74,F1score:0.81
2022-12-21 08:55:38,337 - INFO - 
mIOU:0.49,0.49,0.6,0.79,0.84
precision:nan,nan,0.99,0.92,0.91
recall:0.0,0.0,0.21,0.62,0.74
F1score:nan,nan,0.35,0.74,0.81
2022-12-21 08:59:49,370 - INFO - confusionMatrix:[[10392207.    25846.]
 [   33284.   147063.]]
2022-12-21 08:59:49,371 - INFO - Test loss: 0.1724,mIOU:0.85,precision:0.85,recall:0.82,F1score:0.83
2022-12-21 08:59:49,371 - INFO - 
mIOU:0.49,0.49,0.6,0.79,0.84,0.85
precision:nan,nan,0.99,0.92,0.91,0.85
recall:0.0,0.0,0.21,0.62,0.74,0.82
F1score:nan,nan,0.35,0.74,0.81,0.83
2022-12-21 09:04:02,703 - INFO - confusionMatrix:[[10398547.    19506.]
 [   36958.   143389.]]
2022-12-21 09:04:02,705 - INFO - Test loss: 0.1689,mIOU:0.86,precision:0.88,recall:0.80,F1score:0.84
2022-12-21 09:04:02,705 - INFO - 
mIOU:0.49,0.49,0.6,0.79,0.84,0.85,0.86
precision:nan,nan,0.99,0.92,0.91,0.85,0.88
recall:0.0,0.0,0.21,0.62,0.74,0.82,0.8
F1score:nan,nan,0.35,0.74,0.81,0.83,0.84
2022-12-21 09:08:17,794 - INFO - confusionMatrix:[[10392622.    25431.]
 [   36051.   144296.]]
2022-12-21 09:08:17,795 - INFO - Test loss: 0.1788,mIOU:0.85,precision:0.85,recall:0.80,F1score:0.82
2022-12-21 09:08:17,795 - INFO - 
mIOU:0.49,0.49,0.6,0.79,0.84,0.85,0.86,0.85
precision:nan,nan,0.99,0.92,0.91,0.85,0.88,0.85
recall:0.0,0.0,0.21,0.62,0.74,0.82,0.8,0.8
F1score:nan,nan,0.35,0.74,0.81,0.83,0.84,0.82
2022-12-21 09:12:17,997 - INFO - confusionMatrix:[[10397347.    20706.]
 [   36069.   144278.]]
2022-12-21 09:12:17,998 - INFO - Test loss: 0.1683,mIOU:0.86,precision:0.87,recall:0.80,F1score:0.84
2022-12-21 09:12:17,998 - INFO - 
mIOU:0.49,0.49,0.6,0.79,0.84,0.85,0.86,0.85,0.86
precision:nan,nan,0.99,0.92,0.91,0.85,0.88,0.85,0.87
recall:0.0,0.0,0.21,0.62,0.74,0.82,0.8,0.8,0.8
F1score:nan,nan,0.35,0.74,0.81,0.83,0.84,0.82,0.84
2022-12-21 09:15:59,884 - INFO - confusionMatrix:[[10403000.    15053.]
 [   45495.   134852.]]
2022-12-21 09:15:59,885 - INFO - Test loss: 0.1879,mIOU:0.84,precision:0.90,recall:0.75,F1score:0.82
2022-12-21 09:15:59,885 - INFO - 
mIOU:0.49,0.49,0.6,0.79,0.84,0.85,0.86,0.85,0.86,0.84
precision:nan,nan,0.99,0.92,0.91,0.85,0.88,0.85,0.87,0.9
recall:0.0,0.0,0.21,0.62,0.74,0.82,0.8,0.8,0.8,0.75
F1score:nan,nan,0.35,0.74,0.81,0.83,0.84,0.82,0.84,0.82
2022-12-21 09:19:28,483 - INFO - confusionMatrix:[[10394700.    23353.]
 [   31888.   148459.]]
2022-12-21 09:19:28,485 - INFO - Test loss: 0.1596,mIOU:0.86,precision:0.86,recall:0.82,F1score:0.84
2022-12-21 09:19:28,485 - INFO - 
mIOU:0.49,0.49,0.6,0.79,0.84,0.85,0.86,0.85,0.86,0.84,0.86
precision:nan,nan,0.99,0.92,0.91,0.85,0.88,0.85,0.87,0.9,0.86
recall:0.0,0.0,0.21,0.62,0.74,0.82,0.8,0.8,0.8,0.75,0.82
F1score:nan,nan,0.35,0.74,0.81,0.83,0.84,0.82,0.84,0.82,0.84
2022-12-21 09:22:57,580 - INFO - confusionMatrix:[[10396588.    21465.]
 [   34085.   146262.]]
2022-12-21 09:22:57,582 - INFO - Test loss: 0.1623,mIOU:0.86,precision:0.87,recall:0.81,F1score:0.84
2022-12-21 09:22:57,582 - INFO - 
mIOU:0.49,0.49,0.6,0.79,0.84,0.85,0.86,0.85,0.86,0.84,0.86,0.86
precision:nan,nan,0.99,0.92,0.91,0.85,0.88,0.85,0.87,0.9,0.86,0.87
recall:0.0,0.0,0.21,0.62,0.74,0.82,0.8,0.8,0.8,0.75,0.82,0.81
F1score:nan,nan,0.35,0.74,0.81,0.83,0.84,0.82,0.84,0.82,0.84,0.84
2022-12-21 09:26:21,559 - INFO - confusionMatrix:[[10397433.    20620.]
 [   33522.   146825.]]
2022-12-21 09:26:21,560 - INFO - Test loss: 0.1584,mIOU:0.86,precision:0.88,recall:0.81,F1score:0.84
2022-12-21 09:26:21,560 - INFO - 
mIOU:0.49,0.49,0.6,0.79,0.84,0.85,0.86,0.85,0.86,0.84,0.86,0.86,0.86
precision:nan,nan,0.99,0.92,0.91,0.85,0.88,0.85,0.87,0.9,0.86,0.87,0.88
recall:0.0,0.0,0.21,0.62,0.74,0.82,0.8,0.8,0.8,0.75,0.82,0.81,0.81
F1score:nan,nan,0.35,0.74,0.81,0.83,0.84,0.82,0.84,0.82,0.84,0.84,0.84
2022-12-21 09:29:47,980 - INFO - confusionMatrix:[[10393521.    24532.]
 [   30102.   150245.]]
2022-12-21 09:29:47,982 - INFO - Test loss: 0.1559,mIOU:0.86,precision:0.86,recall:0.83,F1score:0.85
2022-12-21 09:29:47,982 - INFO - 
mIOU:0.49,0.49,0.6,0.79,0.84,0.85,0.86,0.85,0.86,0.84,0.86,0.86,0.86,0.86
precision:nan,nan,0.99,0.92,0.91,0.85,0.88,0.85,0.87,0.9,0.86,0.87,0.88,0.86
recall:0.0,0.0,0.21,0.62,0.74,0.82,0.8,0.8,0.8,0.75,0.82,0.81,0.81,0.83
F1score:nan,nan,0.35,0.74,0.81,0.83,0.84,0.82,0.84,0.82,0.84,0.84,0.84,0.85
2022-12-21 09:33:13,350 - INFO - confusionMatrix:[[10400134.    17919.]
 [   35792.   144555.]]
2022-12-21 09:33:13,351 - INFO - Test loss: 0.1589,mIOU:0.86,precision:0.89,recall:0.80,F1score:0.84
2022-12-21 09:33:13,351 - INFO - 
mIOU:0.49,0.49,0.6,0.79,0.84,0.85,0.86,0.85,0.86,0.84,0.86,0.86,0.86,0.86,0.86
precision:nan,nan,0.99,0.92,0.91,0.85,0.88,0.85,0.87,0.9,0.86,0.87,0.88,0.86,0.89
recall:0.0,0.0,0.21,0.62,0.74,0.82,0.8,0.8,0.8,0.75,0.82,0.81,0.81,0.83,0.8
F1score:nan,nan,0.35,0.74,0.81,0.83,0.84,0.82,0.84,0.82,0.84,0.84,0.84,0.85,0.84
2022-12-21 09:36:35,524 - INFO - confusionMatrix:[[10395175.    22878.]
 [   31191.   149156.]]
2022-12-21 09:36:35,525 - INFO - Test loss: 0.1552,mIOU:0.86,precision:0.87,recall:0.83,F1score:0.85
2022-12-21 09:36:35,525 - INFO - 
mIOU:0.49,0.49,0.6,0.79,0.84,0.85,0.86,0.85,0.86,0.84,0.86,0.86,0.86,0.86,0.86,0.86
precision:nan,nan,0.99,0.92,0.91,0.85,0.88,0.85,0.87,0.9,0.86,0.87,0.88,0.86,0.89,0.87
recall:0.0,0.0,0.21,0.62,0.74,0.82,0.8,0.8,0.8,0.75,0.82,0.81,0.81,0.83,0.8,0.83
F1score:nan,nan,0.35,0.74,0.81,0.83,0.84,0.82,0.84,0.82,0.84,0.84,0.84,0.85,0.84,0.85
2022-12-21 09:40:03,356 - INFO - confusionMatrix:[[10395331.    22722.]
 [   31127.   149220.]]
2022-12-21 09:40:03,357 - INFO - Test loss: 0.1546,mIOU:0.86,precision:0.87,recall:0.83,F1score:0.85
2022-12-21 09:40:03,357 - INFO - 
mIOU:0.49,0.49,0.6,0.79,0.84,0.85,0.86,0.85,0.86,0.84,0.86,0.86,0.86,0.86,0.86,0.86,0.86
precision:nan,nan,0.99,0.92,0.91,0.85,0.88,0.85,0.87,0.9,0.86,0.87,0.88,0.86,0.89,0.87,0.87
recall:0.0,0.0,0.21,0.62,0.74,0.82,0.8,0.8,0.8,0.75,0.82,0.81,0.81,0.83,0.8,0.83,0.83
F1score:nan,nan,0.35,0.74,0.81,0.83,0.84,0.82,0.84,0.82,0.84,0.84,0.84,0.85,0.84,0.85,0.85
2022-12-21 09:43:32,626 - INFO - confusionMatrix:[[10398658.    19395.]
 [   33330.   147017.]]
2022-12-21 09:43:32,627 - INFO - Test loss: 0.1542,mIOU:0.87,precision:0.88,recall:0.82,F1score:0.85
2022-12-21 09:43:32,627 - INFO - 
mIOU:0.49,0.49,0.6,0.79,0.84,0.85,0.86,0.85,0.86,0.84,0.86,0.86,0.86,0.86,0.86,0.86,0.86,0.87
precision:nan,nan,0.99,0.92,0.91,0.85,0.88,0.85,0.87,0.9,0.86,0.87,0.88,0.86,0.89,0.87,0.87,0.88
recall:0.0,0.0,0.21,0.62,0.74,0.82,0.8,0.8,0.8,0.75,0.82,0.81,0.81,0.83,0.8,0.83,0.83,0.82
F1score:nan,nan,0.35,0.74,0.81,0.83,0.84,0.82,0.84,0.82,0.84,0.84,0.84,0.85,0.84,0.85,0.85,0.85
2022-12-21 09:47:02,488 - INFO - confusionMatrix:[[10392165.    25888.]
 [   28532.   151815.]]
2022-12-21 09:47:02,489 - INFO - Test loss: 0.1535,mIOU:0.87,precision:0.85,recall:0.84,F1score:0.85
2022-12-21 09:47:02,489 - INFO - 
mIOU:0.49,0.49,0.6,0.79,0.84,0.85,0.86,0.85,0.86,0.84,0.86,0.86,0.86,0.86,0.86,0.86,0.86,0.87,0.87
precision:nan,nan,0.99,0.92,0.91,0.85,0.88,0.85,0.87,0.9,0.86,0.87,0.88,0.86,0.89,0.87,0.87,0.88,0.85
recall:0.0,0.0,0.21,0.62,0.74,0.82,0.8,0.8,0.8,0.75,0.82,0.81,0.81,0.83,0.8,0.83,0.83,0.82,0.84
F1score:nan,nan,0.35,0.74,0.81,0.83,0.84,0.82,0.84,0.82,0.84,0.84,0.84,0.85,0.84,0.85,0.85,0.85,0.85
2022-12-21 09:50:34,547 - INFO - confusionMatrix:[[10385915.    32138.]
 [   25051.   155296.]]
2022-12-21 09:50:34,549 - INFO - Test loss: 0.1564,mIOU:0.86,precision:0.83,recall:0.86,F1score:0.84
2022-12-21 09:50:34,550 - INFO - 
mIOU:0.49,0.49,0.6,0.79,0.84,0.85,0.86,0.85,0.86,0.84,0.86,0.86,0.86,0.86,0.86,0.86,0.86,0.87,0.87,0.86
precision:nan,nan,0.99,0.92,0.91,0.85,0.88,0.85,0.87,0.9,0.86,0.87,0.88,0.86,0.89,0.87,0.87,0.88,0.85,0.83
recall:0.0,0.0,0.21,0.62,0.74,0.82,0.8,0.8,0.8,0.75,0.82,0.81,0.81,0.83,0.8,0.83,0.83,0.82,0.84,0.86
F1score:nan,nan,0.35,0.74,0.81,0.83,0.84,0.82,0.84,0.82,0.84,0.84,0.84,0.85,0.84,0.85,0.85,0.85,0.85,0.84
