2022-12-21 09:57:34,492 - INFO - confusionMatrix:[[10418053.        0.]
 [  180347.        0.]]
2022-12-21 09:57:34,494 - INFO - Test loss: 0.9736,mIOU:0.49,precision:nan,recall:0.00,F1score:nan
2022-12-21 09:57:34,494 - INFO - 
mIOU:0.49
precision:nan
recall:0.0
F1score:nan
2022-12-21 10:04:12,308 - INFO - confusionMatrix:[[10418053.        0.]
 [  180347.        0.]]
2022-12-21 10:04:12,309 - INFO - Test loss: 0.9964,mIOU:0.49,precision:nan,recall:0.00,F1score:nan
2022-12-21 10:04:12,309 - INFO - 
mIOU:0.49,0.49
precision:nan,nan
recall:0.0,0.0
F1score:nan,nan
2022-12-21 10:10:51,702 - INFO - confusionMatrix:[[1.0418024e+07 2.9000000e+01]
 [1.6512800e+05 1.5219000e+04]]
2022-12-21 10:10:51,703 - INFO - Test loss: 0.8397,mIOU:0.53,precision:1.00,recall:0.08,F1score:0.16
2022-12-21 10:10:51,704 - INFO - 
mIOU:0.49,0.49,0.53
precision:nan,nan,1.0
recall:0.0,0.0,0.08
F1score:nan,nan,0.16
2022-12-21 10:17:30,362 - INFO - confusionMatrix:[[1.0416645e+07 1.4080000e+03]
 [1.3899900e+05 4.1348000e+04]]
2022-12-21 10:17:30,364 - INFO - Test loss: 0.6291,mIOU:0.61,precision:0.97,recall:0.23,F1score:0.37
2022-12-21 10:17:30,364 - INFO - 
mIOU:0.49,0.49,0.53,0.61
precision:nan,nan,1.0,0.97
recall:0.0,0.0,0.08,0.23
F1score:nan,nan,0.16,0.37
2022-12-21 10:24:10,704 - INFO - confusionMatrix:[[10404885.    13168.]
 [   50437.   129910.]]
2022-12-21 10:24:10,705 - INFO - Test loss: 0.2062,mIOU:0.83,precision:0.91,recall:0.72,F1score:0.80
2022-12-21 10:24:10,705 - INFO - 
mIOU:0.49,0.49,0.53,0.61,0.83
precision:nan,nan,1.0,0.97,0.91
recall:0.0,0.0,0.08,0.23,0.72
F1score:nan,nan,0.16,0.37,0.8
2022-12-21 10:30:44,651 - INFO - confusionMatrix:[[10395017.    23036.]
 [   37784.   142563.]]
2022-12-21 10:30:44,653 - INFO - Test loss: 0.1825,mIOU:0.85,precision:0.86,recall:0.79,F1score:0.82
2022-12-21 10:30:44,653 - INFO - 
mIOU:0.49,0.49,0.53,0.61,0.83,0.85
precision:nan,nan,1.0,0.97,0.91,0.86
recall:0.0,0.0,0.08,0.23,0.72,0.79
F1score:nan,nan,0.16,0.37,0.8,0.82
2022-12-21 10:37:21,981 - INFO - confusionMatrix:[[10399412.    18641.]
 [   39123.   141224.]]
2022-12-21 10:37:21,983 - INFO - Test loss: 0.1751,mIOU:0.85,precision:0.88,recall:0.78,F1score:0.83
2022-12-21 10:37:21,983 - INFO - 
mIOU:0.49,0.49,0.53,0.61,0.83,0.85,0.85
precision:nan,nan,1.0,0.97,0.91,0.86,0.88
recall:0.0,0.0,0.08,0.23,0.72,0.79,0.78
F1score:nan,nan,0.16,0.37,0.8,0.82,0.83
2022-12-21 10:43:58,681 - INFO - confusionMatrix:[[10397897.    20156.]
 [   37524.   142823.]]
2022-12-21 10:43:58,682 - INFO - Test loss: 0.1723,mIOU:0.85,precision:0.88,recall:0.79,F1score:0.83
2022-12-21 10:43:58,682 - INFO - 
mIOU:0.49,0.49,0.53,0.61,0.83,0.85,0.85,0.85
precision:nan,nan,1.0,0.97,0.91,0.86,0.88,0.88
recall:0.0,0.0,0.08,0.23,0.72,0.79,0.78,0.79
F1score:nan,nan,0.16,0.37,0.8,0.82,0.83,0.83
2022-12-21 10:50:35,858 - INFO - confusionMatrix:[[10395559.    22494.]
 [   33263.   147084.]]
2022-12-21 10:50:35,859 - INFO - Test loss: 0.1628,mIOU:0.86,precision:0.87,recall:0.82,F1score:0.84
2022-12-21 10:50:35,860 - INFO - 
mIOU:0.49,0.49,0.53,0.61,0.83,0.85,0.85,0.85,0.86
precision:nan,nan,1.0,0.97,0.91,0.86,0.88,0.88,0.87
recall:0.0,0.0,0.08,0.23,0.72,0.79,0.78,0.79,0.82
F1score:nan,nan,0.16,0.37,0.8,0.82,0.83,0.83,0.84
2022-12-21 10:57:11,670 - INFO - confusionMatrix:[[10395585.    22468.]
 [   32701.   147646.]]
2022-12-21 10:57:11,672 - INFO - Test loss: 0.1605,mIOU:0.86,precision:0.87,recall:0.82,F1score:0.84
2022-12-21 10:57:11,673 - INFO - 
mIOU:0.49,0.49,0.53,0.61,0.83,0.85,0.85,0.85,0.86,0.86
precision:nan,nan,1.0,0.97,0.91,0.86,0.88,0.88,0.87,0.87
recall:0.0,0.0,0.08,0.23,0.72,0.79,0.78,0.79,0.82,0.82
F1score:nan,nan,0.16,0.37,0.8,0.82,0.83,0.83,0.84,0.84
2022-12-21 11:03:53,250 - INFO - confusionMatrix:[[10392974.    25079.]
 [   30129.   150218.]]
2022-12-21 11:03:53,252 - INFO - Test loss: 0.1579,mIOU:0.86,precision:0.86,recall:0.83,F1score:0.84
2022-12-21 11:03:53,253 - INFO - 
mIOU:0.49,0.49,0.53,0.61,0.83,0.85,0.85,0.85,0.86,0.86,0.86
precision:nan,nan,1.0,0.97,0.91,0.86,0.88,0.88,0.87,0.87,0.86
recall:0.0,0.0,0.08,0.23,0.72,0.79,0.78,0.79,0.82,0.82,0.83
F1score:nan,nan,0.16,0.37,0.8,0.82,0.83,0.83,0.84,0.84,0.84
2022-12-21 11:10:54,773 - INFO - confusionMatrix:[[10395324.    22729.]
 [   32123.   148224.]]
2022-12-21 11:10:54,774 - INFO - Test loss: 0.1581,mIOU:0.86,precision:0.87,recall:0.82,F1score:0.84
2022-12-21 11:10:54,774 - INFO - 
mIOU:0.49,0.49,0.53,0.61,0.83,0.85,0.85,0.85,0.86,0.86,0.86,0.86
precision:nan,nan,1.0,0.97,0.91,0.86,0.88,0.88,0.87,0.87,0.86,0.87
recall:0.0,0.0,0.08,0.23,0.72,0.79,0.78,0.79,0.82,0.82,0.83,0.82
F1score:nan,nan,0.16,0.37,0.8,0.82,0.83,0.83,0.84,0.84,0.84,0.84
2022-12-21 11:17:24,377 - INFO - confusionMatrix:[[10393965.    24088.]
 [   33046.   147301.]]
2022-12-21 11:17:24,378 - INFO - Test loss: 0.1645,mIOU:0.86,precision:0.86,recall:0.82,F1score:0.84
2022-12-21 11:17:24,379 - INFO - 
mIOU:0.49,0.49,0.53,0.61,0.83,0.85,0.85,0.85,0.86,0.86,0.86,0.86,0.86
precision:nan,nan,1.0,0.97,0.91,0.86,0.88,0.88,0.87,0.87,0.86,0.87,0.86
recall:0.0,0.0,0.08,0.23,0.72,0.79,0.78,0.79,0.82,0.82,0.83,0.82,0.82
F1score:nan,nan,0.16,0.37,0.8,0.82,0.83,0.83,0.84,0.84,0.84,0.84,0.84
2022-12-21 11:24:02,846 - INFO - confusionMatrix:[[10395354.    22699.]
 [   31826.   148521.]]
2022-12-21 11:24:02,847 - INFO - Test loss: 0.1574,mIOU:0.86,precision:0.87,recall:0.82,F1score:0.84
2022-12-21 11:24:02,847 - INFO - 
mIOU:0.49,0.49,0.53,0.61,0.83,0.85,0.85,0.85,0.86,0.86,0.86,0.86,0.86,0.86
precision:nan,nan,1.0,0.97,0.91,0.86,0.88,0.88,0.87,0.87,0.86,0.87,0.86,0.87
recall:0.0,0.0,0.08,0.23,0.72,0.79,0.78,0.79,0.82,0.82,0.83,0.82,0.82,0.82
F1score:nan,nan,0.16,0.37,0.8,0.82,0.83,0.83,0.84,0.84,0.84,0.84,0.84,0.84
2022-12-21 11:30:48,817 - INFO - confusionMatrix:[[10393389.    24664.]
 [   30123.   150224.]]
2022-12-21 11:30:48,818 - INFO - Test loss: 0.1557,mIOU:0.86,precision:0.86,recall:0.83,F1score:0.85
2022-12-21 11:30:48,818 - INFO - 
mIOU:0.49,0.49,0.53,0.61,0.83,0.85,0.85,0.85,0.86,0.86,0.86,0.86,0.86,0.86,0.86
precision:nan,nan,1.0,0.97,0.91,0.86,0.88,0.88,0.87,0.87,0.86,0.87,0.86,0.87,0.86
recall:0.0,0.0,0.08,0.23,0.72,0.79,0.78,0.79,0.82,0.82,0.83,0.82,0.82,0.82,0.83
F1score:nan,nan,0.16,0.37,0.8,0.82,0.83,0.83,0.84,0.84,0.84,0.84,0.84,0.84,0.85
2022-12-21 11:37:28,696 - INFO - confusionMatrix:[[10396185.    21868.]
 [   31635.   148712.]]
2022-12-21 11:37:28,698 - INFO - Test loss: 0.1544,mIOU:0.87,precision:0.87,recall:0.82,F1score:0.85
2022-12-21 11:37:28,698 - INFO - 
mIOU:0.49,0.49,0.53,0.61,0.83,0.85,0.85,0.85,0.86,0.86,0.86,0.86,0.86,0.86,0.86,0.87
precision:nan,nan,1.0,0.97,0.91,0.86,0.88,0.88,0.87,0.87,0.86,0.87,0.86,0.87,0.86,0.87
recall:0.0,0.0,0.08,0.23,0.72,0.79,0.78,0.79,0.82,0.82,0.83,0.82,0.82,0.82,0.83,0.82
F1score:nan,nan,0.16,0.37,0.8,0.82,0.83,0.83,0.84,0.84,0.84,0.84,0.84,0.84,0.85,0.85
2022-12-21 11:44:01,610 - INFO - confusionMatrix:[[10398290.    19763.]
 [   32872.   147475.]]
2022-12-21 11:44:01,611 - INFO - Test loss: 0.1534,mIOU:0.87,precision:0.88,recall:0.82,F1score:0.85
2022-12-21 11:44:01,612 - INFO - 
mIOU:0.49,0.49,0.53,0.61,0.83,0.85,0.85,0.85,0.86,0.86,0.86,0.86,0.86,0.86,0.86,0.87,0.87
precision:nan,nan,1.0,0.97,0.91,0.86,0.88,0.88,0.87,0.87,0.86,0.87,0.86,0.87,0.86,0.87,0.88
recall:0.0,0.0,0.08,0.23,0.72,0.79,0.78,0.79,0.82,0.82,0.83,0.82,0.82,0.82,0.83,0.82,0.82
F1score:nan,nan,0.16,0.37,0.8,0.82,0.83,0.83,0.84,0.84,0.84,0.84,0.84,0.84,0.85,0.85,0.85
2022-12-21 11:50:35,375 - INFO - confusionMatrix:[[10389463.    28590.]
 [   27686.   152661.]]
2022-12-21 11:50:35,376 - INFO - Test loss: 0.1566,mIOU:0.86,precision:0.84,recall:0.85,F1score:0.84
2022-12-21 11:50:35,376 - INFO - 
mIOU:0.49,0.49,0.53,0.61,0.83,0.85,0.85,0.85,0.86,0.86,0.86,0.86,0.86,0.86,0.86,0.87,0.87,0.86
precision:nan,nan,1.0,0.97,0.91,0.86,0.88,0.88,0.87,0.87,0.86,0.87,0.86,0.87,0.86,0.87,0.88,0.84
recall:0.0,0.0,0.08,0.23,0.72,0.79,0.78,0.79,0.82,0.82,0.83,0.82,0.82,0.82,0.83,0.82,0.82,0.85
F1score:nan,nan,0.16,0.37,0.8,0.82,0.83,0.83,0.84,0.84,0.84,0.84,0.84,0.84,0.85,0.85,0.85,0.84
2022-12-21 11:57:14,552 - INFO - confusionMatrix:[[10396754.    21299.]
 [   31687.   148660.]]
2022-12-21 11:57:14,553 - INFO - Test loss: 0.1528,mIOU:0.87,precision:0.87,recall:0.82,F1score:0.85
2022-12-21 11:57:14,553 - INFO - 
mIOU:0.49,0.49,0.53,0.61,0.83,0.85,0.85,0.85,0.86,0.86,0.86,0.86,0.86,0.86,0.86,0.87,0.87,0.86,0.87
precision:nan,nan,1.0,0.97,0.91,0.86,0.88,0.88,0.87,0.87,0.86,0.87,0.86,0.87,0.86,0.87,0.88,0.84,0.87
recall:0.0,0.0,0.08,0.23,0.72,0.79,0.78,0.79,0.82,0.82,0.83,0.82,0.82,0.82,0.83,0.82,0.82,0.85,0.82
F1score:nan,nan,0.16,0.37,0.8,0.82,0.83,0.83,0.84,0.84,0.84,0.84,0.84,0.84,0.85,0.85,0.85,0.84,0.85
2022-12-21 12:03:49,789 - INFO - confusionMatrix:[[10397203.    20850.]
 [   31236.   149111.]]
2022-12-21 12:03:49,791 - INFO - Test loss: 0.1504,mIOU:0.87,precision:0.88,recall:0.83,F1score:0.85
2022-12-21 12:03:49,791 - INFO - 
mIOU:0.49,0.49,0.53,0.61,0.83,0.85,0.85,0.85,0.86,0.86,0.86,0.86,0.86,0.86,0.86,0.87,0.87,0.86,0.87,0.87
precision:nan,nan,1.0,0.97,0.91,0.86,0.88,0.88,0.87,0.87,0.86,0.87,0.86,0.87,0.86,0.87,0.88,0.84,0.87,0.88
recall:0.0,0.0,0.08,0.23,0.72,0.79,0.78,0.79,0.82,0.82,0.83,0.82,0.82,0.82,0.83,0.82,0.82,0.85,0.82,0.83
F1score:nan,nan,0.16,0.37,0.8,0.82,0.83,0.83,0.84,0.84,0.84,0.84,0.84,0.84,0.85,0.85,0.85,0.84,0.85,0.85
