2022-12-21 07:15:24,140 - INFO - confusionMatrix:[[10418053.        0.]
 [  180347.        0.]]
2022-12-21 07:15:24,142 - INFO - Test loss: 0.9724,mIOU:0.49,precision:nan,recall:0.00,F1score:nan
2022-12-21 07:15:24,142 - INFO - 
mIOU:0.49
precision:nan
recall:0.0
F1score:nan
2022-12-21 07:19:14,551 - INFO - confusionMatrix:[[10418053.        0.]
 [  180347.        0.]]
2022-12-21 07:19:14,552 - INFO - Test loss: 0.9972,mIOU:0.49,precision:nan,recall:0.00,F1score:nan
2022-12-21 07:19:14,552 - INFO - 
mIOU:0.49,0.49
precision:nan,nan
recall:0.0,0.0
F1score:nan,nan
2022-12-21 07:23:17,817 - INFO - confusionMatrix:[[1.041768e+07 3.730000e+02]
 [1.466470e+05 3.370000e+04]]
2022-12-21 07:23:17,819 - INFO - Test loss: 0.6861,mIOU:0.59,precision:0.99,recall:0.19,F1score:0.31
2022-12-21 07:23:17,819 - INFO - 
mIOU:0.49,0.49,0.59
precision:nan,nan,0.99
recall:0.0,0.0,0.19
F1score:nan,nan,0.31
2022-12-21 07:27:22,013 - INFO - confusionMatrix:[[1.0409423e+07 8.6300000e+03]
 [6.5518000e+04 1.1482900e+05]]
2022-12-21 07:27:22,015 - INFO - Test loss: 0.2568,mIOU:0.80,precision:0.93,recall:0.64,F1score:0.76
2022-12-21 07:27:22,015 - INFO - 
mIOU:0.49,0.49,0.59,0.8
precision:nan,nan,0.99,0.93
recall:0.0,0.0,0.19,0.64
F1score:nan,nan,0.31,0.76
2022-12-21 07:31:22,723 - INFO - confusionMatrix:[[10398527.    19526.]
 [   44518.   135829.]]
2022-12-21 07:31:22,726 - INFO - Test loss: 0.1994,mIOU:0.84,precision:0.87,recall:0.75,F1score:0.81
2022-12-21 07:31:22,726 - INFO - 
mIOU:0.49,0.49,0.59,0.8,0.84
precision:nan,nan,0.99,0.93,0.87
recall:0.0,0.0,0.19,0.64,0.75
F1score:nan,nan,0.31,0.76,0.81
2022-12-21 07:35:22,583 - INFO - confusionMatrix:[[10399987.    18066.]
 [   41539.   138808.]]
2022-12-21 07:35:22,584 - INFO - Test loss: 0.1832,mIOU:0.85,precision:0.88,recall:0.77,F1score:0.82
2022-12-21 07:35:22,585 - INFO - 
mIOU:0.49,0.49,0.59,0.8,0.84,0.85
precision:nan,nan,0.99,0.93,0.87,0.88
recall:0.0,0.0,0.19,0.64,0.75,0.77
F1score:nan,nan,0.31,0.76,0.81,0.82
2022-12-21 07:39:23,831 - INFO - confusionMatrix:[[10398178.    19875.]
 [   38062.   142285.]]
2022-12-21 07:39:23,833 - INFO - Test loss: 0.1739,mIOU:0.85,precision:0.88,recall:0.79,F1score:0.83
2022-12-21 07:39:23,834 - INFO - 
mIOU:0.49,0.49,0.59,0.8,0.84,0.85,0.85
precision:nan,nan,0.99,0.93,0.87,0.88,0.88
recall:0.0,0.0,0.19,0.64,0.75,0.77,0.79
F1score:nan,nan,0.31,0.76,0.81,0.82,0.83
2022-12-21 07:43:26,533 - INFO - confusionMatrix:[[10388271.    29782.]
 [   30642.   149705.]]
2022-12-21 07:43:26,535 - INFO - Test loss: 0.1713,mIOU:0.85,precision:0.83,recall:0.83,F1score:0.83
2022-12-21 07:43:26,536 - INFO - 
mIOU:0.49,0.49,0.59,0.8,0.84,0.85,0.85,0.85
precision:nan,nan,0.99,0.93,0.87,0.88,0.88,0.83
recall:0.0,0.0,0.19,0.64,0.75,0.77,0.79,0.83
F1score:nan,nan,0.31,0.76,0.81,0.82,0.83,0.83
2022-12-21 07:47:27,952 - INFO - confusionMatrix:[[10397998.    20055.]
 [   36364.   143983.]]
2022-12-21 07:47:27,954 - INFO - Test loss: 0.1672,mIOU:0.86,precision:0.88,recall:0.80,F1score:0.84
2022-12-21 07:47:27,954 - INFO - 
mIOU:0.49,0.49,0.59,0.8,0.84,0.85,0.85,0.85,0.86
precision:nan,nan,0.99,0.93,0.87,0.88,0.88,0.83,0.88
recall:0.0,0.0,0.19,0.64,0.75,0.77,0.79,0.83,0.8
F1score:nan,nan,0.31,0.76,0.81,0.82,0.83,0.83,0.84
2022-12-21 07:51:29,019 - INFO - confusionMatrix:[[10396734.    21319.]
 [   34425.   145922.]]
2022-12-21 07:51:29,021 - INFO - Test loss: 0.1635,mIOU:0.86,precision:0.87,recall:0.81,F1score:0.84
2022-12-21 07:51:29,021 - INFO - 
mIOU:0.49,0.49,0.59,0.8,0.84,0.85,0.85,0.85,0.86,0.86
precision:nan,nan,0.99,0.93,0.87,0.88,0.88,0.83,0.88,0.87
recall:0.0,0.0,0.19,0.64,0.75,0.77,0.79,0.83,0.8,0.81
F1score:nan,nan,0.31,0.76,0.81,0.82,0.83,0.83,0.84,0.84
2022-12-21 07:55:27,937 - INFO - confusionMatrix:[[10394320.    23733.]
 [   31711.   148636.]]
2022-12-21 07:55:27,939 - INFO - Test loss: 0.1600,mIOU:0.86,precision:0.86,recall:0.82,F1score:0.84
2022-12-21 07:55:27,939 - INFO - 
mIOU:0.49,0.49,0.59,0.8,0.84,0.85,0.85,0.85,0.86,0.86,0.86
precision:nan,nan,0.99,0.93,0.87,0.88,0.88,0.83,0.88,0.87,0.86
recall:0.0,0.0,0.19,0.64,0.75,0.77,0.79,0.83,0.8,0.81,0.82
F1score:nan,nan,0.31,0.76,0.81,0.82,0.83,0.83,0.84,0.84,0.84
2022-12-21 07:59:28,493 - INFO - confusionMatrix:[[10394703.    23350.]
 [   31931.   148416.]]
2022-12-21 07:59:28,496 - INFO - Test loss: 0.1597,mIOU:0.86,precision:0.86,recall:0.82,F1score:0.84
2022-12-21 07:59:28,496 - INFO - 
mIOU:0.49,0.49,0.59,0.8,0.84,0.85,0.85,0.85,0.86,0.86,0.86,0.86
precision:nan,nan,0.99,0.93,0.87,0.88,0.88,0.83,0.88,0.87,0.86,0.86
recall:0.0,0.0,0.19,0.64,0.75,0.77,0.79,0.83,0.8,0.81,0.82,0.82
F1score:nan,nan,0.31,0.76,0.81,0.82,0.83,0.83,0.84,0.84,0.84,0.84
2022-12-21 08:03:31,731 - INFO - confusionMatrix:[[10394117.    23936.]
 [   31133.   149214.]]
2022-12-21 08:03:31,734 - INFO - Test loss: 0.1585,mIOU:0.86,precision:0.86,recall:0.83,F1score:0.84
2022-12-21 08:03:31,735 - INFO - 
mIOU:0.49,0.49,0.59,0.8,0.84,0.85,0.85,0.85,0.86,0.86,0.86,0.86,0.86
precision:nan,nan,0.99,0.93,0.87,0.88,0.88,0.83,0.88,0.87,0.86,0.86,0.86
recall:0.0,0.0,0.19,0.64,0.75,0.77,0.79,0.83,0.8,0.81,0.82,0.82,0.83
F1score:nan,nan,0.31,0.76,0.81,0.82,0.83,0.83,0.84,0.84,0.84,0.84,0.84
2022-12-21 08:07:32,845 - INFO - confusionMatrix:[[10384076.    33977.]
 [   27433.   152914.]]
2022-12-21 08:07:32,847 - INFO - Test loss: 0.1683,mIOU:0.85,precision:0.82,recall:0.85,F1score:0.83
2022-12-21 08:07:32,847 - INFO - 
mIOU:0.49,0.49,0.59,0.8,0.84,0.85,0.85,0.85,0.86,0.86,0.86,0.86,0.86,0.85
precision:nan,nan,0.99,0.93,0.87,0.88,0.88,0.83,0.88,0.87,0.86,0.86,0.86,0.82
recall:0.0,0.0,0.19,0.64,0.75,0.77,0.79,0.83,0.8,0.81,0.82,0.82,0.83,0.85
F1score:nan,nan,0.31,0.76,0.81,0.82,0.83,0.83,0.84,0.84,0.84,0.84,0.84,0.83
2022-12-21 08:11:31,333 - INFO - confusionMatrix:[[10395380.    22673.]
 [   32245.   148102.]]
2022-12-21 08:11:31,336 - INFO - Test loss: 0.1583,mIOU:0.86,precision:0.87,recall:0.82,F1score:0.84
2022-12-21 08:11:31,336 - INFO - 
mIOU:0.49,0.49,0.59,0.8,0.84,0.85,0.85,0.85,0.86,0.86,0.86,0.86,0.86,0.85,0.86
precision:nan,nan,0.99,0.93,0.87,0.88,0.88,0.83,0.88,0.87,0.86,0.86,0.86,0.82,0.87
recall:0.0,0.0,0.19,0.64,0.75,0.77,0.79,0.83,0.8,0.81,0.82,0.82,0.83,0.85,0.82
F1score:nan,nan,0.31,0.76,0.81,0.82,0.83,0.83,0.84,0.84,0.84,0.84,0.84,0.83,0.84
2022-12-21 08:15:30,407 - INFO - confusionMatrix:[[10393160.    24893.]
 [   29236.   151111.]]
2022-12-21 08:15:30,410 - INFO - Test loss: 0.1538,mIOU:0.87,precision:0.86,recall:0.84,F1score:0.85
2022-12-21 08:15:30,411 - INFO - 
mIOU:0.49,0.49,0.59,0.8,0.84,0.85,0.85,0.85,0.86,0.86,0.86,0.86,0.86,0.85,0.86,0.87
precision:nan,nan,0.99,0.93,0.87,0.88,0.88,0.83,0.88,0.87,0.86,0.86,0.86,0.82,0.87,0.86
recall:0.0,0.0,0.19,0.64,0.75,0.77,0.79,0.83,0.8,0.81,0.82,0.82,0.83,0.85,0.82,0.84
F1score:nan,nan,0.31,0.76,0.81,0.82,0.83,0.83,0.84,0.84,0.84,0.84,0.84,0.83,0.84,0.85
2022-12-21 08:19:46,129 - INFO - confusionMatrix:[[10395356.    22697.]
 [   30701.   149646.]]
2022-12-21 08:19:46,131 - INFO - Test loss: 0.1534,mIOU:0.87,precision:0.87,recall:0.83,F1score:0.85
2022-12-21 08:19:46,132 - INFO - 
mIOU:0.49,0.49,0.59,0.8,0.84,0.85,0.85,0.85,0.86,0.86,0.86,0.86,0.86,0.85,0.86,0.87,0.87
precision:nan,nan,0.99,0.93,0.87,0.88,0.88,0.83,0.88,0.87,0.86,0.86,0.86,0.82,0.87,0.86,0.87
recall:0.0,0.0,0.19,0.64,0.75,0.77,0.79,0.83,0.8,0.81,0.82,0.82,0.83,0.85,0.82,0.84,0.83
F1score:nan,nan,0.31,0.76,0.81,0.82,0.83,0.83,0.84,0.84,0.84,0.84,0.84,0.83,0.84,0.85,0.85
2022-12-21 08:24:04,575 - INFO - confusionMatrix:[[10396537.    21516.]
 [   31939.   148408.]]
2022-12-21 08:24:04,576 - INFO - Test loss: 0.1542,mIOU:0.87,precision:0.87,recall:0.82,F1score:0.85
2022-12-21 08:24:04,577 - INFO - 
mIOU:0.49,0.49,0.59,0.8,0.84,0.85,0.85,0.85,0.86,0.86,0.86,0.86,0.86,0.85,0.86,0.87,0.87,0.87
precision:nan,nan,0.99,0.93,0.87,0.88,0.88,0.83,0.88,0.87,0.86,0.86,0.86,0.82,0.87,0.86,0.87,0.87
recall:0.0,0.0,0.19,0.64,0.75,0.77,0.79,0.83,0.8,0.81,0.82,0.82,0.83,0.85,0.82,0.84,0.83,0.82
F1score:nan,nan,0.31,0.76,0.81,0.82,0.83,0.83,0.84,0.84,0.84,0.84,0.84,0.83,0.84,0.85,0.85,0.85
2022-12-21 08:28:18,683 - INFO - confusionMatrix:[[10394630.    23423.]
 [   30537.   149810.]]
2022-12-21 08:28:18,685 - INFO - Test loss: 0.1542,mIOU:0.87,precision:0.86,recall:0.83,F1score:0.85
2022-12-21 08:28:18,685 - INFO - 
mIOU:0.49,0.49,0.59,0.8,0.84,0.85,0.85,0.85,0.86,0.86,0.86,0.86,0.86,0.85,0.86,0.87,0.87,0.87,0.87
precision:nan,nan,0.99,0.93,0.87,0.88,0.88,0.83,0.88,0.87,0.86,0.86,0.86,0.82,0.87,0.86,0.87,0.87,0.86
recall:0.0,0.0,0.19,0.64,0.75,0.77,0.79,0.83,0.8,0.81,0.82,0.82,0.83,0.85,0.82,0.84,0.83,0.82,0.83
F1score:nan,nan,0.31,0.76,0.81,0.82,0.83,0.83,0.84,0.84,0.84,0.84,0.84,0.83,0.84,0.85,0.85,0.85,0.85
2022-12-21 08:32:34,021 - INFO - confusionMatrix:[[10393431.    24622.]
 [   28597.   151750.]]
2022-12-21 08:32:34,023 - INFO - Test loss: 0.1508,mIOU:0.87,precision:0.86,recall:0.84,F1score:0.85
2022-12-21 08:32:34,023 - INFO - 
mIOU:0.49,0.49,0.59,0.8,0.84,0.85,0.85,0.85,0.86,0.86,0.86,0.86,0.86,0.85,0.86,0.87,0.87,0.87,0.87,0.87
precision:nan,nan,0.99,0.93,0.87,0.88,0.88,0.83,0.88,0.87,0.86,0.86,0.86,0.82,0.87,0.86,0.87,0.87,0.86,0.86
recall:0.0,0.0,0.19,0.64,0.75,0.77,0.79,0.83,0.8,0.81,0.82,0.82,0.83,0.85,0.82,0.84,0.83,0.82,0.83,0.84
F1score:nan,nan,0.31,0.76,0.81,0.82,0.83,0.83,0.84,0.84,0.84,0.84,0.84,0.83,0.84,0.85,0.85,0.85,0.85,0.85
