2022-12-21 06:52:25,642 - INFO - confusionMatrix:[[1990023. 8428030.]
 [  11502.  168845.]]
2022-12-21 06:52:25,644 - INFO - Test loss: 0.9606,mIOU:0.11,precision:0.02,recall:0.94,F1score:0.04
2022-12-21 06:52:25,644 - INFO - 
mIOU:0.11
precision:0.02
recall:0.94
F1score:0.04
2022-12-21 06:53:20,935 - INFO - confusionMatrix:[[1.0418053e+07 0.0000000e+00]
 [1.8029800e+05 4.9000000e+01]]
2022-12-21 06:53:20,937 - INFO - Test loss: 0.9785,mIOU:0.49,precision:1.00,recall:0.00,F1score:0.00
2022-12-21 06:53:20,937 - INFO - 
mIOU:0.11,0.49
precision:0.02,1.0
recall:0.94,0.0
F1score:0.04,0.0
2022-12-21 06:54:18,326 - INFO - confusionMatrix:[[1.0417592e+07 4.6100000e+02]
 [1.5107700e+05 2.9270000e+04]]
2022-12-21 06:54:18,329 - INFO - Test loss: 0.7352,mIOU:0.57,precision:0.98,recall:0.16,F1score:0.28
2022-12-21 06:54:18,329 - INFO - 
mIOU:0.11,0.49,0.57
precision:0.02,1.0,0.98
recall:0.94,0.0,0.16
F1score:0.04,0.0,0.28
2022-12-21 06:55:19,215 - INFO - confusionMatrix:[[10397345.    20708.]
 [   56826.   123521.]]
2022-12-21 06:55:19,217 - INFO - Test loss: 0.2449,mIOU:0.80,precision:0.86,recall:0.68,F1score:0.76
2022-12-21 06:55:19,217 - INFO - 
mIOU:0.11,0.49,0.57,0.8
precision:0.02,1.0,0.98,0.86
recall:0.94,0.0,0.16,0.68
F1score:0.04,0.0,0.28,0.76
2022-12-21 06:56:17,285 - INFO - confusionMatrix:[[10406493.    11560.]
 [   74239.   106108.]]
2022-12-21 06:56:17,288 - INFO - Test loss: 0.2942,mIOU:0.77,precision:0.90,recall:0.59,F1score:0.71
2022-12-21 06:56:17,288 - INFO - 
mIOU:0.11,0.49,0.57,0.8,0.77
precision:0.02,1.0,0.98,0.86,0.9
recall:0.94,0.0,0.16,0.68,0.59
F1score:0.04,0.0,0.28,0.76,0.71
2022-12-21 06:57:17,266 - INFO - confusionMatrix:[[1.0413169e+07 4.8840000e+03]
 [1.4503700e+05 3.5310000e+04]]
2022-12-21 06:57:17,267 - INFO - Test loss: 0.6927,mIOU:0.59,precision:0.88,recall:0.20,F1score:0.32
2022-12-21 06:57:17,268 - INFO - 
mIOU:0.11,0.49,0.57,0.8,0.77,0.59
precision:0.02,1.0,0.98,0.86,0.9,0.88
recall:0.94,0.0,0.16,0.68,0.59,0.2
F1score:0.04,0.0,0.28,0.76,0.71,0.32
2022-12-21 06:58:18,911 - INFO - confusionMatrix:[[10398840.    19213.]
 [   51120.   129227.]]
2022-12-21 06:58:18,913 - INFO - Test loss: 0.2172,mIOU:0.82,precision:0.87,recall:0.72,F1score:0.79
2022-12-21 06:58:18,913 - INFO - 
mIOU:0.11,0.49,0.57,0.8,0.77,0.59,0.82
precision:0.02,1.0,0.98,0.86,0.9,0.88,0.87
recall:0.94,0.0,0.16,0.68,0.59,0.2,0.72
F1score:0.04,0.0,0.28,0.76,0.71,0.32,0.79
2022-12-21 06:59:15,693 - INFO - confusionMatrix:[[1.0410671e+07 7.3820000e+03]
 [6.9485000e+04 1.1086200e+05]]
2022-12-21 06:59:15,695 - INFO - Test loss: 0.2667,mIOU:0.79,precision:0.94,recall:0.61,F1score:0.74
2022-12-21 06:59:15,695 - INFO - 
mIOU:0.11,0.49,0.57,0.8,0.77,0.59,0.82,0.79
precision:0.02,1.0,0.98,0.86,0.9,0.88,0.87,0.94
recall:0.94,0.0,0.16,0.68,0.59,0.2,0.72,0.61
F1score:0.04,0.0,0.28,0.76,0.71,0.32,0.79,0.74
2022-12-21 07:00:14,974 - INFO - confusionMatrix:[[10364290.    53763.]
 [   36261.   144086.]]
2022-12-21 07:00:14,975 - INFO - Test loss: 0.2350,mIOU:0.80,precision:0.73,recall:0.80,F1score:0.76
2022-12-21 07:00:14,976 - INFO - 
mIOU:0.11,0.49,0.57,0.8,0.77,0.59,0.82,0.79,0.8
precision:0.02,1.0,0.98,0.86,0.9,0.88,0.87,0.94,0.73
recall:0.94,0.0,0.16,0.68,0.59,0.2,0.72,0.61,0.8
F1score:0.04,0.0,0.28,0.76,0.71,0.32,0.79,0.74,0.76
2022-12-21 07:01:14,964 - INFO - confusionMatrix:[[10400520.    17533.]
 [   49255.   131092.]]
2022-12-21 07:01:14,966 - INFO - Test loss: 0.2074,mIOU:0.83,precision:0.88,recall:0.73,F1score:0.80
2022-12-21 07:01:14,967 - INFO - 
mIOU:0.11,0.49,0.57,0.8,0.77,0.59,0.82,0.79,0.8,0.83
precision:0.02,1.0,0.98,0.86,0.9,0.88,0.87,0.94,0.73,0.88
recall:0.94,0.0,0.16,0.68,0.59,0.2,0.72,0.61,0.8,0.73
F1score:0.04,0.0,0.28,0.76,0.71,0.32,0.79,0.74,0.76,0.8
2022-12-21 07:02:16,302 - INFO - confusionMatrix:[[10262875.   155178.]
 [   23438.   156909.]]
2022-12-21 07:02:16,305 - INFO - Test loss: 0.3282,mIOU:0.73,precision:0.50,recall:0.87,F1score:0.64
2022-12-21 07:02:16,305 - INFO - 
mIOU:0.11,0.49,0.57,0.8,0.77,0.59,0.82,0.79,0.8,0.83,0.73
precision:0.02,1.0,0.98,0.86,0.9,0.88,0.87,0.94,0.73,0.88,0.5
recall:0.94,0.0,0.16,0.68,0.59,0.2,0.72,0.61,0.8,0.73,0.87
F1score:0.04,0.0,0.28,0.76,0.71,0.32,0.79,0.74,0.76,0.8,0.64
2022-12-21 07:03:14,617 - INFO - confusionMatrix:[[10391079.    26974.]
 [   35554.   144793.]]
2022-12-21 07:03:14,619 - INFO - Test loss: 0.1789,mIOU:0.85,precision:0.84,recall:0.80,F1score:0.82
2022-12-21 07:03:14,619 - INFO - 
mIOU:0.11,0.49,0.57,0.8,0.77,0.59,0.82,0.79,0.8,0.83,0.73,0.85
precision:0.02,1.0,0.98,0.86,0.9,0.88,0.87,0.94,0.73,0.88,0.5,0.84
recall:0.94,0.0,0.16,0.68,0.59,0.2,0.72,0.61,0.8,0.73,0.87,0.8
F1score:0.04,0.0,0.28,0.76,0.71,0.32,0.79,0.74,0.76,0.8,0.64,0.82
2022-12-21 07:04:12,124 - INFO - confusionMatrix:[[10396044.    22009.]
 [   41134.   139213.]]
2022-12-21 07:04:12,126 - INFO - Test loss: 0.1878,mIOU:0.84,precision:0.86,recall:0.77,F1score:0.82
2022-12-21 07:04:12,126 - INFO - 
mIOU:0.11,0.49,0.57,0.8,0.77,0.59,0.82,0.79,0.8,0.83,0.73,0.85,0.84
precision:0.02,1.0,0.98,0.86,0.9,0.88,0.87,0.94,0.73,0.88,0.5,0.84,0.86
recall:0.94,0.0,0.16,0.68,0.59,0.2,0.72,0.61,0.8,0.73,0.87,0.8,0.77
F1score:0.04,0.0,0.28,0.76,0.71,0.32,0.79,0.74,0.76,0.8,0.64,0.82,0.82
2022-12-21 07:05:10,456 - INFO - confusionMatrix:[[10395182.    22871.]
 [   35211.   145136.]]
2022-12-21 07:05:10,457 - INFO - Test loss: 0.1691,mIOU:0.85,precision:0.86,recall:0.80,F1score:0.83
2022-12-21 07:05:10,458 - INFO - 
mIOU:0.11,0.49,0.57,0.8,0.77,0.59,0.82,0.79,0.8,0.83,0.73,0.85,0.84,0.85
precision:0.02,1.0,0.98,0.86,0.9,0.88,0.87,0.94,0.73,0.88,0.5,0.84,0.86,0.86
recall:0.94,0.0,0.16,0.68,0.59,0.2,0.72,0.61,0.8,0.73,0.87,0.8,0.77,0.8
F1score:0.04,0.0,0.28,0.76,0.71,0.32,0.79,0.74,0.76,0.8,0.64,0.82,0.82,0.83
2022-12-21 07:06:07,735 - INFO - confusionMatrix:[[1.0408567e+07 9.4860000e+03]
 [5.2802000e+04 1.2754500e+05]]
2022-12-21 07:06:07,737 - INFO - Test loss: 0.2014,mIOU:0.83,precision:0.93,recall:0.71,F1score:0.80
2022-12-21 07:06:07,737 - INFO - 
mIOU:0.11,0.49,0.57,0.8,0.77,0.59,0.82,0.79,0.8,0.83,0.73,0.85,0.84,0.85,0.83
precision:0.02,1.0,0.98,0.86,0.9,0.88,0.87,0.94,0.73,0.88,0.5,0.84,0.86,0.86,0.93
recall:0.94,0.0,0.16,0.68,0.59,0.2,0.72,0.61,0.8,0.73,0.87,0.8,0.77,0.8,0.71
F1score:0.04,0.0,0.28,0.76,0.71,0.32,0.79,0.74,0.76,0.8,0.64,0.82,0.82,0.83,0.8
2022-12-21 07:07:06,121 - INFO - confusionMatrix:[[10379692.    38361.]
 [   30968.   149379.]]
2022-12-21 07:07:06,123 - INFO - Test loss: 0.1877,mIOU:0.84,precision:0.80,recall:0.83,F1score:0.81
2022-12-21 07:07:06,124 - INFO - 
mIOU:0.11,0.49,0.57,0.8,0.77,0.59,0.82,0.79,0.8,0.83,0.73,0.85,0.84,0.85,0.83,0.84
precision:0.02,1.0,0.98,0.86,0.9,0.88,0.87,0.94,0.73,0.88,0.5,0.84,0.86,0.86,0.93,0.8
recall:0.94,0.0,0.16,0.68,0.59,0.2,0.72,0.61,0.8,0.73,0.87,0.8,0.77,0.8,0.71,0.83
F1score:0.04,0.0,0.28,0.76,0.71,0.32,0.79,0.74,0.76,0.8,0.64,0.82,0.82,0.83,0.8,0.81
2022-12-21 07:08:04,838 - INFO - confusionMatrix:[[10385565.    32488.]
 [   30171.   150176.]]
2022-12-21 07:08:04,839 - INFO - Test loss: 0.1748,mIOU:0.85,precision:0.82,recall:0.83,F1score:0.83
2022-12-21 07:08:04,839 - INFO - 
mIOU:0.11,0.49,0.57,0.8,0.77,0.59,0.82,0.79,0.8,0.83,0.73,0.85,0.84,0.85,0.83,0.84,0.85
precision:0.02,1.0,0.98,0.86,0.9,0.88,0.87,0.94,0.73,0.88,0.5,0.84,0.86,0.86,0.93,0.8,0.82
recall:0.94,0.0,0.16,0.68,0.59,0.2,0.72,0.61,0.8,0.73,0.87,0.8,0.77,0.8,0.71,0.83,0.83
F1score:0.04,0.0,0.28,0.76,0.71,0.32,0.79,0.74,0.76,0.8,0.64,0.82,0.82,0.83,0.8,0.81,0.83
2022-12-21 07:09:03,579 - INFO - confusionMatrix:[[10387355.    30698.]
 [   31748.   148599.]]
2022-12-21 07:09:03,581 - INFO - Test loss: 0.1746,mIOU:0.85,precision:0.83,recall:0.82,F1score:0.83
2022-12-21 07:09:03,581 - INFO - 
mIOU:0.11,0.49,0.57,0.8,0.77,0.59,0.82,0.79,0.8,0.83,0.73,0.85,0.84,0.85,0.83,0.84,0.85,0.85
precision:0.02,1.0,0.98,0.86,0.9,0.88,0.87,0.94,0.73,0.88,0.5,0.84,0.86,0.86,0.93,0.8,0.82,0.83
recall:0.94,0.0,0.16,0.68,0.59,0.2,0.72,0.61,0.8,0.73,0.87,0.8,0.77,0.8,0.71,0.83,0.83,0.82
F1score:0.04,0.0,0.28,0.76,0.71,0.32,0.79,0.74,0.76,0.8,0.64,0.82,0.82,0.83,0.8,0.81,0.83,0.83
2022-12-21 07:09:59,796 - INFO - confusionMatrix:[[10400437.    17616.]
 [   38640.   141707.]]
2022-12-21 07:09:59,799 - INFO - Test loss: 0.1682,mIOU:0.86,precision:0.89,recall:0.79,F1score:0.83
2022-12-21 07:09:59,799 - INFO - 
mIOU:0.11,0.49,0.57,0.8,0.77,0.59,0.82,0.79,0.8,0.83,0.73,0.85,0.84,0.85,0.83,0.84,0.85,0.85,0.86
precision:0.02,1.0,0.98,0.86,0.9,0.88,0.87,0.94,0.73,0.88,0.5,0.84,0.86,0.86,0.93,0.8,0.82,0.83,0.89
recall:0.94,0.0,0.16,0.68,0.59,0.2,0.72,0.61,0.8,0.73,0.87,0.8,0.77,0.8,0.71,0.83,0.83,0.82,0.79
F1score:0.04,0.0,0.28,0.76,0.71,0.32,0.79,0.74,0.76,0.8,0.64,0.82,0.82,0.83,0.8,0.81,0.83,0.83,0.83
2022-12-21 07:10:59,340 - INFO - confusionMatrix:[[9913935.  504118.]
 [  10442.  169905.]]
2022-12-21 07:10:59,342 - INFO - Test loss: 0.5837,mIOU:0.60,precision:0.25,recall:0.94,F1score:0.40
2022-12-21 07:10:59,342 - INFO - 
mIOU:0.11,0.49,0.57,0.8,0.77,0.59,0.82,0.79,0.8,0.83,0.73,0.85,0.84,0.85,0.83,0.84,0.85,0.85,0.86,0.6
precision:0.02,1.0,0.98,0.86,0.9,0.88,0.87,0.94,0.73,0.88,0.5,0.84,0.86,0.86,0.93,0.8,0.82,0.83,0.89,0.25
recall:0.94,0.0,0.16,0.68,0.59,0.2,0.72,0.61,0.8,0.73,0.87,0.8,0.77,0.8,0.71,0.83,0.83,0.82,0.79,0.94
F1score:0.04,0.0,0.28,0.76,0.71,0.32,0.79,0.74,0.76,0.8,0.64,0.82,0.82,0.83,0.8,0.81,0.83,0.83,0.83,0.4
