2022-12-21 12:12:58,282 - INFO - confusionMatrix:[[10418053.        0.]
 [  180347.        0.]]
2022-12-21 12:12:58,285 - INFO - Test loss: 0.9738,mIOU:0.49,precision:nan,recall:0.00,F1score:nan
2022-12-21 12:12:58,285 - INFO - 
mIOU:0.49
precision:nan
recall:0.0
F1score:nan
2022-12-21 12:19:54,879 - INFO - confusionMatrix:[[10418053.        0.]
 [  180347.        0.]]
2022-12-21 12:19:54,880 - INFO - Test loss: 0.9961,mIOU:0.49,precision:nan,recall:0.00,F1score:nan
2022-12-21 12:19:54,880 - INFO - 
mIOU:0.49,0.49
precision:nan,nan
recall:0.0,0.0
F1score:nan,nan
2022-12-21 12:27:05,074 - INFO - confusionMatrix:[[1.0417957e+07 9.6000000e+01]
 [1.5690400e+05 2.3443000e+04]]
2022-12-21 12:27:05,075 - INFO - Test loss: 0.7666,mIOU:0.56,precision:1.00,recall:0.13,F1score:0.23
2022-12-21 12:27:05,075 - INFO - 
mIOU:0.49,0.49,0.56
precision:nan,nan,1.0
recall:0.0,0.0,0.13
F1score:nan,nan,0.23
2022-12-21 12:34:08,800 - INFO - confusionMatrix:[[1.0412055e+07 5.9980000e+03]
 [8.1011000e+04 9.9336000e+04]]
2022-12-21 12:34:08,802 - INFO - Test loss: 0.3203,mIOU:0.76,precision:0.94,recall:0.55,F1score:0.70
2022-12-21 12:34:08,802 - INFO - 
mIOU:0.49,0.49,0.56,0.76
precision:nan,nan,1.0,0.94
recall:0.0,0.0,0.13,0.55
F1score:nan,nan,0.23,0.7
2022-12-21 12:41:16,045 - INFO - confusionMatrix:[[10403793.    14260.]
 [   49367.   130980.]]
2022-12-21 12:41:16,046 - INFO - Test loss: 0.2063,mIOU:0.83,precision:0.90,recall:0.73,F1score:0.80
2022-12-21 12:41:16,046 - INFO - 
mIOU:0.49,0.49,0.56,0.76,0.83
precision:nan,nan,1.0,0.94,0.9
recall:0.0,0.0,0.13,0.55,0.73
F1score:nan,nan,0.23,0.7,0.8
2022-12-21 12:48:18,323 - INFO - confusionMatrix:[[10398762.    19291.]
 [   39203.   141144.]]
2022-12-21 12:48:18,324 - INFO - Test loss: 0.1784,mIOU:0.85,precision:0.88,recall:0.78,F1score:0.83
2022-12-21 12:48:18,325 - INFO - 
mIOU:0.49,0.49,0.56,0.76,0.83,0.85
precision:nan,nan,1.0,0.94,0.9,0.88
recall:0.0,0.0,0.13,0.55,0.73,0.78
F1score:nan,nan,0.23,0.7,0.8,0.83
2022-12-21 12:55:21,552 - INFO - confusionMatrix:[[10398371.    19682.]
 [   36653.   143694.]]
2022-12-21 12:55:21,554 - INFO - Test loss: 0.1693,mIOU:0.86,precision:0.88,recall:0.80,F1score:0.84
2022-12-21 12:55:21,554 - INFO - 
mIOU:0.49,0.49,0.56,0.76,0.83,0.85,0.86
precision:nan,nan,1.0,0.94,0.9,0.88,0.88
recall:0.0,0.0,0.13,0.55,0.73,0.78,0.8
F1score:nan,nan,0.23,0.7,0.8,0.83,0.84
2022-12-21 13:02:21,259 - INFO - confusionMatrix:[[10392967.    25086.]
 [   31748.   148599.]]
2022-12-21 13:02:21,260 - INFO - Test loss: 0.1642,mIOU:0.86,precision:0.86,recall:0.82,F1score:0.84
2022-12-21 13:02:21,260 - INFO - 
mIOU:0.49,0.49,0.56,0.76,0.83,0.85,0.86,0.86
precision:nan,nan,1.0,0.94,0.9,0.88,0.88,0.86
recall:0.0,0.0,0.13,0.55,0.73,0.78,0.8,0.82
F1score:nan,nan,0.23,0.7,0.8,0.83,0.84,0.84
2022-12-21 13:09:20,566 - INFO - confusionMatrix:[[10396822.    21231.]
 [   34003.   146344.]]
2022-12-21 13:09:20,567 - INFO - Test loss: 0.1629,mIOU:0.86,precision:0.87,recall:0.81,F1score:0.84
2022-12-21 13:09:20,567 - INFO - 
mIOU:0.49,0.49,0.56,0.76,0.83,0.85,0.86,0.86,0.86
precision:nan,nan,1.0,0.94,0.9,0.88,0.88,0.86,0.87
recall:0.0,0.0,0.13,0.55,0.73,0.78,0.8,0.82,0.81
F1score:nan,nan,0.23,0.7,0.8,0.83,0.84,0.84,0.84
2022-12-21 13:16:05,207 - INFO - confusionMatrix:[[10397259.    20794.]
 [   33877.   146470.]]
2022-12-21 13:16:05,209 - INFO - Test loss: 0.1605,mIOU:0.86,precision:0.88,recall:0.81,F1score:0.84
2022-12-21 13:16:05,210 - INFO - 
mIOU:0.49,0.49,0.56,0.76,0.83,0.85,0.86,0.86,0.86,0.86
precision:nan,nan,1.0,0.94,0.9,0.88,0.88,0.86,0.87,0.88
recall:0.0,0.0,0.13,0.55,0.73,0.78,0.8,0.82,0.81,0.81
F1score:nan,nan,0.23,0.7,0.8,0.83,0.84,0.84,0.84,0.84
2022-12-21 13:22:41,289 - INFO - confusionMatrix:[[10394756.    23297.]
 [   31076.   149271.]]
2022-12-21 13:22:41,292 - INFO - Test loss: 0.1571,mIOU:0.86,precision:0.86,recall:0.83,F1score:0.85
2022-12-21 13:22:41,292 - INFO - 
mIOU:0.49,0.49,0.56,0.76,0.83,0.85,0.86,0.86,0.86,0.86,0.86
precision:nan,nan,1.0,0.94,0.9,0.88,0.88,0.86,0.87,0.88,0.86
recall:0.0,0.0,0.13,0.55,0.73,0.78,0.8,0.82,0.81,0.81,0.83
F1score:nan,nan,0.23,0.7,0.8,0.83,0.84,0.84,0.84,0.84,0.85
2022-12-21 13:29:19,285 - INFO - confusionMatrix:[[10391237.    26816.]
 [   28757.   151590.]]
2022-12-21 13:29:19,286 - INFO - Test loss: 0.1572,mIOU:0.86,precision:0.85,recall:0.84,F1score:0.85
2022-12-21 13:29:19,286 - INFO - 
mIOU:0.49,0.49,0.56,0.76,0.83,0.85,0.86,0.86,0.86,0.86,0.86,0.86
precision:nan,nan,1.0,0.94,0.9,0.88,0.88,0.86,0.87,0.88,0.86,0.85
recall:0.0,0.0,0.13,0.55,0.73,0.78,0.8,0.82,0.81,0.81,0.83,0.84
F1score:nan,nan,0.23,0.7,0.8,0.83,0.84,0.84,0.84,0.84,0.85,0.85
2022-12-21 13:35:59,760 - INFO - confusionMatrix:[[10395454.    22599.]
 [   31262.   149085.]]
2022-12-21 13:35:59,761 - INFO - Test loss: 0.1557,mIOU:0.86,precision:0.87,recall:0.83,F1score:0.85
2022-12-21 13:35:59,762 - INFO - 
mIOU:0.49,0.49,0.56,0.76,0.83,0.85,0.86,0.86,0.86,0.86,0.86,0.86,0.86
precision:nan,nan,1.0,0.94,0.9,0.88,0.88,0.86,0.87,0.88,0.86,0.85,0.87
recall:0.0,0.0,0.13,0.55,0.73,0.78,0.8,0.82,0.81,0.81,0.83,0.84,0.83
F1score:nan,nan,0.23,0.7,0.8,0.83,0.84,0.84,0.84,0.84,0.85,0.85,0.85
2022-12-21 13:42:33,760 - INFO - confusionMatrix:[[10394463.    23590.]
 [   30476.   149871.]]
2022-12-21 13:42:33,761 - INFO - Test loss: 0.1556,mIOU:0.86,precision:0.86,recall:0.83,F1score:0.85
2022-12-21 13:42:33,762 - INFO - 
mIOU:0.49,0.49,0.56,0.76,0.83,0.85,0.86,0.86,0.86,0.86,0.86,0.86,0.86,0.86
precision:nan,nan,1.0,0.94,0.9,0.88,0.88,0.86,0.87,0.88,0.86,0.85,0.87,0.86
recall:0.0,0.0,0.13,0.55,0.73,0.78,0.8,0.82,0.81,0.81,0.83,0.84,0.83,0.83
F1score:nan,nan,0.23,0.7,0.8,0.83,0.84,0.84,0.84,0.84,0.85,0.85,0.85,0.85
2022-12-21 13:49:01,878 - INFO - confusionMatrix:[[10395707.    22346.]
 [   31168.   149179.]]
2022-12-21 13:49:01,880 - INFO - Test loss: 0.1545,mIOU:0.87,precision:0.87,recall:0.83,F1score:0.85
2022-12-21 13:49:01,881 - INFO - 
mIOU:0.49,0.49,0.56,0.76,0.83,0.85,0.86,0.86,0.86,0.86,0.86,0.86,0.86,0.86,0.87
precision:nan,nan,1.0,0.94,0.9,0.88,0.88,0.86,0.87,0.88,0.86,0.85,0.87,0.86,0.87
recall:0.0,0.0,0.13,0.55,0.73,0.78,0.8,0.82,0.81,0.81,0.83,0.84,0.83,0.83,0.83
F1score:nan,nan,0.23,0.7,0.8,0.83,0.84,0.84,0.84,0.84,0.85,0.85,0.85,0.85,0.85
2022-12-21 13:55:27,578 - INFO - confusionMatrix:[[10392073.    25980.]
 [   28316.   152031.]]
2022-12-21 13:55:27,579 - INFO - Test loss: 0.1534,mIOU:0.87,precision:0.85,recall:0.84,F1score:0.85
2022-12-21 13:55:27,579 - INFO - 
mIOU:0.49,0.49,0.56,0.76,0.83,0.85,0.86,0.86,0.86,0.86,0.86,0.86,0.86,0.86,0.87,0.87
precision:nan,nan,1.0,0.94,0.9,0.88,0.88,0.86,0.87,0.88,0.86,0.85,0.87,0.86,0.87,0.85
recall:0.0,0.0,0.13,0.55,0.73,0.78,0.8,0.82,0.81,0.81,0.83,0.84,0.83,0.83,0.83,0.84
F1score:nan,nan,0.23,0.7,0.8,0.83,0.84,0.84,0.84,0.84,0.85,0.85,0.85,0.85,0.85,0.85
2022-12-21 14:01:55,479 - INFO - confusionMatrix:[[10398407.    19646.]
 [   32980.   147367.]]
2022-12-21 14:01:55,480 - INFO - Test loss: 0.1539,mIOU:0.87,precision:0.88,recall:0.82,F1score:0.85
2022-12-21 14:01:55,480 - INFO - 
mIOU:0.49,0.49,0.56,0.76,0.83,0.85,0.86,0.86,0.86,0.86,0.86,0.86,0.86,0.86,0.87,0.87,0.87
precision:nan,nan,1.0,0.94,0.9,0.88,0.88,0.86,0.87,0.88,0.86,0.85,0.87,0.86,0.87,0.85,0.88
recall:0.0,0.0,0.13,0.55,0.73,0.78,0.8,0.82,0.81,0.81,0.83,0.84,0.83,0.83,0.83,0.84,0.82
F1score:nan,nan,0.23,0.7,0.8,0.83,0.84,0.84,0.84,0.84,0.85,0.85,0.85,0.85,0.85,0.85,0.85
2022-12-21 14:08:21,920 - INFO - confusionMatrix:[[10394540.    23513.]
 [   29591.   150756.]]
2022-12-21 14:08:21,921 - INFO - Test loss: 0.1518,mIOU:0.87,precision:0.87,recall:0.84,F1score:0.85
2022-12-21 14:08:21,921 - INFO - 
mIOU:0.49,0.49,0.56,0.76,0.83,0.85,0.86,0.86,0.86,0.86,0.86,0.86,0.86,0.86,0.87,0.87,0.87,0.87
precision:nan,nan,1.0,0.94,0.9,0.88,0.88,0.86,0.87,0.88,0.86,0.85,0.87,0.86,0.87,0.85,0.88,0.87
recall:0.0,0.0,0.13,0.55,0.73,0.78,0.8,0.82,0.81,0.81,0.83,0.84,0.83,0.83,0.83,0.84,0.82,0.84
F1score:nan,nan,0.23,0.7,0.8,0.83,0.84,0.84,0.84,0.84,0.85,0.85,0.85,0.85,0.85,0.85,0.85,0.85
2022-12-21 14:14:46,081 - INFO - confusionMatrix:[[10397231.    20822.]
 [   31682.   148665.]]
2022-12-21 14:14:46,083 - INFO - Test loss: 0.1524,mIOU:0.87,precision:0.88,recall:0.82,F1score:0.85
2022-12-21 14:14:46,083 - INFO - 
mIOU:0.49,0.49,0.56,0.76,0.83,0.85,0.86,0.86,0.86,0.86,0.86,0.86,0.86,0.86,0.87,0.87,0.87,0.87,0.87
precision:nan,nan,1.0,0.94,0.9,0.88,0.88,0.86,0.87,0.88,0.86,0.85,0.87,0.86,0.87,0.85,0.88,0.87,0.88
recall:0.0,0.0,0.13,0.55,0.73,0.78,0.8,0.82,0.81,0.81,0.83,0.84,0.83,0.83,0.83,0.84,0.82,0.84,0.82
F1score:nan,nan,0.23,0.7,0.8,0.83,0.84,0.84,0.84,0.84,0.85,0.85,0.85,0.85,0.85,0.85,0.85,0.85,0.85
2022-12-21 14:21:10,664 - INFO - confusionMatrix:[[10394071.    23982.]
 [   28744.   151603.]]
2022-12-21 14:21:10,665 - INFO - Test loss: 0.1498,mIOU:0.87,precision:0.86,recall:0.84,F1score:0.85
2022-12-21 14:21:10,666 - INFO - 
mIOU:0.49,0.49,0.56,0.76,0.83,0.85,0.86,0.86,0.86,0.86,0.86,0.86,0.86,0.86,0.87,0.87,0.87,0.87,0.87,0.87
precision:nan,nan,1.0,0.94,0.9,0.88,0.88,0.86,0.87,0.88,0.86,0.85,0.87,0.86,0.87,0.85,0.88,0.87,0.88,0.86
recall:0.0,0.0,0.13,0.55,0.73,0.78,0.8,0.82,0.81,0.81,0.83,0.84,0.83,0.83,0.83,0.84,0.82,0.84,0.82,0.84
F1score:nan,nan,0.23,0.7,0.8,0.83,0.84,0.84,0.84,0.84,0.85,0.85,0.85,0.85,0.85,0.85,0.85,0.85,0.85,0.85
