2022-12-21 06:29:01,301 - INFO - confusionMatrix:[[1.9521800e+05 1.0222835e+07]
 [1.5760000e+03 1.7877100e+05]]
2022-12-21 06:29:01,303 - INFO - Test loss: 0.9650,mIOU:0.02,precision:0.02,recall:0.99,F1score:0.03
2022-12-21 06:29:01,303 - INFO - 
mIOU:0.02
precision:0.02
recall:0.99
F1score:0.03
2022-12-21 06:30:01,387 - INFO - confusionMatrix:[[10418053.        0.]
 [  180347.        0.]]
2022-12-21 06:30:01,389 - INFO - Test loss: 0.9763,mIOU:0.49,precision:nan,recall:0.00,F1score:nan
2022-12-21 06:30:01,390 - INFO - 
mIOU:0.02,0.49
precision:0.02,nan
recall:0.99,0.0
F1score:0.03,nan
2022-12-21 06:31:00,720 - INFO - confusionMatrix:[[1.0417858e+07 1.9500000e+02]
 [1.7764600e+05 2.7010000e+03]]
2022-12-21 06:31:00,721 - INFO - Test loss: 0.9523,mIOU:0.50,precision:0.93,recall:0.01,F1score:0.03
2022-12-21 06:31:00,722 - INFO - 
mIOU:0.02,0.49,0.5
precision:0.02,nan,0.93
recall:0.99,0.0,0.01
F1score:0.03,nan,0.03
2022-12-21 06:31:59,000 - INFO - confusionMatrix:[[1.0408304e+07 9.7490000e+03]
 [6.7228000e+04 1.1311900e+05]]
2022-12-21 06:31:59,002 - INFO - Test loss: 0.2643,mIOU:0.79,precision:0.92,recall:0.63,F1score:0.75
2022-12-21 06:31:59,003 - INFO - 
mIOU:0.02,0.49,0.5,0.79
precision:0.02,nan,0.93,0.92
recall:0.99,0.0,0.01,0.63
F1score:0.03,nan,0.03,0.75
2022-12-21 06:32:58,780 - INFO - confusionMatrix:[[10374720.    43333.]
 [   41735.   138612.]]
2022-12-21 06:32:58,782 - INFO - Test loss: 0.2388,mIOU:0.81,precision:0.76,recall:0.77,F1score:0.77
2022-12-21 06:32:58,782 - INFO - 
mIOU:0.02,0.49,0.5,0.79,0.81
precision:0.02,nan,0.93,0.92,0.76
recall:0.99,0.0,0.01,0.63,0.77
F1score:0.03,nan,0.03,0.75,0.77
2022-12-21 06:33:58,499 - INFO - confusionMatrix:[[10377126.    40927.]
 [   30790.   149557.]]
2022-12-21 06:33:58,502 - INFO - Test loss: 0.1974,mIOU:0.83,precision:0.79,recall:0.83,F1score:0.81
2022-12-21 06:33:58,502 - INFO - 
mIOU:0.02,0.49,0.5,0.79,0.81,0.83
precision:0.02,nan,0.93,0.92,0.76,0.79
recall:0.99,0.0,0.01,0.63,0.77,0.83
F1score:0.03,nan,0.03,0.75,0.77,0.81
2022-12-21 06:34:57,583 - INFO - confusionMatrix:[[10396430.    21623.]
 [   41080.   139267.]]
2022-12-21 06:34:57,585 - INFO - Test loss: 0.1874,mIOU:0.84,precision:0.87,recall:0.77,F1score:0.82
2022-12-21 06:34:57,585 - INFO - 
mIOU:0.02,0.49,0.5,0.79,0.81,0.83,0.84
precision:0.02,nan,0.93,0.92,0.76,0.79,0.87
recall:0.99,0.0,0.01,0.63,0.77,0.83,0.77
F1score:0.03,nan,0.03,0.75,0.77,0.81,0.82
2022-12-21 06:35:58,068 - INFO - confusionMatrix:[[10400784.    17269.]
 [   45633.   134714.]]
2022-12-21 06:35:58,070 - INFO - Test loss: 0.1931,mIOU:0.84,precision:0.89,recall:0.75,F1score:0.81
2022-12-21 06:35:58,070 - INFO - 
mIOU:0.02,0.49,0.5,0.79,0.81,0.83,0.84,0.84
precision:0.02,nan,0.93,0.92,0.76,0.79,0.87,0.89
recall:0.99,0.0,0.01,0.63,0.77,0.83,0.77,0.75
F1score:0.03,nan,0.03,0.75,0.77,0.81,0.82,0.81
2022-12-21 06:36:57,094 - INFO - confusionMatrix:[[10396841.    21212.]
 [   39280.   141067.]]
2022-12-21 06:36:57,096 - INFO - Test loss: 0.1795,mIOU:0.85,precision:0.87,recall:0.78,F1score:0.82
2022-12-21 06:36:57,096 - INFO - 
mIOU:0.02,0.49,0.5,0.79,0.81,0.83,0.84,0.84,0.85
precision:0.02,nan,0.93,0.92,0.76,0.79,0.87,0.89,0.87
recall:0.99,0.0,0.01,0.63,0.77,0.83,0.77,0.75,0.78
F1score:0.03,nan,0.03,0.75,0.77,0.81,0.82,0.81,0.82
2022-12-21 06:37:57,261 - INFO - confusionMatrix:[[10394703.    23350.]
 [   38473.   141874.]]
2022-12-21 06:37:57,262 - INFO - Test loss: 0.1814,mIOU:0.85,precision:0.86,recall:0.79,F1score:0.82
2022-12-21 06:37:57,262 - INFO - 
mIOU:0.02,0.49,0.5,0.79,0.81,0.83,0.84,0.84,0.85,0.85
precision:0.02,nan,0.93,0.92,0.76,0.79,0.87,0.89,0.87,0.86
recall:0.99,0.0,0.01,0.63,0.77,0.83,0.77,0.75,0.78,0.79
F1score:0.03,nan,0.03,0.75,0.77,0.81,0.82,0.81,0.82,0.82
2022-12-21 06:38:59,664 - INFO - confusionMatrix:[[10396589.    21464.]
 [   42422.   137925.]]
2022-12-21 06:38:59,666 - INFO - Test loss: 0.1911,mIOU:0.84,precision:0.87,recall:0.76,F1score:0.81
2022-12-21 06:38:59,666 - INFO - 
mIOU:0.02,0.49,0.5,0.79,0.81,0.83,0.84,0.84,0.85,0.85,0.84
precision:0.02,nan,0.93,0.92,0.76,0.79,0.87,0.89,0.87,0.86,0.87
recall:0.99,0.0,0.01,0.63,0.77,0.83,0.77,0.75,0.78,0.79,0.76
F1score:0.03,nan,0.03,0.75,0.77,0.81,0.82,0.81,0.82,0.82,0.81
2022-12-21 06:40:01,953 - INFO - confusionMatrix:[[10398639.    19414.]
 [   42659.   137688.]]
2022-12-21 06:40:01,954 - INFO - Test loss: 0.1865,mIOU:0.84,precision:0.88,recall:0.76,F1score:0.82
2022-12-21 06:40:01,954 - INFO - 
mIOU:0.02,0.49,0.5,0.79,0.81,0.83,0.84,0.84,0.85,0.85,0.84,0.84
precision:0.02,nan,0.93,0.92,0.76,0.79,0.87,0.89,0.87,0.86,0.87,0.88
recall:0.99,0.0,0.01,0.63,0.77,0.83,0.77,0.75,0.78,0.79,0.76,0.76
F1score:0.03,nan,0.03,0.75,0.77,0.81,0.82,0.81,0.82,0.82,0.81,0.82
2022-12-21 06:41:03,882 - INFO - confusionMatrix:[[10391781.    26272.]
 [   35169.   145178.]]
2022-12-21 06:41:03,884 - INFO - Test loss: 0.1758,mIOU:0.85,precision:0.85,recall:0.80,F1score:0.83
2022-12-21 06:41:03,884 - INFO - 
mIOU:0.02,0.49,0.5,0.79,0.81,0.83,0.84,0.84,0.85,0.85,0.84,0.84,0.85
precision:0.02,nan,0.93,0.92,0.76,0.79,0.87,0.89,0.87,0.86,0.87,0.88,0.85
recall:0.99,0.0,0.01,0.63,0.77,0.83,0.77,0.75,0.78,0.79,0.76,0.76,0.8
F1score:0.03,nan,0.03,0.75,0.77,0.81,0.82,0.81,0.82,0.82,0.81,0.82,0.83
2022-12-21 06:42:06,375 - INFO - confusionMatrix:[[10393866.    24187.]
 [   36176.   144171.]]
2022-12-21 06:42:06,376 - INFO - Test loss: 0.1755,mIOU:0.85,precision:0.86,recall:0.80,F1score:0.83
2022-12-21 06:42:06,377 - INFO - 
mIOU:0.02,0.49,0.5,0.79,0.81,0.83,0.84,0.84,0.85,0.85,0.84,0.84,0.85,0.85
precision:0.02,nan,0.93,0.92,0.76,0.79,0.87,0.89,0.87,0.86,0.87,0.88,0.85,0.86
recall:0.99,0.0,0.01,0.63,0.77,0.83,0.77,0.75,0.78,0.79,0.76,0.76,0.8,0.8
F1score:0.03,nan,0.03,0.75,0.77,0.81,0.82,0.81,0.82,0.82,0.81,0.82,0.83,0.83
2022-12-21 06:43:08,624 - INFO - confusionMatrix:[[10383369.    34684.]
 [   28382.   151965.]]
2022-12-21 06:43:08,627 - INFO - Test loss: 0.1723,mIOU:0.85,precision:0.81,recall:0.84,F1score:0.83
2022-12-21 06:43:08,627 - INFO - 
mIOU:0.02,0.49,0.5,0.79,0.81,0.83,0.84,0.84,0.85,0.85,0.84,0.84,0.85,0.85,0.85
precision:0.02,nan,0.93,0.92,0.76,0.79,0.87,0.89,0.87,0.86,0.87,0.88,0.85,0.86,0.81
recall:0.99,0.0,0.01,0.63,0.77,0.83,0.77,0.75,0.78,0.79,0.76,0.76,0.8,0.8,0.84
F1score:0.03,nan,0.03,0.75,0.77,0.81,0.82,0.81,0.82,0.82,0.81,0.82,0.83,0.83,0.83
2022-12-21 06:44:11,270 - INFO - confusionMatrix:[[10393781.    24272.]
 [   33995.   146352.]]
2022-12-21 06:44:11,271 - INFO - Test loss: 0.1676,mIOU:0.85,precision:0.86,recall:0.81,F1score:0.83
2022-12-21 06:44:11,271 - INFO - 
mIOU:0.02,0.49,0.5,0.79,0.81,0.83,0.84,0.84,0.85,0.85,0.84,0.84,0.85,0.85,0.85,0.85
precision:0.02,nan,0.93,0.92,0.76,0.79,0.87,0.89,0.87,0.86,0.87,0.88,0.85,0.86,0.81,0.86
recall:0.99,0.0,0.01,0.63,0.77,0.83,0.77,0.75,0.78,0.79,0.76,0.76,0.8,0.8,0.84,0.81
F1score:0.03,nan,0.03,0.75,0.77,0.81,0.82,0.81,0.82,0.82,0.81,0.82,0.83,0.83,0.83,0.83
2022-12-21 06:45:13,718 - INFO - confusionMatrix:[[10397282.    20771.]
 [   37207.   143140.]]
2022-12-21 06:45:13,720 - INFO - Test loss: 0.1701,mIOU:0.85,precision:0.87,recall:0.79,F1score:0.83
2022-12-21 06:45:13,721 - INFO - 
mIOU:0.02,0.49,0.5,0.79,0.81,0.83,0.84,0.84,0.85,0.85,0.84,0.84,0.85,0.85,0.85,0.85,0.85
precision:0.02,nan,0.93,0.92,0.76,0.79,0.87,0.89,0.87,0.86,0.87,0.88,0.85,0.86,0.81,0.86,0.87
recall:0.99,0.0,0.01,0.63,0.77,0.83,0.77,0.75,0.78,0.79,0.76,0.76,0.8,0.8,0.84,0.81,0.79
F1score:0.03,nan,0.03,0.75,0.77,0.81,0.82,0.81,0.82,0.82,0.81,0.82,0.83,0.83,0.83,0.83,0.83
2022-12-21 06:46:16,482 - INFO - confusionMatrix:[[10394234.    23819.]
 [   33866.   146481.]]
2022-12-21 06:46:16,484 - INFO - Test loss: 0.1658,mIOU:0.86,precision:0.86,recall:0.81,F1score:0.84
2022-12-21 06:46:16,484 - INFO - 
mIOU:0.02,0.49,0.5,0.79,0.81,0.83,0.84,0.84,0.85,0.85,0.84,0.84,0.85,0.85,0.85,0.85,0.85,0.86
precision:0.02,nan,0.93,0.92,0.76,0.79,0.87,0.89,0.87,0.86,0.87,0.88,0.85,0.86,0.81,0.86,0.87,0.86
recall:0.99,0.0,0.01,0.63,0.77,0.83,0.77,0.75,0.78,0.79,0.76,0.76,0.8,0.8,0.84,0.81,0.79,0.81
F1score:0.03,nan,0.03,0.75,0.77,0.81,0.82,0.81,0.82,0.82,0.81,0.82,0.83,0.83,0.83,0.83,0.83,0.84
2022-12-21 06:47:16,486 - INFO - confusionMatrix:[[10397668.    20385.]
 [   35956.   144391.]]
2022-12-21 06:47:16,489 - INFO - Test loss: 0.1653,mIOU:0.86,precision:0.88,recall:0.80,F1score:0.84
2022-12-21 06:47:16,489 - INFO - 
mIOU:0.02,0.49,0.5,0.79,0.81,0.83,0.84,0.84,0.85,0.85,0.84,0.84,0.85,0.85,0.85,0.85,0.85,0.86,0.86
precision:0.02,nan,0.93,0.92,0.76,0.79,0.87,0.89,0.87,0.86,0.87,0.88,0.85,0.86,0.81,0.86,0.87,0.86,0.88
recall:0.99,0.0,0.01,0.63,0.77,0.83,0.77,0.75,0.78,0.79,0.76,0.76,0.8,0.8,0.84,0.81,0.79,0.81,0.8
F1score:0.03,nan,0.03,0.75,0.77,0.81,0.82,0.81,0.82,0.82,0.81,0.82,0.83,0.83,0.83,0.83,0.83,0.84,0.84
2022-12-21 06:48:18,547 - INFO - confusionMatrix:[[10387190.    30863.]
 [   28701.   151646.]]
2022-12-21 06:48:18,548 - INFO - Test loss: 0.1641,mIOU:0.86,precision:0.83,recall:0.84,F1score:0.84
2022-12-21 06:48:18,549 - INFO - 
mIOU:0.02,0.49,0.5,0.79,0.81,0.83,0.84,0.84,0.85,0.85,0.84,0.84,0.85,0.85,0.85,0.85,0.85,0.86,0.86,0.86
precision:0.02,nan,0.93,0.92,0.76,0.79,0.87,0.89,0.87,0.86,0.87,0.88,0.85,0.86,0.81,0.86,0.87,0.86,0.88,0.83
recall:0.99,0.0,0.01,0.63,0.77,0.83,0.77,0.75,0.78,0.79,0.76,0.76,0.8,0.8,0.84,0.81,0.79,0.81,0.8,0.84
F1score:0.03,nan,0.03,0.75,0.77,0.81,0.82,0.81,0.82,0.82,0.81,0.82,0.83,0.83,0.83,0.83,0.83,0.84,0.84,0.84
