2022-12-21 18:32:30,744 - INFO - confusionMatrix:[[10696787.        0.]
 [  208813.        0.]]
2022-12-21 18:32:30,747 - INFO - Test loss: 0.9691,mIOU:0.49,precision:nan,recall:0.00,F1score:nan
2022-12-21 18:32:30,748 - INFO - 
mIOU:0.49
precision:nan
recall:0.0
F1score:nan
2022-12-21 18:34:12,188 - INFO - confusionMatrix:[[1.0626657e+07 7.0130000e+04]
 [2.0768200e+05 1.1310000e+03]]
2022-12-21 18:34:12,190 - INFO - Test loss: 0.9691,mIOU:0.49,precision:0.02,recall:0.01,F1score:0.01
2022-12-21 18:34:12,190 - INFO - 
mIOU:0.49,0.49
precision:nan,0.02
recall:0.0,0.01
F1score:nan,0.01
2022-12-21 18:35:53,556 - INFO - confusionMatrix:[[10371135.   325652.]
 [  176738.    32075.]]
2022-12-21 18:35:53,558 - INFO - Test loss: 0.9439,mIOU:0.51,precision:0.09,recall:0.15,F1score:0.11
2022-12-21 18:35:53,558 - INFO - 
mIOU:0.49,0.49,0.51
precision:nan,0.02,0.09
recall:0.0,0.01,0.15
F1score:nan,0.01,0.11
2022-12-21 18:37:35,031 - INFO - confusionMatrix:[[10000379.   696408.]
 [  117875.    90938.]]
2022-12-21 18:37:35,033 - INFO - Test loss: 0.8989,mIOU:0.51,precision:0.12,recall:0.44,F1score:0.18
2022-12-21 18:37:35,033 - INFO - 
mIOU:0.49,0.49,0.51,0.51
precision:nan,0.02,0.09,0.12
recall:0.0,0.01,0.15,0.44
F1score:nan,0.01,0.11,0.18
2022-12-21 18:39:16,949 - INFO - confusionMatrix:[[10058354.   638433.]
 [   98481.   110332.]]
2022-12-21 18:39:16,951 - INFO - Test loss: 0.8663,mIOU:0.53,precision:0.15,recall:0.53,F1score:0.23
2022-12-21 18:39:16,951 - INFO - 
mIOU:0.49,0.49,0.51,0.51,0.53
precision:nan,0.02,0.09,0.12,0.15
recall:0.0,0.01,0.15,0.44,0.53
F1score:nan,0.01,0.11,0.18,0.23
2022-12-21 18:41:00,844 - INFO - confusionMatrix:[[10026662.   670125.]
 [   81404.   127409.]]
2022-12-21 18:41:00,846 - INFO - Test loss: 0.8068,mIOU:0.54,precision:0.16,recall:0.61,F1score:0.25
2022-12-21 18:41:00,846 - INFO - 
mIOU:0.49,0.49,0.51,0.51,0.53,0.54
precision:nan,0.02,0.09,0.12,0.15,0.16
recall:0.0,0.01,0.15,0.44,0.53,0.61
F1score:nan,0.01,0.11,0.18,0.23,0.25
2022-12-21 18:42:44,090 - INFO - confusionMatrix:[[10048943.   647844.]
 [   72170.   136643.]]
2022-12-21 18:42:44,092 - INFO - Test loss: 0.7636,mIOU:0.55,precision:0.17,recall:0.65,F1score:0.28
2022-12-21 18:42:44,093 - INFO - 
mIOU:0.49,0.49,0.51,0.51,0.53,0.54,0.55
precision:nan,0.02,0.09,0.12,0.15,0.16,0.17
recall:0.0,0.01,0.15,0.44,0.53,0.61,0.65
F1score:nan,0.01,0.11,0.18,0.23,0.25,0.28
2022-12-21 18:44:26,560 - INFO - confusionMatrix:[[10203552.   493235.]
 [   72618.   136195.]]
2022-12-21 18:44:26,562 - INFO - Test loss: 0.7114,mIOU:0.57,precision:0.22,recall:0.65,F1score:0.32
2022-12-21 18:44:26,562 - INFO - 
mIOU:0.49,0.49,0.51,0.51,0.53,0.54,0.55,0.57
precision:nan,0.02,0.09,0.12,0.15,0.16,0.17,0.22
recall:0.0,0.01,0.15,0.44,0.53,0.61,0.65,0.65
F1score:nan,0.01,0.11,0.18,0.23,0.25,0.28,0.32
2022-12-21 18:46:09,754 - INFO - confusionMatrix:[[10427582.   269205.]
 [   90156.   118657.]]
2022-12-21 18:46:09,756 - INFO - Test loss: 0.6441,mIOU:0.61,precision:0.31,recall:0.57,F1score:0.40
2022-12-21 18:46:09,756 - INFO - 
mIOU:0.49,0.49,0.51,0.51,0.53,0.54,0.55,0.57,0.61
precision:nan,0.02,0.09,0.12,0.15,0.16,0.17,0.22,0.31
recall:0.0,0.01,0.15,0.44,0.53,0.61,0.65,0.65,0.57
F1score:nan,0.01,0.11,0.18,0.23,0.25,0.28,0.32,0.4
2022-12-21 18:47:51,582 - INFO - confusionMatrix:[[10353706.   343081.]
 [   78375.   130438.]]
2022-12-21 18:47:51,583 - INFO - Test loss: 0.6469,mIOU:0.60,precision:0.28,recall:0.62,F1score:0.38
2022-12-21 18:47:51,583 - INFO - 
mIOU:0.49,0.49,0.51,0.51,0.53,0.54,0.55,0.57,0.61,0.6
precision:nan,0.02,0.09,0.12,0.15,0.16,0.17,0.22,0.31,0.28
recall:0.0,0.01,0.15,0.44,0.53,0.61,0.65,0.65,0.57,0.62
F1score:nan,0.01,0.11,0.18,0.23,0.25,0.28,0.32,0.4,0.38
2022-12-21 18:49:34,499 - INFO - confusionMatrix:[[10231849.   464938.]
 [   65890.   142923.]]
2022-12-21 18:49:34,500 - INFO - Test loss: 0.6674,mIOU:0.58,precision:0.24,recall:0.68,F1score:0.35
2022-12-21 18:49:34,500 - INFO - 
mIOU:0.49,0.49,0.51,0.51,0.53,0.54,0.55,0.57,0.61,0.6,0.58
precision:nan,0.02,0.09,0.12,0.15,0.16,0.17,0.22,0.31,0.28,0.24
recall:0.0,0.01,0.15,0.44,0.53,0.61,0.65,0.65,0.57,0.62,0.68
F1score:nan,0.01,0.11,0.18,0.23,0.25,0.28,0.32,0.4,0.38,0.35
2022-12-21 18:51:17,142 - INFO - confusionMatrix:[[10379264.   317523.]
 [   76474.   132339.]]
2022-12-21 18:51:17,143 - INFO - Test loss: 0.6245,mIOU:0.61,precision:0.29,recall:0.63,F1score:0.40
2022-12-21 18:51:17,143 - INFO - 
mIOU:0.49,0.49,0.51,0.51,0.53,0.54,0.55,0.57,0.61,0.6,0.58,0.61
precision:nan,0.02,0.09,0.12,0.15,0.16,0.17,0.22,0.31,0.28,0.24,0.29
recall:0.0,0.01,0.15,0.44,0.53,0.61,0.65,0.65,0.57,0.62,0.68,0.63
F1score:nan,0.01,0.11,0.18,0.23,0.25,0.28,0.32,0.4,0.38,0.35,0.4
2022-12-21 18:52:58,953 - INFO - confusionMatrix:[[10405434.   291353.]
 [   77553.   131260.]]
2022-12-21 18:52:58,955 - INFO - Test loss: 0.6113,mIOU:0.61,precision:0.31,recall:0.63,F1score:0.42
2022-12-21 18:52:58,955 - INFO - 
mIOU:0.49,0.49,0.51,0.51,0.53,0.54,0.55,0.57,0.61,0.6,0.58,0.61,0.61
precision:nan,0.02,0.09,0.12,0.15,0.16,0.17,0.22,0.31,0.28,0.24,0.29,0.31
recall:0.0,0.01,0.15,0.44,0.53,0.61,0.65,0.65,0.57,0.62,0.68,0.63,0.63
F1score:nan,0.01,0.11,0.18,0.23,0.25,0.28,0.32,0.4,0.38,0.35,0.4,0.42
2022-12-21 18:54:41,689 - INFO - confusionMatrix:[[10323390.   373397.]
 [   69480.   139333.]]
2022-12-21 18:54:41,690 - INFO - Test loss: 0.6308,mIOU:0.60,precision:0.27,recall:0.67,F1score:0.39
2022-12-21 18:54:41,691 - INFO - 
mIOU:0.49,0.49,0.51,0.51,0.53,0.54,0.55,0.57,0.61,0.6,0.58,0.61,0.61,0.6
precision:nan,0.02,0.09,0.12,0.15,0.16,0.17,0.22,0.31,0.28,0.24,0.29,0.31,0.27
recall:0.0,0.01,0.15,0.44,0.53,0.61,0.65,0.65,0.57,0.62,0.68,0.63,0.63,0.67
F1score:nan,0.01,0.11,0.18,0.23,0.25,0.28,0.32,0.4,0.38,0.35,0.4,0.42,0.39
2022-12-21 18:56:24,450 - INFO - confusionMatrix:[[10431591.   265196.]
 [   80209.   128604.]]
2022-12-21 18:56:24,452 - INFO - Test loss: 0.5976,mIOU:0.62,precision:0.33,recall:0.62,F1score:0.43
2022-12-21 18:56:24,452 - INFO - 
mIOU:0.49,0.49,0.51,0.51,0.53,0.54,0.55,0.57,0.61,0.6,0.58,0.61,0.61,0.6,0.62
precision:nan,0.02,0.09,0.12,0.15,0.16,0.17,0.22,0.31,0.28,0.24,0.29,0.31,0.27,0.33
recall:0.0,0.01,0.15,0.44,0.53,0.61,0.65,0.65,0.57,0.62,0.68,0.63,0.63,0.67,0.62
F1score:nan,0.01,0.11,0.18,0.23,0.25,0.28,0.32,0.4,0.38,0.35,0.4,0.42,0.39,0.43
2022-12-21 18:58:07,638 - INFO - confusionMatrix:[[10466897.   229890.]
 [   84590.   124223.]]
2022-12-21 18:58:07,640 - INFO - Test loss: 0.5838,mIOU:0.63,precision:0.35,recall:0.59,F1score:0.44
2022-12-21 18:58:07,640 - INFO - 
mIOU:0.49,0.49,0.51,0.51,0.53,0.54,0.55,0.57,0.61,0.6,0.58,0.61,0.61,0.6,0.62,0.63
precision:nan,0.02,0.09,0.12,0.15,0.16,0.17,0.22,0.31,0.28,0.24,0.29,0.31,0.27,0.33,0.35
recall:0.0,0.01,0.15,0.44,0.53,0.61,0.65,0.65,0.57,0.62,0.68,0.63,0.63,0.67,0.62,0.59
F1score:nan,0.01,0.11,0.18,0.23,0.25,0.28,0.32,0.4,0.38,0.35,0.4,0.42,0.39,0.43,0.44
2022-12-21 18:59:50,946 - INFO - confusionMatrix:[[10455319.   241468.]
 [   83786.   125027.]]
2022-12-21 18:59:50,948 - INFO - Test loss: 0.5883,mIOU:0.62,precision:0.34,recall:0.60,F1score:0.43
2022-12-21 18:59:50,948 - INFO - 
mIOU:0.49,0.49,0.51,0.51,0.53,0.54,0.55,0.57,0.61,0.6,0.58,0.61,0.61,0.6,0.62,0.63,0.62
precision:nan,0.02,0.09,0.12,0.15,0.16,0.17,0.22,0.31,0.28,0.24,0.29,0.31,0.27,0.33,0.35,0.34
recall:0.0,0.01,0.15,0.44,0.53,0.61,0.65,0.65,0.57,0.62,0.68,0.63,0.63,0.67,0.62,0.59,0.6
F1score:nan,0.01,0.11,0.18,0.23,0.25,0.28,0.32,0.4,0.38,0.35,0.4,0.42,0.39,0.43,0.44,0.43
2022-12-21 19:01:33,050 - INFO - confusionMatrix:[[10490550.   206237.]
 [   88245.   120568.]]
2022-12-21 19:01:33,052 - INFO - Test loss: 0.5764,mIOU:0.63,precision:0.37,recall:0.58,F1score:0.45
2022-12-21 19:01:33,053 - INFO - 
mIOU:0.49,0.49,0.51,0.51,0.53,0.54,0.55,0.57,0.61,0.6,0.58,0.61,0.61,0.6,0.62,0.63,0.62,0.63
precision:nan,0.02,0.09,0.12,0.15,0.16,0.17,0.22,0.31,0.28,0.24,0.29,0.31,0.27,0.33,0.35,0.34,0.37
recall:0.0,0.01,0.15,0.44,0.53,0.61,0.65,0.65,0.57,0.62,0.68,0.63,0.63,0.67,0.62,0.59,0.6,0.58
F1score:nan,0.01,0.11,0.18,0.23,0.25,0.28,0.32,0.4,0.38,0.35,0.4,0.42,0.39,0.43,0.44,0.43,0.45
2022-12-21 19:03:17,556 - INFO - confusionMatrix:[[10444059.   252728.]
 [   80336.   128477.]]
2022-12-21 19:03:17,558 - INFO - Test loss: 0.5874,mIOU:0.62,precision:0.34,recall:0.62,F1score:0.44
2022-12-21 19:03:17,558 - INFO - 
mIOU:0.49,0.49,0.51,0.51,0.53,0.54,0.55,0.57,0.61,0.6,0.58,0.61,0.61,0.6,0.62,0.63,0.62,0.63,0.62
precision:nan,0.02,0.09,0.12,0.15,0.16,0.17,0.22,0.31,0.28,0.24,0.29,0.31,0.27,0.33,0.35,0.34,0.37,0.34
recall:0.0,0.01,0.15,0.44,0.53,0.61,0.65,0.65,0.57,0.62,0.68,0.63,0.63,0.67,0.62,0.59,0.6,0.58,0.62
F1score:nan,0.01,0.11,0.18,0.23,0.25,0.28,0.32,0.4,0.38,0.35,0.4,0.42,0.39,0.43,0.44,0.43,0.45,0.44
2022-12-21 19:04:59,877 - INFO - confusionMatrix:[[10538776.   158011.]
 [   98328.   110485.]]
2022-12-21 19:04:59,878 - INFO - Test loss: 0.5707,mIOU:0.64,precision:0.41,recall:0.53,F1score:0.46
2022-12-21 19:04:59,878 - INFO - 
mIOU:0.49,0.49,0.51,0.51,0.53,0.54,0.55,0.57,0.61,0.6,0.58,0.61,0.61,0.6,0.62,0.63,0.62,0.63,0.62,0.64
precision:nan,0.02,0.09,0.12,0.15,0.16,0.17,0.22,0.31,0.28,0.24,0.29,0.31,0.27,0.33,0.35,0.34,0.37,0.34,0.41
recall:0.0,0.01,0.15,0.44,0.53,0.61,0.65,0.65,0.57,0.62,0.68,0.63,0.63,0.67,0.62,0.59,0.6,0.58,0.62,0.53
F1score:nan,0.01,0.11,0.18,0.23,0.25,0.28,0.32,0.4,0.38,0.35,0.4,0.42,0.39,0.43,0.44,0.43,0.45,0.44,0.46
