2022-12-21 19:30:31,018 - INFO - confusionMatrix:[[10696787.        0.]
 [  208813.        0.]]
2022-12-21 19:30:31,021 - INFO - Test loss: 0.9630,mIOU:0.49,precision:nan,recall:0.00,F1score:nan
2022-12-21 19:30:31,021 - INFO - 
mIOU:0.49
precision:nan
recall:0.0
F1score:nan
2022-12-21 19:33:27,547 - INFO - confusionMatrix:[[10696787.        0.]
 [  208813.        0.]]
2022-12-21 19:33:27,548 - INFO - Test loss: 0.9659,mIOU:0.49,precision:nan,recall:0.00,F1score:nan
2022-12-21 19:33:27,548 - INFO - 
mIOU:0.49,0.49
precision:nan,nan
recall:0.0,0.0
F1score:nan,nan
2022-12-21 19:35:49,601 - INFO - confusionMatrix:[[10696787.        0.]
 [  208813.        0.]]
2022-12-21 19:35:49,602 - INFO - Test loss: 0.9705,mIOU:0.49,precision:nan,recall:0.00,F1score:nan
2022-12-21 19:35:49,602 - INFO - 
mIOU:0.49,0.49,0.49
precision:nan,nan,nan
recall:0.0,0.0,0.0
F1score:nan,nan,nan
2022-12-21 19:38:25,029 - INFO - confusionMatrix:[[1.0696784e+07 3.0000000e+00]
 [2.0881300e+05 0.0000000e+00]]
2022-12-21 19:38:25,030 - INFO - Test loss: 0.9698,mIOU:0.49,precision:0.00,recall:0.00,F1score:nan
2022-12-21 19:38:25,030 - INFO - 
mIOU:0.49,0.49,0.49,0.49
precision:nan,nan,nan,0.0
recall:0.0,0.0,0.0,0.0
F1score:nan,nan,nan,nan
2022-12-21 19:40:54,054 - INFO - confusionMatrix:[[1.0671766e+07 2.5021000e+04]
 [2.0835900e+05 4.5400000e+02]]
2022-12-21 19:40:54,055 - INFO - Test loss: 0.9682,mIOU:0.49,precision:0.02,recall:0.00,F1score:0.00
2022-12-21 19:40:54,055 - INFO - 
mIOU:0.49,0.49,0.49,0.49,0.49
precision:nan,nan,nan,0.0,0.02
recall:0.0,0.0,0.0,0.0,0.0
F1score:nan,nan,nan,nan,0.0
2022-12-21 19:43:24,511 - INFO - confusionMatrix:[[1.058457e+07 1.122170e+05]
 [2.059260e+05 2.887000e+03]]
2022-12-21 19:43:24,512 - INFO - Test loss: 0.9664,mIOU:0.49,precision:0.03,recall:0.01,F1score:0.02
2022-12-21 19:43:24,512 - INFO - 
mIOU:0.49,0.49,0.49,0.49,0.49,0.49
precision:nan,nan,nan,0.0,0.02,0.03
recall:0.0,0.0,0.0,0.0,0.0,0.01
F1score:nan,nan,nan,nan,0.0,0.02
2022-12-21 19:45:45,071 - INFO - confusionMatrix:[[10344922.   351865.]
 [  192181.    16632.]]
2022-12-21 19:45:45,072 - INFO - Test loss: 0.9568,mIOU:0.49,precision:0.05,recall:0.08,F1score:0.06
2022-12-21 19:45:45,072 - INFO - 
mIOU:0.49,0.49,0.49,0.49,0.49,0.49,0.49
precision:nan,nan,nan,0.0,0.02,0.03,0.05
recall:0.0,0.0,0.0,0.0,0.0,0.01,0.08
F1score:nan,nan,nan,nan,0.0,0.02,0.06
2022-12-21 19:48:14,200 - INFO - confusionMatrix:[[10493740.   203047.]
 [  191627.    17186.]]
2022-12-21 19:48:14,203 - INFO - Test loss: 0.9529,mIOU:0.50,precision:0.08,recall:0.08,F1score:0.08
2022-12-21 19:48:14,203 - INFO - 
mIOU:0.49,0.49,0.49,0.49,0.49,0.49,0.49,0.5
precision:nan,nan,nan,0.0,0.02,0.03,0.05,0.08
recall:0.0,0.0,0.0,0.0,0.0,0.01,0.08,0.08
F1score:nan,nan,nan,nan,0.0,0.02,0.06,0.08
2022-12-21 19:50:42,316 - INFO - confusionMatrix:[[10364825.   331962.]
 [  170428.    38385.]]
2022-12-21 19:50:42,317 - INFO - Test loss: 0.9354,mIOU:0.51,precision:0.10,recall:0.18,F1score:0.13
2022-12-21 19:50:42,317 - INFO - 
mIOU:0.49,0.49,0.49,0.49,0.49,0.49,0.49,0.5,0.51
precision:nan,nan,nan,0.0,0.02,0.03,0.05,0.08,0.1
recall:0.0,0.0,0.0,0.0,0.0,0.01,0.08,0.08,0.18
F1score:nan,nan,nan,nan,0.0,0.02,0.06,0.08,0.13
2022-12-21 19:53:05,643 - INFO - confusionMatrix:[[10305752.   391035.]
 [  161726.    47087.]]
2022-12-21 19:53:05,645 - INFO - Test loss: 0.9266,mIOU:0.51,precision:0.11,recall:0.23,F1score:0.15
2022-12-21 19:53:05,645 - INFO - 
mIOU:0.49,0.49,0.49,0.49,0.49,0.49,0.49,0.5,0.51,0.51
precision:nan,nan,nan,0.0,0.02,0.03,0.05,0.08,0.1,0.11
recall:0.0,0.0,0.0,0.0,0.0,0.01,0.08,0.08,0.18,0.23
F1score:nan,nan,nan,nan,0.0,0.02,0.06,0.08,0.13,0.15
2022-12-21 19:55:34,226 - INFO - confusionMatrix:[[10363727.   333060.]
 [  163528.    45285.]]
2022-12-21 19:55:34,227 - INFO - Test loss: 0.9222,mIOU:0.52,precision:0.12,recall:0.22,F1score:0.15
2022-12-21 19:55:34,227 - INFO - 
mIOU:0.49,0.49,0.49,0.49,0.49,0.49,0.49,0.5,0.51,0.51,0.52
precision:nan,nan,nan,0.0,0.02,0.03,0.05,0.08,0.1,0.11,0.12
recall:0.0,0.0,0.0,0.0,0.0,0.01,0.08,0.08,0.18,0.23,0.22
F1score:nan,nan,nan,nan,0.0,0.02,0.06,0.08,0.13,0.15,0.15
2022-12-21 19:57:59,912 - INFO - confusionMatrix:[[10417472.   279315.]
 [  159507.    49306.]]
2022-12-21 19:57:59,913 - INFO - Test loss: 0.9106,mIOU:0.53,precision:0.15,recall:0.24,F1score:0.18
2022-12-21 19:57:59,914 - INFO - 
mIOU:0.49,0.49,0.49,0.49,0.49,0.49,0.49,0.5,0.51,0.51,0.52,0.53
precision:nan,nan,nan,0.0,0.02,0.03,0.05,0.08,0.1,0.11,0.12,0.15
recall:0.0,0.0,0.0,0.0,0.0,0.01,0.08,0.08,0.18,0.23,0.22,0.24
F1score:nan,nan,nan,nan,0.0,0.02,0.06,0.08,0.13,0.15,0.15,0.18
2022-12-21 20:00:26,591 - INFO - confusionMatrix:[[10327845.   368942.]
 [  144890.    63923.]]
2022-12-21 20:00:26,592 - INFO - Test loss: 0.8945,mIOU:0.53,precision:0.15,recall:0.31,F1score:0.20
2022-12-21 20:00:26,593 - INFO - 
mIOU:0.49,0.49,0.49,0.49,0.49,0.49,0.49,0.5,0.51,0.51,0.52,0.53,0.53
precision:nan,nan,nan,0.0,0.02,0.03,0.05,0.08,0.1,0.11,0.12,0.15,0.15
recall:0.0,0.0,0.0,0.0,0.0,0.01,0.08,0.08,0.18,0.23,0.22,0.24,0.31
F1score:nan,nan,nan,nan,0.0,0.02,0.06,0.08,0.13,0.15,0.15,0.18,0.2
2022-12-21 20:02:56,589 - INFO - confusionMatrix:[[10422192.   274595.]
 [  150859.    57954.]]
2022-12-21 20:02:56,590 - INFO - Test loss: 0.8925,mIOU:0.54,precision:0.17,recall:0.28,F1score:0.21
2022-12-21 20:02:56,590 - INFO - 
mIOU:0.49,0.49,0.49,0.49,0.49,0.49,0.49,0.5,0.51,0.51,0.52,0.53,0.53,0.54
precision:nan,nan,nan,0.0,0.02,0.03,0.05,0.08,0.1,0.11,0.12,0.15,0.15,0.17
recall:0.0,0.0,0.0,0.0,0.0,0.01,0.08,0.08,0.18,0.23,0.22,0.24,0.31,0.28
F1score:nan,nan,nan,nan,0.0,0.02,0.06,0.08,0.13,0.15,0.15,0.18,0.2,0.21
2022-12-21 20:05:17,790 - INFO - confusionMatrix:[[10320650.   376137.]
 [  137222.    71591.]]
2022-12-21 20:05:17,791 - INFO - Test loss: 0.8771,mIOU:0.54,precision:0.16,recall:0.34,F1score:0.22
2022-12-21 20:05:17,791 - INFO - 
mIOU:0.49,0.49,0.49,0.49,0.49,0.49,0.49,0.5,0.51,0.51,0.52,0.53,0.53,0.54,0.54
precision:nan,nan,nan,0.0,0.02,0.03,0.05,0.08,0.1,0.11,0.12,0.15,0.15,0.17,0.16
recall:0.0,0.0,0.0,0.0,0.0,0.01,0.08,0.08,0.18,0.23,0.22,0.24,0.31,0.28,0.34
F1score:nan,nan,nan,nan,0.0,0.02,0.06,0.08,0.13,0.15,0.15,0.18,0.2,0.21,0.22
2022-12-21 20:07:46,639 - INFO - confusionMatrix:[[10443030.   253757.]
 [  141688.    67125.]]
2022-12-21 20:07:46,640 - INFO - Test loss: 0.8665,mIOU:0.55,precision:0.21,recall:0.32,F1score:0.25
2022-12-21 20:07:46,640 - INFO - 
mIOU:0.49,0.49,0.49,0.49,0.49,0.49,0.49,0.5,0.51,0.51,0.52,0.53,0.53,0.54,0.54,0.55
precision:nan,nan,nan,0.0,0.02,0.03,0.05,0.08,0.1,0.11,0.12,0.15,0.15,0.17,0.16,0.21
recall:0.0,0.0,0.0,0.0,0.0,0.01,0.08,0.08,0.18,0.23,0.22,0.24,0.31,0.28,0.34,0.32
F1score:nan,nan,nan,nan,0.0,0.02,0.06,0.08,0.13,0.15,0.15,0.18,0.2,0.21,0.22,0.25
2022-12-21 20:10:16,618 - INFO - confusionMatrix:[[10406007.   290780.]
 [  137747.    71066.]]
2022-12-21 20:10:16,619 - INFO - Test loss: 0.8570,mIOU:0.55,precision:0.20,recall:0.34,F1score:0.25
2022-12-21 20:10:16,619 - INFO - 
mIOU:0.49,0.49,0.49,0.49,0.49,0.49,0.49,0.5,0.51,0.51,0.52,0.53,0.53,0.54,0.54,0.55,0.55
precision:nan,nan,nan,0.0,0.02,0.03,0.05,0.08,0.1,0.11,0.12,0.15,0.15,0.17,0.16,0.21,0.2
recall:0.0,0.0,0.0,0.0,0.0,0.01,0.08,0.08,0.18,0.23,0.22,0.24,0.31,0.28,0.34,0.32,0.34
F1score:nan,nan,nan,nan,0.0,0.02,0.06,0.08,0.13,0.15,0.15,0.18,0.2,0.21,0.22,0.25,0.25
2022-12-21 20:12:38,218 - INFO - confusionMatrix:[[10412022.   284765.]
 [  132378.    76435.]]
2022-12-21 20:12:38,219 - INFO - Test loss: 0.8325,mIOU:0.56,precision:0.21,recall:0.37,F1score:0.27
2022-12-21 20:12:38,219 - INFO - 
mIOU:0.49,0.49,0.49,0.49,0.49,0.49,0.49,0.5,0.51,0.51,0.52,0.53,0.53,0.54,0.54,0.55,0.55,0.56
precision:nan,nan,nan,0.0,0.02,0.03,0.05,0.08,0.1,0.11,0.12,0.15,0.15,0.17,0.16,0.21,0.2,0.21
recall:0.0,0.0,0.0,0.0,0.0,0.01,0.08,0.08,0.18,0.23,0.22,0.24,0.31,0.28,0.34,0.32,0.34,0.37
F1score:nan,nan,nan,nan,0.0,0.02,0.06,0.08,0.13,0.15,0.15,0.18,0.2,0.21,0.22,0.25,0.25,0.27
2022-12-21 20:15:05,426 - INFO - confusionMatrix:[[10422242.   274545.]
 [  136494.    72319.]]
2022-12-21 20:15:05,427 - INFO - Test loss: 0.8264,mIOU:0.56,precision:0.21,recall:0.35,F1score:0.26
2022-12-21 20:15:05,427 - INFO - 
mIOU:0.49,0.49,0.49,0.49,0.49,0.49,0.49,0.5,0.51,0.51,0.52,0.53,0.53,0.54,0.54,0.55,0.55,0.56,0.56
precision:nan,nan,nan,0.0,0.02,0.03,0.05,0.08,0.1,0.11,0.12,0.15,0.15,0.17,0.16,0.21,0.2,0.21,0.21
recall:0.0,0.0,0.0,0.0,0.0,0.01,0.08,0.08,0.18,0.23,0.22,0.24,0.31,0.28,0.34,0.32,0.34,0.37,0.35
F1score:nan,nan,nan,nan,0.0,0.02,0.06,0.08,0.13,0.15,0.15,0.18,0.2,0.21,0.22,0.25,0.25,0.27,0.26
2022-12-21 20:17:25,602 - INFO - confusionMatrix:[[10411772.   285015.]
 [  129074.    79739.]]
2022-12-21 20:17:25,603 - INFO - Test loss: 0.7984,mIOU:0.56,precision:0.22,recall:0.38,F1score:0.28
2022-12-21 20:17:25,603 - INFO - 
mIOU:0.49,0.49,0.49,0.49,0.49,0.49,0.49,0.5,0.51,0.51,0.52,0.53,0.53,0.54,0.54,0.55,0.55,0.56,0.56,0.56
precision:nan,nan,nan,0.0,0.02,0.03,0.05,0.08,0.1,0.11,0.12,0.15,0.15,0.17,0.16,0.21,0.2,0.21,0.21,0.22
recall:0.0,0.0,0.0,0.0,0.0,0.01,0.08,0.08,0.18,0.23,0.22,0.24,0.31,0.28,0.34,0.32,0.34,0.37,0.35,0.38
F1score:nan,nan,nan,nan,0.0,0.02,0.06,0.08,0.13,0.15,0.15,0.18,0.2,0.21,0.22,0.25,0.25,0.27,0.26,0.28
