2022-12-21 19:33:07,102 - INFO - confusionMatrix:[[10696787.        0.]
 [  208813.        0.]]
2022-12-21 19:33:07,105 - INFO - Test loss: 0.9629,mIOU:0.49,precision:nan,recall:0.00,F1score:nan
2022-12-21 19:33:07,105 - INFO - 
mIOU:0.49
precision:nan
recall:0.0
F1score:nan
2022-12-21 19:36:08,605 - INFO - confusionMatrix:[[10696787.        0.]
 [  208813.        0.]]
2022-12-21 19:36:08,606 - INFO - Test loss: 0.9640,mIOU:0.49,precision:nan,recall:0.00,F1score:nan
2022-12-21 19:36:08,606 - INFO - 
mIOU:0.49,0.49
precision:nan,nan
recall:0.0,0.0
F1score:nan,nan
2022-12-21 19:39:05,970 - INFO - confusionMatrix:[[10696787.        0.]
 [  208813.        0.]]
2022-12-21 19:39:05,971 - INFO - Test loss: 0.9684,mIOU:0.49,precision:nan,recall:0.00,F1score:nan
2022-12-21 19:39:05,972 - INFO - 
mIOU:0.49,0.49,0.49
precision:nan,nan,nan
recall:0.0,0.0,0.0
F1score:nan,nan,nan
2022-12-21 19:42:46,645 - INFO - confusionMatrix:[[1.0696197e+07 5.9000000e+02]
 [2.0881300e+05 0.0000000e+00]]
2022-12-21 19:42:46,646 - INFO - Test loss: 0.9692,mIOU:0.49,precision:0.00,recall:0.00,F1score:nan
2022-12-21 19:42:46,646 - INFO - 
mIOU:0.49,0.49,0.49,0.49
precision:nan,nan,nan,0.0
recall:0.0,0.0,0.0,0.0
F1score:nan,nan,nan,nan
2022-12-21 19:46:38,297 - INFO - confusionMatrix:[[1.0635894e+07 6.0893000e+04]
 [2.0759900e+05 1.2140000e+03]]
2022-12-21 19:46:38,298 - INFO - Test loss: 0.9684,mIOU:0.49,precision:0.02,recall:0.01,F1score:0.01
2022-12-21 19:46:38,298 - INFO - 
mIOU:0.49,0.49,0.49,0.49,0.49
precision:nan,nan,nan,0.0,0.02
recall:0.0,0.0,0.0,0.0,0.01
F1score:nan,nan,nan,nan,0.01
2022-12-21 19:50:26,699 - INFO - confusionMatrix:[[10247436.   449351.]
 [  194703.    14110.]]
2022-12-21 19:50:26,700 - INFO - Test loss: 0.9610,mIOU:0.48,precision:0.03,recall:0.07,F1score:0.04
2022-12-21 19:50:26,701 - INFO - 
mIOU:0.49,0.49,0.49,0.49,0.49,0.48
precision:nan,nan,nan,0.0,0.02,0.03
recall:0.0,0.0,0.0,0.0,0.01,0.07
F1score:nan,nan,nan,nan,0.01,0.04
2022-12-21 19:54:25,989 - INFO - confusionMatrix:[[9075621. 1621166.]
 [ 141976.   66837.]]
2022-12-21 19:54:25,992 - INFO - Test loss: 0.9448,mIOU:0.44,precision:0.04,recall:0.32,F1score:0.07
2022-12-21 19:54:25,992 - INFO - 
mIOU:0.49,0.49,0.49,0.49,0.49,0.48,0.44
precision:nan,nan,nan,0.0,0.02,0.03,0.04
recall:0.0,0.0,0.0,0.0,0.01,0.07,0.32
F1score:nan,nan,nan,nan,0.01,0.04,0.07
2022-12-21 19:58:27,632 - INFO - confusionMatrix:[[9122079. 1574708.]
 [ 132739.   76074.]]
2022-12-21 19:58:27,633 - INFO - Test loss: 0.9373,mIOU:0.44,precision:0.05,recall:0.36,F1score:0.08
2022-12-21 19:58:27,633 - INFO - 
mIOU:0.49,0.49,0.49,0.49,0.49,0.48,0.44,0.44
precision:nan,nan,nan,0.0,0.02,0.03,0.04,0.05
recall:0.0,0.0,0.0,0.0,0.01,0.07,0.32,0.36
F1score:nan,nan,nan,nan,0.01,0.04,0.07,0.08
2022-12-21 20:02:19,955 - INFO - confusionMatrix:[[9478248. 1218539.]
 [ 134721.   74092.]]
2022-12-21 20:02:19,956 - INFO - Test loss: 0.9316,mIOU:0.46,precision:0.06,recall:0.35,F1score:0.10
2022-12-21 20:02:19,956 - INFO - 
mIOU:0.49,0.49,0.49,0.49,0.49,0.48,0.44,0.44,0.46
precision:nan,nan,nan,0.0,0.02,0.03,0.04,0.05,0.06
recall:0.0,0.0,0.0,0.0,0.01,0.07,0.32,0.36,0.35
F1score:nan,nan,nan,nan,0.01,0.04,0.07,0.08,0.1
2022-12-21 20:06:11,681 - INFO - confusionMatrix:[[9621025. 1075762.]
 [ 133131.   75682.]]
2022-12-21 20:06:11,681 - INFO - Test loss: 0.9247,mIOU:0.47,precision:0.07,recall:0.36,F1score:0.11
2022-12-21 20:06:11,682 - INFO - 
mIOU:0.49,0.49,0.49,0.49,0.49,0.48,0.44,0.44,0.46,0.47
precision:nan,nan,nan,0.0,0.02,0.03,0.04,0.05,0.06,0.07
recall:0.0,0.0,0.0,0.0,0.01,0.07,0.32,0.36,0.35,0.36
F1score:nan,nan,nan,nan,0.01,0.04,0.07,0.08,0.1,0.11
2022-12-21 20:09:52,079 - INFO - confusionMatrix:[[9792036.  904751.]
 [ 136606.   72207.]]
2022-12-21 20:09:52,081 - INFO - Test loss: 0.9208,mIOU:0.48,precision:0.07,recall:0.35,F1score:0.12
2022-12-21 20:09:52,081 - INFO - 
mIOU:0.49,0.49,0.49,0.49,0.49,0.48,0.44,0.44,0.46,0.47,0.48
precision:nan,nan,nan,0.0,0.02,0.03,0.04,0.05,0.06,0.07,0.07
recall:0.0,0.0,0.0,0.0,0.01,0.07,0.32,0.36,0.35,0.36,0.35
F1score:nan,nan,nan,nan,0.01,0.04,0.07,0.08,0.1,0.11,0.12
2022-12-21 20:13:46,187 - INFO - confusionMatrix:[[10154395.   542392.]
 [  147128.    61685.]]
2022-12-21 20:13:46,187 - INFO - Test loss: 0.9105,mIOU:0.51,precision:0.10,recall:0.30,F1score:0.15
2022-12-21 20:13:46,188 - INFO - 
mIOU:0.49,0.49,0.49,0.49,0.49,0.48,0.44,0.44,0.46,0.47,0.48,0.51
precision:nan,nan,nan,0.0,0.02,0.03,0.04,0.05,0.06,0.07,0.07,0.1
recall:0.0,0.0,0.0,0.0,0.01,0.07,0.32,0.36,0.35,0.36,0.35,0.3
F1score:nan,nan,nan,nan,0.01,0.04,0.07,0.08,0.1,0.11,0.12,0.15
2022-12-21 20:17:41,421 - INFO - confusionMatrix:[[10252276.   444511.]
 [  148322.    60491.]]
2022-12-21 20:17:41,422 - INFO - Test loss: 0.8980,mIOU:0.52,precision:0.12,recall:0.29,F1score:0.17
2022-12-21 20:17:41,422 - INFO - 
mIOU:0.49,0.49,0.49,0.49,0.49,0.48,0.44,0.44,0.46,0.47,0.48,0.51,0.52
precision:nan,nan,nan,0.0,0.02,0.03,0.04,0.05,0.06,0.07,0.07,0.1,0.12
recall:0.0,0.0,0.0,0.0,0.01,0.07,0.32,0.36,0.35,0.36,0.35,0.3,0.29
F1score:nan,nan,nan,nan,0.01,0.04,0.07,0.08,0.1,0.11,0.12,0.15,0.17
2022-12-21 20:21:08,989 - INFO - confusionMatrix:[[10158765.   538022.]
 [  137534.    71279.]]
2022-12-21 20:21:08,991 - INFO - Test loss: 0.8808,mIOU:0.52,precision:0.12,recall:0.34,F1score:0.17
2022-12-21 20:21:08,991 - INFO - 
mIOU:0.49,0.49,0.49,0.49,0.49,0.48,0.44,0.44,0.46,0.47,0.48,0.51,0.52,0.52
precision:nan,nan,nan,0.0,0.02,0.03,0.04,0.05,0.06,0.07,0.07,0.1,0.12,0.12
recall:0.0,0.0,0.0,0.0,0.01,0.07,0.32,0.36,0.35,0.36,0.35,0.3,0.29,0.34
F1score:nan,nan,nan,nan,0.01,0.04,0.07,0.08,0.1,0.11,0.12,0.15,0.17,0.17
2022-12-21 20:24:36,423 - INFO - confusionMatrix:[[10307893.   388894.]
 [  142077.    66736.]]
2022-12-21 20:24:36,424 - INFO - Test loss: 0.8671,mIOU:0.53,precision:0.15,recall:0.32,F1score:0.20
2022-12-21 20:24:36,425 - INFO - 
mIOU:0.49,0.49,0.49,0.49,0.49,0.48,0.44,0.44,0.46,0.47,0.48,0.51,0.52,0.52,0.53
precision:nan,nan,nan,0.0,0.02,0.03,0.04,0.05,0.06,0.07,0.07,0.1,0.12,0.12,0.15
recall:0.0,0.0,0.0,0.0,0.01,0.07,0.32,0.36,0.35,0.36,0.35,0.3,0.29,0.34,0.32
F1score:nan,nan,nan,nan,0.01,0.04,0.07,0.08,0.1,0.11,0.12,0.15,0.17,0.17,0.2
2022-12-21 20:28:07,779 - INFO - confusionMatrix:[[10399916.   296871.]
 [  144069.    64744.]]
2022-12-21 20:28:07,780 - INFO - Test loss: 0.8423,mIOU:0.54,precision:0.18,recall:0.31,F1score:0.23
2022-12-21 20:28:07,780 - INFO - 
mIOU:0.49,0.49,0.49,0.49,0.49,0.48,0.44,0.44,0.46,0.47,0.48,0.51,0.52,0.52,0.53,0.54
precision:nan,nan,nan,0.0,0.02,0.03,0.04,0.05,0.06,0.07,0.07,0.1,0.12,0.12,0.15,0.18
recall:0.0,0.0,0.0,0.0,0.01,0.07,0.32,0.36,0.35,0.36,0.35,0.3,0.29,0.34,0.32,0.31
F1score:nan,nan,nan,nan,0.01,0.04,0.07,0.08,0.1,0.11,0.12,0.15,0.17,0.17,0.2,0.23
2022-12-21 20:31:52,372 - INFO - confusionMatrix:[[10379967.   316820.]
 [  141946.    66867.]]
2022-12-21 20:31:52,373 - INFO - Test loss: 0.8302,mIOU:0.54,precision:0.17,recall:0.32,F1score:0.23
2022-12-21 20:31:52,374 - INFO - 
mIOU:0.49,0.49,0.49,0.49,0.49,0.48,0.44,0.44,0.46,0.47,0.48,0.51,0.52,0.52,0.53,0.54,0.54
precision:nan,nan,nan,0.0,0.02,0.03,0.04,0.05,0.06,0.07,0.07,0.1,0.12,0.12,0.15,0.18,0.17
recall:0.0,0.0,0.0,0.0,0.01,0.07,0.32,0.36,0.35,0.36,0.35,0.3,0.29,0.34,0.32,0.31,0.32
F1score:nan,nan,nan,nan,0.01,0.04,0.07,0.08,0.1,0.11,0.12,0.15,0.17,0.17,0.2,0.23,0.23
2022-12-21 20:35:22,990 - INFO - confusionMatrix:[[10394002.   302785.]
 [  140999.    67814.]]
2022-12-21 20:35:22,991 - INFO - Test loss: 0.8115,mIOU:0.55,precision:0.18,recall:0.32,F1score:0.23
2022-12-21 20:35:22,991 - INFO - 
mIOU:0.49,0.49,0.49,0.49,0.49,0.48,0.44,0.44,0.46,0.47,0.48,0.51,0.52,0.52,0.53,0.54,0.54,0.55
precision:nan,nan,nan,0.0,0.02,0.03,0.04,0.05,0.06,0.07,0.07,0.1,0.12,0.12,0.15,0.18,0.17,0.18
recall:0.0,0.0,0.0,0.0,0.01,0.07,0.32,0.36,0.35,0.36,0.35,0.3,0.29,0.34,0.32,0.31,0.32,0.32
F1score:nan,nan,nan,nan,0.01,0.04,0.07,0.08,0.1,0.11,0.12,0.15,0.17,0.17,0.2,0.23,0.23,0.23
2022-12-21 20:38:52,064 - INFO - confusionMatrix:[[10478154.   218633.]
 [  144801.    64012.]]
2022-12-21 20:38:52,065 - INFO - Test loss: 0.7861,mIOU:0.56,precision:0.23,recall:0.31,F1score:0.26
2022-12-21 20:38:52,065 - INFO - 
mIOU:0.49,0.49,0.49,0.49,0.49,0.48,0.44,0.44,0.46,0.47,0.48,0.51,0.52,0.52,0.53,0.54,0.54,0.55,0.56
precision:nan,nan,nan,0.0,0.02,0.03,0.04,0.05,0.06,0.07,0.07,0.1,0.12,0.12,0.15,0.18,0.17,0.18,0.23
recall:0.0,0.0,0.0,0.0,0.01,0.07,0.32,0.36,0.35,0.36,0.35,0.3,0.29,0.34,0.32,0.31,0.32,0.32,0.31
F1score:nan,nan,nan,nan,0.01,0.04,0.07,0.08,0.1,0.11,0.12,0.15,0.17,0.17,0.2,0.23,0.23,0.23,0.26
2022-12-21 20:42:24,164 - INFO - confusionMatrix:[[10443362.   253425.]
 [  141655.    67158.]]
2022-12-21 20:42:24,165 - INFO - Test loss: 0.7802,mIOU:0.55,precision:0.21,recall:0.32,F1score:0.25
2022-12-21 20:42:24,165 - INFO - 
mIOU:0.49,0.49,0.49,0.49,0.49,0.48,0.44,0.44,0.46,0.47,0.48,0.51,0.52,0.52,0.53,0.54,0.54,0.55,0.56,0.55
precision:nan,nan,nan,0.0,0.02,0.03,0.04,0.05,0.06,0.07,0.07,0.1,0.12,0.12,0.15,0.18,0.17,0.18,0.23,0.21
recall:0.0,0.0,0.0,0.0,0.01,0.07,0.32,0.36,0.35,0.36,0.35,0.3,0.29,0.34,0.32,0.31,0.32,0.32,0.31,0.32
F1score:nan,nan,nan,nan,0.01,0.04,0.07,0.08,0.1,0.11,0.12,0.15,0.17,0.17,0.2,0.23,0.23,0.23,0.26,0.25
