2022-12-21 16:09:51,567 - INFO - confusionMatrix:[[10696787.        0.]
 [  208813.        0.]]
2022-12-21 16:09:51,569 - INFO - Test loss: 0.9633,mIOU:0.49,precision:nan,recall:0.00,F1score:nan
2022-12-21 16:09:51,569 - INFO - 
mIOU:0.49
precision:nan
recall:0.0
F1score:nan
2022-12-21 16:12:06,962 - INFO - confusionMatrix:[[10696787.        0.]
 [  208813.        0.]]
2022-12-21 16:12:06,963 - INFO - Test loss: 0.9683,mIOU:0.49,precision:nan,recall:0.00,F1score:nan
2022-12-21 16:12:06,963 - INFO - 
mIOU:0.49,0.49
precision:nan,nan
recall:0.0,0.0
F1score:nan,nan
2022-12-21 16:14:21,993 - INFO - confusionMatrix:[[1.0485237e+07 2.1155000e+05]
 [2.0667400e+05 2.1390000e+03]]
2022-12-21 16:14:21,996 - INFO - Test loss: 0.9658,mIOU:0.48,precision:0.01,recall:0.01,F1score:0.01
2022-12-21 16:14:21,996 - INFO - 
mIOU:0.49,0.49,0.48
precision:nan,nan,0.01
recall:0.0,0.0,0.01
F1score:nan,nan,0.01
2022-12-21 16:16:37,751 - INFO - confusionMatrix:[[7953871. 2742916.]
 [ 104227.  104586.]]
2022-12-21 16:16:37,753 - INFO - Test loss: 0.9464,mIOU:0.39,precision:0.04,recall:0.50,F1score:0.07
2022-12-21 16:16:37,754 - INFO - 
mIOU:0.49,0.49,0.48,0.39
precision:nan,nan,0.01,0.04
recall:0.0,0.0,0.01,0.5
F1score:nan,nan,0.01,0.07
2022-12-21 16:18:53,634 - INFO - confusionMatrix:[[9693318. 1003469.]
 [ 140677.   68136.]]
2022-12-21 16:18:53,635 - INFO - Test loss: 0.9334,mIOU:0.48,precision:0.06,recall:0.33,F1score:0.11
2022-12-21 16:18:53,635 - INFO - 
mIOU:0.49,0.49,0.48,0.39,0.48
precision:nan,nan,0.01,0.04,0.06
recall:0.0,0.0,0.01,0.5,0.33
F1score:nan,nan,0.01,0.07,0.11
2022-12-21 16:21:11,864 - INFO - confusionMatrix:[[8734092. 1962695.]
 [  95687.  113126.]]
2022-12-21 16:21:11,866 - INFO - Test loss: 0.9241,mIOU:0.43,precision:0.05,recall:0.54,F1score:0.10
2022-12-21 16:21:11,866 - INFO - 
mIOU:0.49,0.49,0.48,0.39,0.48,0.43
precision:nan,nan,0.01,0.04,0.06,0.05
recall:0.0,0.0,0.01,0.5,0.33,0.54
F1score:nan,nan,0.01,0.07,0.11,0.1
2022-12-21 16:23:26,185 - INFO - confusionMatrix:[[9859048.  837739.]
 [ 118008.   90805.]]
2022-12-21 16:23:26,186 - INFO - Test loss: 0.9001,mIOU:0.50,precision:0.10,recall:0.43,F1score:0.16
2022-12-21 16:23:26,186 - INFO - 
mIOU:0.49,0.49,0.48,0.39,0.48,0.43,0.5
precision:nan,nan,0.01,0.04,0.06,0.05,0.1
recall:0.0,0.0,0.01,0.5,0.33,0.54,0.43
F1score:nan,nan,0.01,0.07,0.11,0.1,0.16
2022-12-21 16:25:45,305 - INFO - confusionMatrix:[[9767657.  929130.]
 [ 106850.  101963.]]
2022-12-21 16:25:45,307 - INFO - Test loss: 0.8826,mIOU:0.50,precision:0.10,recall:0.49,F1score:0.16
2022-12-21 16:25:45,307 - INFO - 
mIOU:0.49,0.49,0.48,0.39,0.48,0.43,0.5,0.5
precision:nan,nan,0.01,0.04,0.06,0.05,0.1,0.1
recall:0.0,0.0,0.01,0.5,0.33,0.54,0.43,0.49
F1score:nan,nan,0.01,0.07,0.11,0.1,0.16,0.16
2022-12-21 16:28:00,866 - INFO - confusionMatrix:[[10102575.   594212.]
 [  113047.    95766.]]
2022-12-21 16:28:00,868 - INFO - Test loss: 0.8484,mIOU:0.53,precision:0.14,recall:0.46,F1score:0.21
2022-12-21 16:28:00,868 - INFO - 
mIOU:0.49,0.49,0.48,0.39,0.48,0.43,0.5,0.5,0.53
precision:nan,nan,0.01,0.04,0.06,0.05,0.1,0.1,0.14
recall:0.0,0.0,0.01,0.5,0.33,0.54,0.43,0.49,0.46
F1score:nan,nan,0.01,0.07,0.11,0.1,0.16,0.16,0.21
2022-12-21 16:30:18,402 - INFO - confusionMatrix:[[10277892.   418895.]
 [  122343.    86470.]]
2022-12-21 16:30:18,404 - INFO - Test loss: 0.8085,mIOU:0.54,precision:0.17,recall:0.41,F1score:0.24
2022-12-21 16:30:18,404 - INFO - 
mIOU:0.49,0.49,0.48,0.39,0.48,0.43,0.5,0.5,0.53,0.54
precision:nan,nan,0.01,0.04,0.06,0.05,0.1,0.1,0.14,0.17
recall:0.0,0.0,0.01,0.5,0.33,0.54,0.43,0.49,0.46,0.41
F1score:nan,nan,0.01,0.07,0.11,0.1,0.16,0.16,0.21,0.24
2022-12-21 16:32:36,692 - INFO - confusionMatrix:[[10387538.   309249.]
 [  125871.    82942.]]
2022-12-21 16:32:36,693 - INFO - Test loss: 0.7657,mIOU:0.56,precision:0.21,recall:0.40,F1score:0.28
2022-12-21 16:32:36,693 - INFO - 
mIOU:0.49,0.49,0.48,0.39,0.48,0.43,0.5,0.5,0.53,0.54,0.56
precision:nan,nan,0.01,0.04,0.06,0.05,0.1,0.1,0.14,0.17,0.21
recall:0.0,0.0,0.01,0.5,0.33,0.54,0.43,0.49,0.46,0.41,0.4
F1score:nan,nan,0.01,0.07,0.11,0.1,0.16,0.16,0.21,0.24,0.28
2022-12-21 16:34:55,290 - INFO - confusionMatrix:[[10432698.   264089.]
 [  129320.    79493.]]
2022-12-21 16:34:55,293 - INFO - Test loss: 0.7428,mIOU:0.57,precision:0.23,recall:0.38,F1score:0.29
2022-12-21 16:34:55,293 - INFO - 
mIOU:0.49,0.49,0.48,0.39,0.48,0.43,0.5,0.5,0.53,0.54,0.56,0.57
precision:nan,nan,0.01,0.04,0.06,0.05,0.1,0.1,0.14,0.17,0.21,0.23
recall:0.0,0.0,0.01,0.5,0.33,0.54,0.43,0.49,0.46,0.41,0.4,0.38
F1score:nan,nan,0.01,0.07,0.11,0.1,0.16,0.16,0.21,0.24,0.28,0.29
2022-12-21 16:37:12,276 - INFO - confusionMatrix:[[10470812.   225975.]
 [  131385.    77428.]]
2022-12-21 16:37:12,278 - INFO - Test loss: 0.7216,mIOU:0.57,precision:0.26,recall:0.37,F1score:0.30
2022-12-21 16:37:12,278 - INFO - 
mIOU:0.49,0.49,0.48,0.39,0.48,0.43,0.5,0.5,0.53,0.54,0.56,0.57,0.57
precision:nan,nan,0.01,0.04,0.06,0.05,0.1,0.1,0.14,0.17,0.21,0.23,0.26
recall:0.0,0.0,0.01,0.5,0.33,0.54,0.43,0.49,0.46,0.41,0.4,0.38,0.37
F1score:nan,nan,0.01,0.07,0.11,0.1,0.16,0.16,0.21,0.24,0.28,0.29,0.3
2022-12-21 16:39:32,498 - INFO - confusionMatrix:[[10465456.   231331.]
 [  129116.    79697.]]
2022-12-21 16:39:32,501 - INFO - Test loss: 0.7108,mIOU:0.57,precision:0.26,recall:0.38,F1score:0.31
2022-12-21 16:39:32,501 - INFO - 
mIOU:0.49,0.49,0.48,0.39,0.48,0.43,0.5,0.5,0.53,0.54,0.56,0.57,0.57,0.57
precision:nan,nan,0.01,0.04,0.06,0.05,0.1,0.1,0.14,0.17,0.21,0.23,0.26,0.26
recall:0.0,0.0,0.01,0.5,0.33,0.54,0.43,0.49,0.46,0.41,0.4,0.38,0.37,0.38
F1score:nan,nan,0.01,0.07,0.11,0.1,0.16,0.16,0.21,0.24,0.28,0.29,0.3,0.31
2022-12-21 16:41:50,359 - INFO - confusionMatrix:[[10509739.   187048.]
 [  135858.    72955.]]
2022-12-21 16:41:50,360 - INFO - Test loss: 0.7026,mIOU:0.58,precision:0.28,recall:0.35,F1score:0.31
2022-12-21 16:41:50,360 - INFO - 
mIOU:0.49,0.49,0.48,0.39,0.48,0.43,0.5,0.5,0.53,0.54,0.56,0.57,0.57,0.57,0.58
precision:nan,nan,0.01,0.04,0.06,0.05,0.1,0.1,0.14,0.17,0.21,0.23,0.26,0.26,0.28
recall:0.0,0.0,0.01,0.5,0.33,0.54,0.43,0.49,0.46,0.41,0.4,0.38,0.37,0.38,0.35
F1score:nan,nan,0.01,0.07,0.11,0.1,0.16,0.16,0.21,0.24,0.28,0.29,0.3,0.31,0.31
2022-12-21 16:44:08,849 - INFO - confusionMatrix:[[10517009.   179778.]
 [  134117.    74696.]]
2022-12-21 16:44:08,851 - INFO - Test loss: 0.6879,mIOU:0.58,precision:0.29,recall:0.36,F1score:0.32
2022-12-21 16:44:08,852 - INFO - 
mIOU:0.49,0.49,0.48,0.39,0.48,0.43,0.5,0.5,0.53,0.54,0.56,0.57,0.57,0.57,0.58,0.58
precision:nan,nan,0.01,0.04,0.06,0.05,0.1,0.1,0.14,0.17,0.21,0.23,0.26,0.26,0.28,0.29
recall:0.0,0.0,0.01,0.5,0.33,0.54,0.43,0.49,0.46,0.41,0.4,0.38,0.37,0.38,0.35,0.36
F1score:nan,nan,0.01,0.07,0.11,0.1,0.16,0.16,0.21,0.24,0.28,0.29,0.3,0.31,0.31,0.32
2022-12-21 16:46:27,080 - INFO - confusionMatrix:[[10506391.   190396.]
 [  133724.    75089.]]
2022-12-21 16:46:27,082 - INFO - Test loss: 0.6913,mIOU:0.58,precision:0.28,recall:0.36,F1score:0.32
2022-12-21 16:46:27,082 - INFO - 
mIOU:0.49,0.49,0.48,0.39,0.48,0.43,0.5,0.5,0.53,0.54,0.56,0.57,0.57,0.57,0.58,0.58,0.58
precision:nan,nan,0.01,0.04,0.06,0.05,0.1,0.1,0.14,0.17,0.21,0.23,0.26,0.26,0.28,0.29,0.28
recall:0.0,0.0,0.01,0.5,0.33,0.54,0.43,0.49,0.46,0.41,0.4,0.38,0.37,0.38,0.35,0.36,0.36
F1score:nan,nan,0.01,0.07,0.11,0.1,0.16,0.16,0.21,0.24,0.28,0.29,0.3,0.31,0.31,0.32,0.32
2022-12-21 16:48:41,688 - INFO - confusionMatrix:[[10498587.   198200.]
 [  134213.    74600.]]
2022-12-21 16:48:41,690 - INFO - Test loss: 0.6962,mIOU:0.58,precision:0.27,recall:0.36,F1score:0.31
2022-12-21 16:48:41,690 - INFO - 
mIOU:0.49,0.49,0.48,0.39,0.48,0.43,0.5,0.5,0.53,0.54,0.56,0.57,0.57,0.57,0.58,0.58,0.58,0.58
precision:nan,nan,0.01,0.04,0.06,0.05,0.1,0.1,0.14,0.17,0.21,0.23,0.26,0.26,0.28,0.29,0.28,0.27
recall:0.0,0.0,0.01,0.5,0.33,0.54,0.43,0.49,0.46,0.41,0.4,0.38,0.37,0.38,0.35,0.36,0.36,0.36
F1score:nan,nan,0.01,0.07,0.11,0.1,0.16,0.16,0.21,0.24,0.28,0.29,0.3,0.31,0.31,0.32,0.32,0.31
2022-12-21 16:51:00,019 - INFO - confusionMatrix:[[10555505.   141282.]
 [  139811.    69002.]]
2022-12-21 16:51:00,021 - INFO - Test loss: 0.6727,mIOU:0.59,precision:0.33,recall:0.33,F1score:0.33
2022-12-21 16:51:00,021 - INFO - 
mIOU:0.49,0.49,0.48,0.39,0.48,0.43,0.5,0.5,0.53,0.54,0.56,0.57,0.57,0.57,0.58,0.58,0.58,0.58,0.59
precision:nan,nan,0.01,0.04,0.06,0.05,0.1,0.1,0.14,0.17,0.21,0.23,0.26,0.26,0.28,0.29,0.28,0.27,0.33
recall:0.0,0.0,0.01,0.5,0.33,0.54,0.43,0.49,0.46,0.41,0.4,0.38,0.37,0.38,0.35,0.36,0.36,0.36,0.33
F1score:nan,nan,0.01,0.07,0.11,0.1,0.16,0.16,0.21,0.24,0.28,0.29,0.3,0.31,0.31,0.32,0.32,0.31,0.33
2022-12-21 16:53:15,592 - INFO - confusionMatrix:[[10557634.   139153.]
 [  138865.    69948.]]
2022-12-21 16:53:15,594 - INFO - Test loss: 0.6685,mIOU:0.59,precision:0.33,recall:0.33,F1score:0.33
2022-12-21 16:53:15,594 - INFO - 
mIOU:0.49,0.49,0.48,0.39,0.48,0.43,0.5,0.5,0.53,0.54,0.56,0.57,0.57,0.57,0.58,0.58,0.58,0.58,0.59,0.59
precision:nan,nan,0.01,0.04,0.06,0.05,0.1,0.1,0.14,0.17,0.21,0.23,0.26,0.26,0.28,0.29,0.28,0.27,0.33,0.33
recall:0.0,0.0,0.01,0.5,0.33,0.54,0.43,0.49,0.46,0.41,0.4,0.38,0.37,0.38,0.35,0.36,0.36,0.36,0.33,0.33
F1score:nan,nan,0.01,0.07,0.11,0.1,0.16,0.16,0.21,0.24,0.28,0.29,0.3,0.31,0.31,0.32,0.32,0.31,0.33,0.33
