2022-12-21 19:07:19,068 - INFO - confusionMatrix:[[10696787.        0.]
 [  208813.        0.]]
2022-12-21 19:07:19,071 - INFO - Test loss: 0.9678,mIOU:0.49,precision:nan,recall:0.00,F1score:nan
2022-12-21 19:07:19,071 - INFO - 
mIOU:0.49
precision:nan
recall:0.0
F1score:nan
2022-12-21 19:08:58,555 - INFO - confusionMatrix:[[1.0593372e+07 1.0341500e+05]
 [2.0571800e+05 3.0950000e+03]]
2022-12-21 19:08:58,557 - INFO - Test loss: 0.9655,mIOU:0.49,precision:0.03,recall:0.01,F1score:0.02
2022-12-21 19:08:58,557 - INFO - 
mIOU:0.49,0.49
precision:nan,0.03
recall:0.0,0.01
F1score:nan,0.02
2022-12-21 19:10:38,313 - INFO - confusionMatrix:[[9624611. 1072176.]
 [ 120888.   87925.]]
2022-12-21 19:10:38,315 - INFO - Test loss: 0.9208,mIOU:0.48,precision:0.08,recall:0.42,F1score:0.13
2022-12-21 19:10:38,315 - INFO - 
mIOU:0.49,0.49,0.48
precision:nan,0.03,0.08
recall:0.0,0.01,0.42
F1score:nan,0.02,0.13
2022-12-21 19:12:18,287 - INFO - confusionMatrix:[[9638059. 1058728.]
 [  96813.  112000.]]
2022-12-21 19:12:18,289 - INFO - Test loss: 0.8951,mIOU:0.49,precision:0.10,recall:0.54,F1score:0.16
2022-12-21 19:12:18,290 - INFO - 
mIOU:0.49,0.49,0.48,0.49
precision:nan,0.03,0.08,0.1
recall:0.0,0.01,0.42,0.54
F1score:nan,0.02,0.13,0.16
2022-12-21 19:13:58,832 - INFO - confusionMatrix:[[10297639.   399148.]
 [  118449.    90364.]]
2022-12-21 19:13:58,833 - INFO - Test loss: 0.8263,mIOU:0.55,precision:0.18,recall:0.43,F1score:0.26
2022-12-21 19:13:58,833 - INFO - 
mIOU:0.49,0.49,0.48,0.49,0.55
precision:nan,0.03,0.08,0.1,0.18
recall:0.0,0.01,0.42,0.54,0.43
F1score:nan,0.02,0.13,0.16,0.26
2022-12-21 19:15:38,358 - INFO - confusionMatrix:[[10346254.   350533.]
 [  118640.    90173.]]
2022-12-21 19:15:38,359 - INFO - Test loss: 0.7690,mIOU:0.56,precision:0.20,recall:0.43,F1score:0.28
2022-12-21 19:15:38,359 - INFO - 
mIOU:0.49,0.49,0.48,0.49,0.55,0.56
precision:nan,0.03,0.08,0.1,0.18,0.2
recall:0.0,0.01,0.42,0.54,0.43,0.43
F1score:nan,0.02,0.13,0.16,0.26,0.28
2022-12-21 19:17:18,442 - INFO - confusionMatrix:[[10466584.   230203.]
 [  128286.    80527.]]
2022-12-21 19:17:18,444 - INFO - Test loss: 0.7216,mIOU:0.58,precision:0.26,recall:0.39,F1score:0.31
2022-12-21 19:17:18,444 - INFO - 
mIOU:0.49,0.49,0.48,0.49,0.55,0.56,0.58
precision:nan,0.03,0.08,0.1,0.18,0.2,0.26
recall:0.0,0.01,0.42,0.54,0.43,0.43,0.39
F1score:nan,0.02,0.13,0.16,0.26,0.28,0.31
2022-12-21 19:18:58,460 - INFO - confusionMatrix:[[10501963.   194824.]
 [  132860.    75953.]]
2022-12-21 19:18:58,461 - INFO - Test loss: 0.7011,mIOU:0.58,precision:0.28,recall:0.36,F1score:0.32
2022-12-21 19:18:58,461 - INFO - 
mIOU:0.49,0.49,0.48,0.49,0.55,0.56,0.58,0.58
precision:nan,0.03,0.08,0.1,0.18,0.2,0.26,0.28
recall:0.0,0.01,0.42,0.54,0.43,0.43,0.39,0.36
F1score:nan,0.02,0.13,0.16,0.26,0.28,0.31,0.32
2022-12-21 19:20:37,495 - INFO - confusionMatrix:[[10537740.   159047.]
 [  135818.    72995.]]
2022-12-21 19:20:37,496 - INFO - Test loss: 0.6788,mIOU:0.59,precision:0.31,recall:0.35,F1score:0.33
2022-12-21 19:20:37,496 - INFO - 
mIOU:0.49,0.49,0.48,0.49,0.55,0.56,0.58,0.58,0.59
precision:nan,0.03,0.08,0.1,0.18,0.2,0.26,0.28,0.31
recall:0.0,0.01,0.42,0.54,0.43,0.43,0.39,0.36,0.35
F1score:nan,0.02,0.13,0.16,0.26,0.28,0.31,0.32,0.33
2022-12-21 19:22:17,901 - INFO - confusionMatrix:[[10574589.   122198.]
 [  141409.    67404.]]
2022-12-21 19:22:17,902 - INFO - Test loss: 0.6672,mIOU:0.59,precision:0.36,recall:0.32,F1score:0.34
2022-12-21 19:22:17,902 - INFO - 
mIOU:0.49,0.49,0.48,0.49,0.55,0.56,0.58,0.58,0.59,0.59
precision:nan,0.03,0.08,0.1,0.18,0.2,0.26,0.28,0.31,0.36
recall:0.0,0.01,0.42,0.54,0.43,0.43,0.39,0.36,0.35,0.32
F1score:nan,0.02,0.13,0.16,0.26,0.28,0.31,0.32,0.33,0.34
2022-12-21 19:23:57,441 - INFO - confusionMatrix:[[10577719.   119068.]
 [  140467.    68346.]]
2022-12-21 19:23:57,442 - INFO - Test loss: 0.6589,mIOU:0.59,precision:0.36,recall:0.33,F1score:0.34
2022-12-21 19:23:57,442 - INFO - 
mIOU:0.49,0.49,0.48,0.49,0.55,0.56,0.58,0.58,0.59,0.59,0.59
precision:nan,0.03,0.08,0.1,0.18,0.2,0.26,0.28,0.31,0.36,0.36
recall:0.0,0.01,0.42,0.54,0.43,0.43,0.39,0.36,0.35,0.32,0.33
F1score:nan,0.02,0.13,0.16,0.26,0.28,0.31,0.32,0.33,0.34,0.34
2022-12-21 19:25:37,659 - INFO - confusionMatrix:[[10576391.   120396.]
 [  139353.    69460.]]
2022-12-21 19:25:37,661 - INFO - Test loss: 0.6526,mIOU:0.59,precision:0.37,recall:0.33,F1score:0.35
2022-12-21 19:25:37,662 - INFO - 
mIOU:0.49,0.49,0.48,0.49,0.55,0.56,0.58,0.58,0.59,0.59,0.59,0.59
precision:nan,0.03,0.08,0.1,0.18,0.2,0.26,0.28,0.31,0.36,0.36,0.37
recall:0.0,0.01,0.42,0.54,0.43,0.43,0.39,0.36,0.35,0.32,0.33,0.33
F1score:nan,0.02,0.13,0.16,0.26,0.28,0.31,0.32,0.33,0.34,0.34,0.35
2022-12-21 19:27:18,756 - INFO - confusionMatrix:[[10591067.   105720.]
 [  141357.    67456.]]
2022-12-21 19:27:18,757 - INFO - Test loss: 0.6471,mIOU:0.60,precision:0.39,recall:0.32,F1score:0.35
2022-12-21 19:27:18,757 - INFO - 
mIOU:0.49,0.49,0.48,0.49,0.55,0.56,0.58,0.58,0.59,0.59,0.59,0.59,0.6
precision:nan,0.03,0.08,0.1,0.18,0.2,0.26,0.28,0.31,0.36,0.36,0.37,0.39
recall:0.0,0.01,0.42,0.54,0.43,0.43,0.39,0.36,0.35,0.32,0.33,0.33,0.32
F1score:nan,0.02,0.13,0.16,0.26,0.28,0.31,0.32,0.33,0.34,0.34,0.35,0.35
2022-12-21 19:28:57,304 - INFO - confusionMatrix:[[10571985.   124802.]
 [  134606.    74207.]]
2022-12-21 19:28:57,306 - INFO - Test loss: 0.6385,mIOU:0.60,precision:0.37,recall:0.36,F1score:0.36
2022-12-21 19:28:57,307 - INFO - 
mIOU:0.49,0.49,0.48,0.49,0.55,0.56,0.58,0.58,0.59,0.59,0.59,0.59,0.6,0.6
precision:nan,0.03,0.08,0.1,0.18,0.2,0.26,0.28,0.31,0.36,0.36,0.37,0.39,0.37
recall:0.0,0.01,0.42,0.54,0.43,0.43,0.39,0.36,0.35,0.32,0.33,0.33,0.32,0.36
F1score:nan,0.02,0.13,0.16,0.26,0.28,0.31,0.32,0.33,0.34,0.34,0.35,0.35,0.36
2022-12-21 19:30:43,260 - INFO - confusionMatrix:[[10600958.    95829.]
 [  144197.    64616.]]
2022-12-21 19:30:43,262 - INFO - Test loss: 0.6464,mIOU:0.59,precision:0.40,recall:0.31,F1score:0.35
2022-12-21 19:30:43,262 - INFO - 
mIOU:0.49,0.49,0.48,0.49,0.55,0.56,0.58,0.58,0.59,0.59,0.59,0.59,0.6,0.6,0.59
precision:nan,0.03,0.08,0.1,0.18,0.2,0.26,0.28,0.31,0.36,0.36,0.37,0.39,0.37,0.4
recall:0.0,0.01,0.42,0.54,0.43,0.43,0.39,0.36,0.35,0.32,0.33,0.33,0.32,0.36,0.31
F1score:nan,0.02,0.13,0.16,0.26,0.28,0.31,0.32,0.33,0.34,0.34,0.35,0.35,0.36,0.35
2022-12-21 19:32:29,376 - INFO - confusionMatrix:[[10598653.    98134.]
 [  141084.    67729.]]
2022-12-21 19:32:29,377 - INFO - Test loss: 0.6363,mIOU:0.60,precision:0.41,recall:0.32,F1score:0.36
2022-12-21 19:32:29,378 - INFO - 
mIOU:0.49,0.49,0.48,0.49,0.55,0.56,0.58,0.58,0.59,0.59,0.59,0.59,0.6,0.6,0.59,0.6
precision:nan,0.03,0.08,0.1,0.18,0.2,0.26,0.28,0.31,0.36,0.36,0.37,0.39,0.37,0.4,0.41
recall:0.0,0.01,0.42,0.54,0.43,0.43,0.39,0.36,0.35,0.32,0.33,0.33,0.32,0.36,0.31,0.32
F1score:nan,0.02,0.13,0.16,0.26,0.28,0.31,0.32,0.33,0.34,0.34,0.35,0.35,0.36,0.35,0.36
2022-12-21 19:34:14,782 - INFO - confusionMatrix:[[10606080.    90707.]
 [  143065.    65748.]]
2022-12-21 19:34:14,784 - INFO - Test loss: 0.6376,mIOU:0.60,precision:0.42,recall:0.31,F1score:0.36
2022-12-21 19:34:14,785 - INFO - 
mIOU:0.49,0.49,0.48,0.49,0.55,0.56,0.58,0.58,0.59,0.59,0.59,0.59,0.6,0.6,0.59,0.6,0.6
precision:nan,0.03,0.08,0.1,0.18,0.2,0.26,0.28,0.31,0.36,0.36,0.37,0.39,0.37,0.4,0.41,0.42
recall:0.0,0.01,0.42,0.54,0.43,0.43,0.39,0.36,0.35,0.32,0.33,0.33,0.32,0.36,0.31,0.32,0.31
F1score:nan,0.02,0.13,0.16,0.26,0.28,0.31,0.32,0.33,0.34,0.34,0.35,0.35,0.36,0.35,0.36,0.36
2022-12-21 19:36:00,361 - INFO - confusionMatrix:[[10605558.    91229.]
 [  143500.    65313.]]
2022-12-21 19:36:00,363 - INFO - Test loss: 0.6397,mIOU:0.60,precision:0.42,recall:0.31,F1score:0.36
2022-12-21 19:36:00,363 - INFO - 
mIOU:0.49,0.49,0.48,0.49,0.55,0.56,0.58,0.58,0.59,0.59,0.59,0.59,0.6,0.6,0.59,0.6,0.6,0.6
precision:nan,0.03,0.08,0.1,0.18,0.2,0.26,0.28,0.31,0.36,0.36,0.37,0.39,0.37,0.4,0.41,0.42,0.42
recall:0.0,0.01,0.42,0.54,0.43,0.43,0.39,0.36,0.35,0.32,0.33,0.33,0.32,0.36,0.31,0.32,0.31,0.31
F1score:nan,0.02,0.13,0.16,0.26,0.28,0.31,0.32,0.33,0.34,0.34,0.35,0.35,0.36,0.35,0.36,0.36,0.36
2022-12-21 19:37:41,962 - INFO - confusionMatrix:[[10613470.    83317.]
 [  144409.    64404.]]
2022-12-21 19:37:41,964 - INFO - Test loss: 0.6342,mIOU:0.60,precision:0.44,recall:0.31,F1score:0.36
2022-12-21 19:37:41,965 - INFO - 
mIOU:0.49,0.49,0.48,0.49,0.55,0.56,0.58,0.58,0.59,0.59,0.59,0.59,0.6,0.6,0.59,0.6,0.6,0.6,0.6
precision:nan,0.03,0.08,0.1,0.18,0.2,0.26,0.28,0.31,0.36,0.36,0.37,0.39,0.37,0.4,0.41,0.42,0.42,0.44
recall:0.0,0.01,0.42,0.54,0.43,0.43,0.39,0.36,0.35,0.32,0.33,0.33,0.32,0.36,0.31,0.32,0.31,0.31,0.31
F1score:nan,0.02,0.13,0.16,0.26,0.28,0.31,0.32,0.33,0.34,0.34,0.35,0.35,0.36,0.35,0.36,0.36,0.36,0.36
2022-12-21 19:39:22,053 - INFO - confusionMatrix:[[10615284.    81503.]
 [  143527.    65286.]]
2022-12-21 19:39:22,055 - INFO - Test loss: 0.6299,mIOU:0.60,precision:0.44,recall:0.31,F1score:0.37
2022-12-21 19:39:22,055 - INFO - 
mIOU:0.49,0.49,0.48,0.49,0.55,0.56,0.58,0.58,0.59,0.59,0.59,0.59,0.6,0.6,0.59,0.6,0.6,0.6,0.6,0.6
precision:nan,0.03,0.08,0.1,0.18,0.2,0.26,0.28,0.31,0.36,0.36,0.37,0.39,0.37,0.4,0.41,0.42,0.42,0.44,0.44
recall:0.0,0.01,0.42,0.54,0.43,0.43,0.39,0.36,0.35,0.32,0.33,0.33,0.32,0.36,0.31,0.32,0.31,0.31,0.31,0.31
F1score:nan,0.02,0.13,0.16,0.26,0.28,0.31,0.32,0.33,0.34,0.34,0.35,0.35,0.36,0.35,0.36,0.36,0.36,0.36,0.37
