2022-12-21 10:39:19,442 - INFO - confusionMatrix:[[10418053.        0.]
 [  180347.        0.]]
2022-12-21 10:39:19,445 - INFO - Test loss: 0.9858,mIOU:0.49,precision:nan,recall:0.00,F1score:nan
2022-12-21 10:39:19,445 - INFO - 
mIOU:0.49
precision:nan
recall:0.0
F1score:nan
2022-12-21 10:44:07,866 - INFO - confusionMatrix:[[1.0417334e+07 7.1900000e+02]
 [1.4720500e+05 3.3142000e+04]]
2022-12-21 10:44:07,868 - INFO - Test loss: 0.7003,mIOU:0.58,precision:0.98,recall:0.18,F1score:0.31
2022-12-21 10:44:07,868 - INFO - 
mIOU:0.49,0.58
precision:nan,0.98
recall:0.0,0.18
F1score:nan,0.31
2022-12-21 10:48:54,577 - INFO - confusionMatrix:[[10398753.    19300.]
 [   42622.   137725.]]
2022-12-21 10:48:54,579 - INFO - Test loss: 0.1920,mIOU:0.84,precision:0.88,recall:0.76,F1score:0.82
2022-12-21 10:48:54,580 - INFO - 
mIOU:0.49,0.58,0.84
precision:nan,0.98,0.88
recall:0.0,0.18,0.76
F1score:nan,0.31,0.82
2022-12-21 10:53:40,923 - INFO - confusionMatrix:[[10395791.    22262.]
 [   35040.   145307.]]
2022-12-21 10:53:40,925 - INFO - Test loss: 0.1695,mIOU:0.86,precision:0.87,recall:0.81,F1score:0.84
2022-12-21 10:53:40,925 - INFO - 
mIOU:0.49,0.58,0.84,0.86
precision:nan,0.98,0.88,0.87
recall:0.0,0.18,0.76,0.81
F1score:nan,0.31,0.82,0.84
2022-12-21 10:58:40,447 - INFO - confusionMatrix:[[10400586.    17467.]
 [   38986.   141361.]]
2022-12-21 10:58:40,449 - INFO - Test loss: 0.1710,mIOU:0.85,precision:0.89,recall:0.78,F1score:0.83
2022-12-21 10:58:40,449 - INFO - 
mIOU:0.49,0.58,0.84,0.86,0.85
precision:nan,0.98,0.88,0.87,0.89
recall:0.0,0.18,0.76,0.81,0.78
F1score:nan,0.31,0.82,0.84,0.83
2022-12-21 11:03:32,929 - INFO - confusionMatrix:[[10393469.    24584.]
 [   31008.   149339.]]
2022-12-21 11:03:32,930 - INFO - Test loss: 0.1598,mIOU:0.86,precision:0.86,recall:0.83,F1score:0.84
2022-12-21 11:03:32,930 - INFO - 
mIOU:0.49,0.58,0.84,0.86,0.85,0.86
precision:nan,0.98,0.88,0.87,0.89,0.86
recall:0.0,0.18,0.76,0.81,0.78,0.83
F1score:nan,0.31,0.82,0.84,0.83,0.84
2022-12-21 11:08:26,959 - INFO - confusionMatrix:[[10396339.    21714.]
 [   32229.   148118.]]
2022-12-21 11:08:26,961 - INFO - Test loss: 0.1570,mIOU:0.86,precision:0.87,recall:0.82,F1score:0.85
2022-12-21 11:08:26,962 - INFO - 
mIOU:0.49,0.58,0.84,0.86,0.85,0.86,0.86
precision:nan,0.98,0.88,0.87,0.89,0.86,0.87
recall:0.0,0.18,0.76,0.81,0.78,0.83,0.82
F1score:nan,0.31,0.82,0.84,0.83,0.84,0.85
2022-12-21 11:13:26,066 - INFO - confusionMatrix:[[10396471.    21582.]
 [   32726.   147621.]]
2022-12-21 11:13:26,068 - INFO - Test loss: 0.1575,mIOU:0.86,precision:0.87,recall:0.82,F1score:0.84
2022-12-21 11:13:26,068 - INFO - 
mIOU:0.49,0.58,0.84,0.86,0.85,0.86,0.86,0.86
precision:nan,0.98,0.88,0.87,0.89,0.86,0.87,0.87
recall:0.0,0.18,0.76,0.81,0.78,0.83,0.82,0.82
F1score:nan,0.31,0.82,0.84,0.83,0.84,0.85,0.84
2022-12-21 11:18:29,770 - INFO - confusionMatrix:[[10398126.    19927.]
 [   33363.   146984.]]
2022-12-21 11:18:29,772 - INFO - Test loss: 0.1558,mIOU:0.86,precision:0.88,recall:0.82,F1score:0.85
2022-12-21 11:18:29,773 - INFO - 
mIOU:0.49,0.58,0.84,0.86,0.85,0.86,0.86,0.86,0.86
precision:nan,0.98,0.88,0.87,0.89,0.86,0.87,0.87,0.88
recall:0.0,0.18,0.76,0.81,0.78,0.83,0.82,0.82,0.82
F1score:nan,0.31,0.82,0.84,0.83,0.84,0.85,0.84,0.85
2022-12-21 11:23:25,666 - INFO - confusionMatrix:[[10397111.    20942.]
 [   31580.   148767.]]
2022-12-21 11:23:25,666 - INFO - Test loss: 0.1521,mIOU:0.87,precision:0.88,recall:0.82,F1score:0.85
2022-12-21 11:23:25,667 - INFO - 
mIOU:0.49,0.58,0.84,0.86,0.85,0.86,0.86,0.86,0.86,0.87
precision:nan,0.98,0.88,0.87,0.89,0.86,0.87,0.87,0.88,0.88
recall:0.0,0.18,0.76,0.81,0.78,0.83,0.82,0.82,0.82,0.82
F1score:nan,0.31,0.82,0.84,0.83,0.84,0.85,0.84,0.85,0.85
2022-12-21 11:27:56,324 - INFO - confusionMatrix:[[10395797.    22256.]
 [   30636.   149711.]]
2022-12-21 11:27:56,326 - INFO - Test loss: 0.1519,mIOU:0.87,precision:0.87,recall:0.83,F1score:0.85
2022-12-21 11:27:56,326 - INFO - 
mIOU:0.49,0.58,0.84,0.86,0.85,0.86,0.86,0.86,0.86,0.87,0.87
precision:nan,0.98,0.88,0.87,0.89,0.86,0.87,0.87,0.88,0.88,0.87
recall:0.0,0.18,0.76,0.81,0.78,0.83,0.82,0.82,0.82,0.82,0.83
F1score:nan,0.31,0.82,0.84,0.83,0.84,0.85,0.84,0.85,0.85,0.85
2022-12-21 11:33:04,313 - INFO - confusionMatrix:[[10396306.    21747.]
 [   31488.   148859.]]
2022-12-21 11:33:04,315 - INFO - Test loss: 0.1529,mIOU:0.87,precision:0.87,recall:0.83,F1score:0.85
2022-12-21 11:33:04,315 - INFO - 
mIOU:0.49,0.58,0.84,0.86,0.85,0.86,0.86,0.86,0.86,0.87,0.87,0.87
precision:nan,0.98,0.88,0.87,0.89,0.86,0.87,0.87,0.88,0.88,0.87,0.87
recall:0.0,0.18,0.76,0.81,0.78,0.83,0.82,0.82,0.82,0.82,0.83,0.83
F1score:nan,0.31,0.82,0.84,0.83,0.84,0.85,0.84,0.85,0.85,0.85,0.85
2022-12-21 11:38:58,711 - INFO - confusionMatrix:[[10398068.    19985.]
 [   31825.   148522.]]
2022-12-21 11:38:58,713 - INFO - Test loss: 0.1503,mIOU:0.87,precision:0.88,recall:0.82,F1score:0.85
2022-12-21 11:38:58,713 - INFO - 
mIOU:0.49,0.58,0.84,0.86,0.85,0.86,0.86,0.86,0.86,0.87,0.87,0.87,0.87
precision:nan,0.98,0.88,0.87,0.89,0.86,0.87,0.87,0.88,0.88,0.87,0.87,0.88
recall:0.0,0.18,0.76,0.81,0.78,0.83,0.82,0.82,0.82,0.82,0.83,0.83,0.82
F1score:nan,0.31,0.82,0.84,0.83,0.84,0.85,0.84,0.85,0.85,0.85,0.85,0.85
2022-12-21 11:44:25,285 - INFO - confusionMatrix:[[10395312.    22741.]
 [   29866.   150481.]]
2022-12-21 11:44:25,287 - INFO - Test loss: 0.1496,mIOU:0.87,precision:0.87,recall:0.83,F1score:0.85
2022-12-21 11:44:25,287 - INFO - 
mIOU:0.49,0.58,0.84,0.86,0.85,0.86,0.86,0.86,0.86,0.87,0.87,0.87,0.87,0.87
precision:nan,0.98,0.88,0.87,0.89,0.86,0.87,0.87,0.88,0.88,0.87,0.87,0.88,0.87
recall:0.0,0.18,0.76,0.81,0.78,0.83,0.82,0.82,0.82,0.82,0.83,0.83,0.82,0.83
F1score:nan,0.31,0.82,0.84,0.83,0.84,0.85,0.84,0.85,0.85,0.85,0.85,0.85,0.85
2022-12-21 11:49:27,340 - INFO - confusionMatrix:[[10396179.    21874.]
 [   30322.   150025.]]
2022-12-21 11:49:27,342 - INFO - Test loss: 0.1496,mIOU:0.87,precision:0.87,recall:0.83,F1score:0.85
2022-12-21 11:49:27,343 - INFO - 
mIOU:0.49,0.58,0.84,0.86,0.85,0.86,0.86,0.86,0.86,0.87,0.87,0.87,0.87,0.87,0.87
precision:nan,0.98,0.88,0.87,0.89,0.86,0.87,0.87,0.88,0.88,0.87,0.87,0.88,0.87,0.87
recall:0.0,0.18,0.76,0.81,0.78,0.83,0.82,0.82,0.82,0.82,0.83,0.83,0.82,0.83,0.83
F1score:nan,0.31,0.82,0.84,0.83,0.84,0.85,0.84,0.85,0.85,0.85,0.85,0.85,0.85,0.85
2022-12-21 11:54:26,564 - INFO - confusionMatrix:[[10391647.    26406.]
 [   26534.   153813.]]
2022-12-21 11:54:26,566 - INFO - Test loss: 0.1479,mIOU:0.87,precision:0.85,recall:0.85,F1score:0.85
2022-12-21 11:54:26,566 - INFO - 
mIOU:0.49,0.58,0.84,0.86,0.85,0.86,0.86,0.86,0.86,0.87,0.87,0.87,0.87,0.87,0.87,0.87
precision:nan,0.98,0.88,0.87,0.89,0.86,0.87,0.87,0.88,0.88,0.87,0.87,0.88,0.87,0.87,0.85
recall:0.0,0.18,0.76,0.81,0.78,0.83,0.82,0.82,0.82,0.82,0.83,0.83,0.82,0.83,0.83,0.85
F1score:nan,0.31,0.82,0.84,0.83,0.84,0.85,0.84,0.85,0.85,0.85,0.85,0.85,0.85,0.85,0.85
2022-12-21 11:59:26,324 - INFO - confusionMatrix:[[10391867.    26186.]
 [   27004.   153343.]]
2022-12-21 11:59:26,326 - INFO - Test loss: 0.1491,mIOU:0.87,precision:0.85,recall:0.85,F1score:0.85
2022-12-21 11:59:26,326 - INFO - 
mIOU:0.49,0.58,0.84,0.86,0.85,0.86,0.86,0.86,0.86,0.87,0.87,0.87,0.87,0.87,0.87,0.87,0.87
precision:nan,0.98,0.88,0.87,0.89,0.86,0.87,0.87,0.88,0.88,0.87,0.87,0.88,0.87,0.87,0.85,0.85
recall:0.0,0.18,0.76,0.81,0.78,0.83,0.82,0.82,0.82,0.82,0.83,0.83,0.82,0.83,0.83,0.85,0.85
F1score:nan,0.31,0.82,0.84,0.83,0.84,0.85,0.84,0.85,0.85,0.85,0.85,0.85,0.85,0.85,0.85,0.85
2022-12-21 12:04:26,401 - INFO - confusionMatrix:[[10394662.    23391.]
 [   29482.   150865.]]
2022-12-21 12:04:26,404 - INFO - Test loss: 0.1500,mIOU:0.87,precision:0.87,recall:0.84,F1score:0.85
2022-12-21 12:04:26,404 - INFO - 
mIOU:0.49,0.58,0.84,0.86,0.85,0.86,0.86,0.86,0.86,0.87,0.87,0.87,0.87,0.87,0.87,0.87,0.87,0.87
precision:nan,0.98,0.88,0.87,0.89,0.86,0.87,0.87,0.88,0.88,0.87,0.87,0.88,0.87,0.87,0.85,0.85,0.87
recall:0.0,0.18,0.76,0.81,0.78,0.83,0.82,0.82,0.82,0.82,0.83,0.83,0.82,0.83,0.83,0.85,0.85,0.84
F1score:nan,0.31,0.82,0.84,0.83,0.84,0.85,0.84,0.85,0.85,0.85,0.85,0.85,0.85,0.85,0.85,0.85,0.85
2022-12-21 12:09:23,309 - INFO - confusionMatrix:[[10395544.    22509.]
 [   29279.   151068.]]
2022-12-21 12:09:23,311 - INFO - Test loss: 0.1471,mIOU:0.87,precision:0.87,recall:0.84,F1score:0.85
2022-12-21 12:09:23,311 - INFO - 
mIOU:0.49,0.58,0.84,0.86,0.85,0.86,0.86,0.86,0.86,0.87,0.87,0.87,0.87,0.87,0.87,0.87,0.87,0.87,0.87
precision:nan,0.98,0.88,0.87,0.89,0.86,0.87,0.87,0.88,0.88,0.87,0.87,0.88,0.87,0.87,0.85,0.85,0.87,0.87
recall:0.0,0.18,0.76,0.81,0.78,0.83,0.82,0.82,0.82,0.82,0.83,0.83,0.82,0.83,0.83,0.85,0.85,0.84,0.84
F1score:nan,0.31,0.82,0.84,0.83,0.84,0.85,0.84,0.85,0.85,0.85,0.85,0.85,0.85,0.85,0.85,0.85,0.85,0.85
2022-12-21 12:14:28,940 - INFO - confusionMatrix:[[10395318.    22735.]
 [   29565.   150782.]]
2022-12-21 12:14:28,942 - INFO - Test loss: 0.1492,mIOU:0.87,precision:0.87,recall:0.84,F1score:0.85
2022-12-21 12:14:28,942 - INFO - 
mIOU:0.49,0.58,0.84,0.86,0.85,0.86,0.86,0.86,0.86,0.87,0.87,0.87,0.87,0.87,0.87,0.87,0.87,0.87,0.87,0.87
precision:nan,0.98,0.88,0.87,0.89,0.86,0.87,0.87,0.88,0.88,0.87,0.87,0.88,0.87,0.87,0.85,0.85,0.87,0.87,0.87
recall:0.0,0.18,0.76,0.81,0.78,0.83,0.82,0.82,0.82,0.82,0.83,0.83,0.82,0.83,0.83,0.85,0.85,0.84,0.84,0.84
F1score:nan,0.31,0.82,0.84,0.83,0.84,0.85,0.84,0.85,0.85,0.85,0.85,0.85,0.85,0.85,0.85,0.85,0.85,0.85,0.85
