2022-12-21 17:00:17,571 - INFO - confusionMatrix:[[10418053.        0.]
 [  180347.        0.]]
2022-12-21 17:00:17,574 - INFO - Test loss: 0.9670,mIOU:0.49,precision:nan,recall:0.00,F1score:nan
2022-12-21 17:00:17,574 - INFO - 
mIOU:0.49
precision:nan
recall:0.0
F1score:nan
2022-12-21 17:12:26,743 - INFO - confusionMatrix:[[10418053.        0.]
 [  180347.        0.]]
2022-12-21 17:12:26,743 - INFO - Test loss: 0.9806,mIOU:0.49,precision:nan,recall:0.00,F1score:nan
2022-12-21 17:12:26,744 - INFO - 
mIOU:0.49,0.49
precision:nan,nan
recall:0.0,0.0
F1score:nan,nan
2022-12-21 17:24:46,261 - INFO - confusionMatrix:[[10418053.        0.]
 [  180347.        0.]]
2022-12-21 17:24:46,263 - INFO - Test loss: 0.9954,mIOU:0.49,precision:nan,recall:0.00,F1score:nan
2022-12-21 17:24:46,263 - INFO - 
mIOU:0.49,0.49,0.49
precision:nan,nan,nan
recall:0.0,0.0,0.0
F1score:nan,nan,nan
2022-12-21 17:36:59,537 - INFO - confusionMatrix:[[1.0418052e+07 1.0000000e+00]
 [1.7853400e+05 1.8130000e+03]]
2022-12-21 17:36:59,538 - INFO - Test loss: 0.9661,mIOU:0.50,precision:1.00,recall:0.01,F1score:0.02
2022-12-21 17:36:59,539 - INFO - 
mIOU:0.49,0.49,0.49,0.5
precision:nan,nan,nan,1.0
recall:0.0,0.0,0.0,0.01
F1score:nan,nan,nan,0.02
2022-12-21 17:49:05,888 - INFO - confusionMatrix:[[1.0417582e+07 4.7100000e+02]
 [1.2792000e+05 5.2427000e+04]]
2022-12-21 17:49:05,890 - INFO - Test loss: 0.5530,mIOU:0.64,precision:0.99,recall:0.29,F1score:0.45
2022-12-21 17:49:05,890 - INFO - 
mIOU:0.49,0.49,0.49,0.5,0.64
precision:nan,nan,nan,1.0,0.99
recall:0.0,0.0,0.0,0.01,0.29
F1score:nan,nan,nan,0.02,0.45
2022-12-21 18:01:52,343 - INFO - confusionMatrix:[[1.0412601e+07 5.4520000e+03]
 [8.2527000e+04 9.7820000e+04]]
2022-12-21 18:01:52,344 - INFO - Test loss: 0.3189,mIOU:0.76,precision:0.95,recall:0.54,F1score:0.69
2022-12-21 18:01:52,345 - INFO - 
mIOU:0.49,0.49,0.49,0.5,0.64,0.76
precision:nan,nan,nan,1.0,0.99,0.95
recall:0.0,0.0,0.0,0.01,0.29,0.54
F1score:nan,nan,nan,0.02,0.45,0.69
2022-12-21 18:15:02,517 - INFO - confusionMatrix:[[10401967.    16086.]
 [   48696.   131651.]]
2022-12-21 18:15:02,518 - INFO - Test loss: 0.2068,mIOU:0.83,precision:0.89,recall:0.73,F1score:0.80
2022-12-21 18:15:02,518 - INFO - 
mIOU:0.49,0.49,0.49,0.5,0.64,0.76,0.83
precision:nan,nan,nan,1.0,0.99,0.95,0.89
recall:0.0,0.0,0.0,0.01,0.29,0.54,0.73
F1score:nan,nan,nan,0.02,0.45,0.69,0.8
2022-12-21 18:28:37,344 - INFO - confusionMatrix:[[10400492.    17561.]
 [   44276.   136071.]]
2022-12-21 18:28:37,346 - INFO - Test loss: 0.1927,mIOU:0.84,precision:0.89,recall:0.75,F1score:0.81
2022-12-21 18:28:37,346 - INFO - 
mIOU:0.49,0.49,0.49,0.5,0.64,0.76,0.83,0.84
precision:nan,nan,nan,1.0,0.99,0.95,0.89,0.89
recall:0.0,0.0,0.0,0.01,0.29,0.54,0.73,0.75
F1score:nan,nan,nan,0.02,0.45,0.69,0.8,0.81
2022-12-21 18:40:47,271 - INFO - confusionMatrix:[[10395319.    22734.]
 [   37623.   142724.]]
2022-12-21 18:40:47,272 - INFO - Test loss: 0.1800,mIOU:0.85,precision:0.86,recall:0.79,F1score:0.83
2022-12-21 18:40:47,272 - INFO - 
mIOU:0.49,0.49,0.49,0.5,0.64,0.76,0.83,0.84,0.85
precision:nan,nan,nan,1.0,0.99,0.95,0.89,0.89,0.86
recall:0.0,0.0,0.0,0.01,0.29,0.54,0.73,0.75,0.79
F1score:nan,nan,nan,0.02,0.45,0.69,0.8,0.81,0.83
2022-12-21 18:52:37,695 - INFO - confusionMatrix:[[10396320.    21733.]
 [   37528.   142819.]]
2022-12-21 18:52:37,696 - INFO - Test loss: 0.1769,mIOU:0.85,precision:0.87,recall:0.79,F1score:0.83
2022-12-21 18:52:37,697 - INFO - 
mIOU:0.49,0.49,0.49,0.5,0.64,0.76,0.83,0.84,0.85,0.85
precision:nan,nan,nan,1.0,0.99,0.95,0.89,0.89,0.86,0.87
recall:0.0,0.0,0.0,0.01,0.29,0.54,0.73,0.75,0.79,0.79
F1score:nan,nan,nan,0.02,0.45,0.69,0.8,0.81,0.83,0.83
2022-12-21 19:04:20,149 - INFO - confusionMatrix:[[10394594.    23459.]
 [   34770.   145577.]]
2022-12-21 19:04:20,151 - INFO - Test loss: 0.1709,mIOU:0.85,precision:0.86,recall:0.81,F1score:0.83
2022-12-21 19:04:20,151 - INFO - 
mIOU:0.49,0.49,0.49,0.5,0.64,0.76,0.83,0.84,0.85,0.85,0.85
precision:nan,nan,nan,1.0,0.99,0.95,0.89,0.89,0.86,0.87,0.86
recall:0.0,0.0,0.0,0.01,0.29,0.54,0.73,0.75,0.79,0.79,0.81
F1score:nan,nan,nan,0.02,0.45,0.69,0.8,0.81,0.83,0.83,0.83
2022-12-21 19:16:20,038 - INFO - confusionMatrix:[[10397259.    20794.]
 [   35959.   144388.]]
2022-12-21 19:16:20,040 - INFO - Test loss: 0.1685,mIOU:0.86,precision:0.87,recall:0.80,F1score:0.84
2022-12-21 19:16:20,040 - INFO - 
mIOU:0.49,0.49,0.49,0.5,0.64,0.76,0.83,0.84,0.85,0.85,0.85,0.86
precision:nan,nan,nan,1.0,0.99,0.95,0.89,0.89,0.86,0.87,0.86,0.87
recall:0.0,0.0,0.0,0.01,0.29,0.54,0.73,0.75,0.79,0.79,0.81,0.8
F1score:nan,nan,nan,0.02,0.45,0.69,0.8,0.81,0.83,0.83,0.83,0.84
2022-12-21 19:28:29,415 - INFO - confusionMatrix:[[10394997.    23056.]
 [   34226.   146121.]]
2022-12-21 19:28:29,417 - INFO - Test loss: 0.1682,mIOU:0.86,precision:0.86,recall:0.81,F1score:0.84
2022-12-21 19:28:29,418 - INFO - 
mIOU:0.49,0.49,0.49,0.5,0.64,0.76,0.83,0.84,0.85,0.85,0.85,0.86,0.86
precision:nan,nan,nan,1.0,0.99,0.95,0.89,0.89,0.86,0.87,0.86,0.87,0.86
recall:0.0,0.0,0.0,0.01,0.29,0.54,0.73,0.75,0.79,0.79,0.81,0.8,0.81
F1score:nan,nan,nan,0.02,0.45,0.69,0.8,0.81,0.83,0.83,0.83,0.84,0.84
2022-12-21 19:40:37,170 - INFO - confusionMatrix:[[10392607.    25446.]
 [   32086.   148261.]]
2022-12-21 19:40:37,172 - INFO - Test loss: 0.1659,mIOU:0.86,precision:0.85,recall:0.82,F1score:0.84
2022-12-21 19:40:37,173 - INFO - 
mIOU:0.49,0.49,0.49,0.5,0.64,0.76,0.83,0.84,0.85,0.85,0.85,0.86,0.86,0.86
precision:nan,nan,nan,1.0,0.99,0.95,0.89,0.89,0.86,0.87,0.86,0.87,0.86,0.85
recall:0.0,0.0,0.0,0.01,0.29,0.54,0.73,0.75,0.79,0.79,0.81,0.8,0.81,0.82
F1score:nan,nan,nan,0.02,0.45,0.69,0.8,0.81,0.83,0.83,0.83,0.84,0.84,0.84
2022-12-21 19:53:01,101 - INFO - confusionMatrix:[[10391550.    26503.]
 [   31900.   148447.]]
2022-12-21 19:53:01,104 - INFO - Test loss: 0.1666,mIOU:0.86,precision:0.85,recall:0.82,F1score:0.84
2022-12-21 19:53:01,105 - INFO - 
mIOU:0.49,0.49,0.49,0.5,0.64,0.76,0.83,0.84,0.85,0.85,0.85,0.86,0.86,0.86,0.86
precision:nan,nan,nan,1.0,0.99,0.95,0.89,0.89,0.86,0.87,0.86,0.87,0.86,0.85,0.85
recall:0.0,0.0,0.0,0.01,0.29,0.54,0.73,0.75,0.79,0.79,0.81,0.8,0.81,0.82,0.82
F1score:nan,nan,nan,0.02,0.45,0.69,0.8,0.81,0.83,0.83,0.83,0.84,0.84,0.84,0.84
2022-12-21 20:05:23,101 - INFO - confusionMatrix:[[10397176.    20877.]
 [   34791.   145556.]]
2022-12-21 20:05:23,103 - INFO - Test loss: 0.1630,mIOU:0.86,precision:0.87,recall:0.81,F1score:0.84
2022-12-21 20:05:23,103 - INFO - 
mIOU:0.49,0.49,0.49,0.5,0.64,0.76,0.83,0.84,0.85,0.85,0.85,0.86,0.86,0.86,0.86,0.86
precision:nan,nan,nan,1.0,0.99,0.95,0.89,0.89,0.86,0.87,0.86,0.87,0.86,0.85,0.85,0.87
recall:0.0,0.0,0.0,0.01,0.29,0.54,0.73,0.75,0.79,0.79,0.81,0.8,0.81,0.82,0.82,0.81
F1score:nan,nan,nan,0.02,0.45,0.69,0.8,0.81,0.83,0.83,0.83,0.84,0.84,0.84,0.84,0.84
2022-12-21 20:17:46,712 - INFO - confusionMatrix:[[10393844.    24209.]
 [   31792.   148555.]]
2022-12-21 20:17:46,714 - INFO - Test loss: 0.1606,mIOU:0.86,precision:0.86,recall:0.82,F1score:0.84
2022-12-21 20:17:46,714 - INFO - 
mIOU:0.49,0.49,0.49,0.5,0.64,0.76,0.83,0.84,0.85,0.85,0.85,0.86,0.86,0.86,0.86,0.86,0.86
precision:nan,nan,nan,1.0,0.99,0.95,0.89,0.89,0.86,0.87,0.86,0.87,0.86,0.85,0.85,0.87,0.86
recall:0.0,0.0,0.0,0.01,0.29,0.54,0.73,0.75,0.79,0.79,0.81,0.8,0.81,0.82,0.82,0.81,0.82
F1score:nan,nan,nan,0.02,0.45,0.69,0.8,0.81,0.83,0.83,0.83,0.84,0.84,0.84,0.84,0.84,0.84
2022-12-21 20:30:11,082 - INFO - confusionMatrix:[[10395732.    22321.]
 [   32494.   147853.]]
2022-12-21 20:30:11,084 - INFO - Test loss: 0.1588,mIOU:0.86,precision:0.87,recall:0.82,F1score:0.84
2022-12-21 20:30:11,085 - INFO - 
mIOU:0.49,0.49,0.49,0.5,0.64,0.76,0.83,0.84,0.85,0.85,0.85,0.86,0.86,0.86,0.86,0.86,0.86,0.86
precision:nan,nan,nan,1.0,0.99,0.95,0.89,0.89,0.86,0.87,0.86,0.87,0.86,0.85,0.85,0.87,0.86,0.87
recall:0.0,0.0,0.0,0.01,0.29,0.54,0.73,0.75,0.79,0.79,0.81,0.8,0.81,0.82,0.82,0.81,0.82,0.82
F1score:nan,nan,nan,0.02,0.45,0.69,0.8,0.81,0.83,0.83,0.83,0.84,0.84,0.84,0.84,0.84,0.84,0.84
2022-12-21 20:42:18,292 - INFO - confusionMatrix:[[10395005.    23048.]
 [   31925.   148422.]]
2022-12-21 20:42:18,294 - INFO - Test loss: 0.1582,mIOU:0.86,precision:0.87,recall:0.82,F1score:0.84
2022-12-21 20:42:18,294 - INFO - 
mIOU:0.49,0.49,0.49,0.5,0.64,0.76,0.83,0.84,0.85,0.85,0.85,0.86,0.86,0.86,0.86,0.86,0.86,0.86,0.86
precision:nan,nan,nan,1.0,0.99,0.95,0.89,0.89,0.86,0.87,0.86,0.87,0.86,0.85,0.85,0.87,0.86,0.87,0.87
recall:0.0,0.0,0.0,0.01,0.29,0.54,0.73,0.75,0.79,0.79,0.81,0.8,0.81,0.82,0.82,0.81,0.82,0.82,0.82
F1score:nan,nan,nan,0.02,0.45,0.69,0.8,0.81,0.83,0.83,0.83,0.84,0.84,0.84,0.84,0.84,0.84,0.84,0.84
2022-12-21 20:54:39,727 - INFO - confusionMatrix:[[10394937.    23116.]
 [   31812.   148535.]]
2022-12-21 20:54:39,729 - INFO - Test loss: 0.1579,mIOU:0.86,precision:0.87,recall:0.82,F1score:0.84
2022-12-21 20:54:39,730 - INFO - 
mIOU:0.49,0.49,0.49,0.5,0.64,0.76,0.83,0.84,0.85,0.85,0.85,0.86,0.86,0.86,0.86,0.86,0.86,0.86,0.86,0.86
precision:nan,nan,nan,1.0,0.99,0.95,0.89,0.89,0.86,0.87,0.86,0.87,0.86,0.85,0.85,0.87,0.86,0.87,0.87,0.87
recall:0.0,0.0,0.0,0.01,0.29,0.54,0.73,0.75,0.79,0.79,0.81,0.8,0.81,0.82,0.82,0.81,0.82,0.82,0.82,0.82
F1score:nan,nan,nan,0.02,0.45,0.69,0.8,0.81,0.83,0.83,0.83,0.84,0.84,0.84,0.84,0.84,0.84,0.84,0.84,0.84
