2022-12-21 07:42:27,092 - INFO - confusionMatrix:[[10359452.    58601.]
 [   25129.   155218.]]
2022-12-21 07:42:27,095 - INFO - Test loss: 0.2140,mIOU:0.82,precision:0.73,recall:0.86,F1score:0.79
2022-12-21 07:42:27,095 - INFO - 
mIOU:0.82
precision:0.73
recall:0.86
F1score:0.79
2022-12-21 07:45:35,953 - INFO - confusionMatrix:[[10398992.    19061.]
 [   37182.   143165.]]
2022-12-21 07:45:35,954 - INFO - Test loss: 0.1655,mIOU:0.86,precision:0.88,recall:0.79,F1score:0.84
2022-12-21 07:45:35,955 - INFO - 
mIOU:0.82,0.86
precision:0.73,0.88
recall:0.86,0.79
F1score:0.79,0.84
2022-12-21 07:48:45,966 - INFO - confusionMatrix:[[10381248.    36805.]
 [   24582.   155765.]]
2022-12-21 07:48:45,968 - INFO - Test loss: 0.1645,mIOU:0.86,precision:0.81,recall:0.86,F1score:0.84
2022-12-21 07:48:45,969 - INFO - 
mIOU:0.82,0.86,0.86
precision:0.73,0.88,0.81
recall:0.86,0.79,0.86
F1score:0.79,0.84,0.84
2022-12-21 07:51:48,007 - INFO - confusionMatrix:[[10398036.    20017.]
 [   34614.   145733.]]
2022-12-21 07:51:48,010 - INFO - Test loss: 0.1587,mIOU:0.86,precision:0.88,recall:0.81,F1score:0.84
2022-12-21 07:51:48,010 - INFO - 
mIOU:0.82,0.86,0.86,0.86
precision:0.73,0.88,0.81,0.88
recall:0.86,0.79,0.86,0.81
F1score:0.79,0.84,0.84,0.84
2022-12-21 07:54:59,041 - INFO - confusionMatrix:[[10394760.    23293.]
 [   29542.   150805.]]
2022-12-21 07:54:59,043 - INFO - Test loss: 0.1498,mIOU:0.87,precision:0.87,recall:0.84,F1score:0.85
2022-12-21 07:54:59,043 - INFO - 
mIOU:0.82,0.86,0.86,0.86,0.87
precision:0.73,0.88,0.81,0.88,0.87
recall:0.86,0.79,0.86,0.81,0.84
F1score:0.79,0.84,0.84,0.84,0.85
2022-12-21 07:58:02,982 - INFO - confusionMatrix:[[10391026.    27027.]
 [   27731.   152616.]]
2022-12-21 07:58:02,986 - INFO - Test loss: 0.1515,mIOU:0.87,precision:0.85,recall:0.85,F1score:0.85
2022-12-21 07:58:02,986 - INFO - 
mIOU:0.82,0.86,0.86,0.86,0.87,0.87
precision:0.73,0.88,0.81,0.88,0.87,0.85
recall:0.86,0.79,0.86,0.81,0.84,0.85
F1score:0.79,0.84,0.84,0.84,0.85,0.85
2022-12-21 08:01:20,428 - INFO - confusionMatrix:[[10398950.    19103.]
 [   33099.   147248.]]
2022-12-21 08:01:20,430 - INFO - Test loss: 0.1513,mIOU:0.87,precision:0.89,recall:0.82,F1score:0.85
2022-12-21 08:01:20,430 - INFO - 
mIOU:0.82,0.86,0.86,0.86,0.87,0.87,0.87
precision:0.73,0.88,0.81,0.88,0.87,0.85,0.89
recall:0.86,0.79,0.86,0.81,0.84,0.85,0.82
F1score:0.79,0.84,0.84,0.84,0.85,0.85,0.85
2022-12-21 08:04:31,158 - INFO - confusionMatrix:[[10389354.    28699.]
 [   25878.   154469.]]
2022-12-21 08:04:31,159 - INFO - Test loss: 0.1489,mIOU:0.87,precision:0.84,recall:0.86,F1score:0.85
2022-12-21 08:04:31,160 - INFO - 
mIOU:0.82,0.86,0.86,0.86,0.87,0.87,0.87,0.87
precision:0.73,0.88,0.81,0.88,0.87,0.85,0.89,0.84
recall:0.86,0.79,0.86,0.81,0.84,0.85,0.82,0.86
F1score:0.79,0.84,0.84,0.84,0.85,0.85,0.85,0.85
2022-12-21 08:07:38,852 - INFO - confusionMatrix:[[10390853.    27200.]
 [   25064.   155283.]]
2022-12-21 08:07:38,854 - INFO - Test loss: 0.1419,mIOU:0.87,precision:0.85,recall:0.86,F1score:0.86
2022-12-21 08:07:38,854 - INFO - 
mIOU:0.82,0.86,0.86,0.86,0.87,0.87,0.87,0.87,0.87
precision:0.73,0.88,0.81,0.88,0.87,0.85,0.89,0.84,0.85
recall:0.86,0.79,0.86,0.81,0.84,0.85,0.82,0.86,0.86
F1score:0.79,0.84,0.84,0.84,0.85,0.85,0.85,0.85,0.86
2022-12-21 08:10:48,554 - INFO - confusionMatrix:[[10389163.    28890.]
 [   28197.   152150.]]
2022-12-21 08:10:48,557 - INFO - Test loss: 0.1537,mIOU:0.86,precision:0.84,recall:0.84,F1score:0.84
2022-12-21 08:10:48,557 - INFO - 
mIOU:0.82,0.86,0.86,0.86,0.87,0.87,0.87,0.87,0.87,0.86
precision:0.73,0.88,0.81,0.88,0.87,0.85,0.89,0.84,0.85,0.84
recall:0.86,0.79,0.86,0.81,0.84,0.85,0.82,0.86,0.86,0.84
F1score:0.79,0.84,0.84,0.84,0.85,0.85,0.85,0.85,0.86,0.84
2022-12-21 08:13:58,799 - INFO - confusionMatrix:[[10384478.    33575.]
 [   22510.   157837.]]
2022-12-21 08:13:58,801 - INFO - Test loss: 0.1477,mIOU:0.87,precision:0.82,recall:0.88,F1score:0.85
2022-12-21 08:13:58,802 - INFO - 
mIOU:0.82,0.86,0.86,0.86,0.87,0.87,0.87,0.87,0.87,0.86,0.87
precision:0.73,0.88,0.81,0.88,0.87,0.85,0.89,0.84,0.85,0.84,0.82
recall:0.86,0.79,0.86,0.81,0.84,0.85,0.82,0.86,0.86,0.84,0.88
F1score:0.79,0.84,0.84,0.84,0.85,0.85,0.85,0.85,0.86,0.84,0.85
2022-12-21 08:17:06,695 - INFO - confusionMatrix:[[10386240.    31813.]
 [   24424.   155923.]]
2022-12-21 08:17:06,698 - INFO - Test loss: 0.1482,mIOU:0.86,precision:0.83,recall:0.86,F1score:0.85
2022-12-21 08:17:06,698 - INFO - 
mIOU:0.82,0.86,0.86,0.86,0.87,0.87,0.87,0.87,0.87,0.86,0.87,0.86
precision:0.73,0.88,0.81,0.88,0.87,0.85,0.89,0.84,0.85,0.84,0.82,0.83
recall:0.86,0.79,0.86,0.81,0.84,0.85,0.82,0.86,0.86,0.84,0.88,0.86
F1score:0.79,0.84,0.84,0.84,0.85,0.85,0.85,0.85,0.86,0.84,0.85,0.85
2022-12-21 08:20:12,421 - INFO - confusionMatrix:[[10396626.    21427.]
 [   28958.   151389.]]
2022-12-21 08:20:12,423 - INFO - Test loss: 0.1413,mIOU:0.87,precision:0.88,recall:0.84,F1score:0.86
2022-12-21 08:20:12,423 - INFO - 
mIOU:0.82,0.86,0.86,0.86,0.87,0.87,0.87,0.87,0.87,0.86,0.87,0.86,0.87
precision:0.73,0.88,0.81,0.88,0.87,0.85,0.89,0.84,0.85,0.84,0.82,0.83,0.88
recall:0.86,0.79,0.86,0.81,0.84,0.85,0.82,0.86,0.86,0.84,0.88,0.86,0.84
F1score:0.79,0.84,0.84,0.84,0.85,0.85,0.85,0.85,0.86,0.84,0.85,0.85,0.86
2022-12-21 08:23:18,262 - INFO - confusionMatrix:[[10365917.    52136.]
 [   24923.   155424.]]
2022-12-21 08:23:18,264 - INFO - Test loss: 0.1914,mIOU:0.83,precision:0.75,recall:0.86,F1score:0.80
2022-12-21 08:23:18,264 - INFO - 
mIOU:0.82,0.86,0.86,0.86,0.87,0.87,0.87,0.87,0.87,0.86,0.87,0.86,0.87,0.83
precision:0.73,0.88,0.81,0.88,0.87,0.85,0.89,0.84,0.85,0.84,0.82,0.83,0.88,0.75
recall:0.86,0.79,0.86,0.81,0.84,0.85,0.82,0.86,0.86,0.84,0.88,0.86,0.84,0.86
F1score:0.79,0.84,0.84,0.84,0.85,0.85,0.85,0.85,0.86,0.84,0.85,0.85,0.86,0.8
2022-12-21 08:26:21,809 - INFO - confusionMatrix:[[10380208.    37845.]
 [   23885.   156462.]]
2022-12-21 08:26:21,811 - INFO - Test loss: 0.1621,mIOU:0.86,precision:0.81,recall:0.87,F1score:0.84
2022-12-21 08:26:21,811 - INFO - 
mIOU:0.82,0.86,0.86,0.86,0.87,0.87,0.87,0.87,0.87,0.86,0.87,0.86,0.87,0.83,0.86
precision:0.73,0.88,0.81,0.88,0.87,0.85,0.89,0.84,0.85,0.84,0.82,0.83,0.88,0.75,0.81
recall:0.86,0.79,0.86,0.81,0.84,0.85,0.82,0.86,0.86,0.84,0.88,0.86,0.84,0.86,0.87
F1score:0.79,0.84,0.84,0.84,0.85,0.85,0.85,0.85,0.86,0.84,0.85,0.85,0.86,0.8,0.84
2022-12-21 08:29:25,630 - INFO - confusionMatrix:[[10390614.    27439.]
 [   26686.   153661.]]
2022-12-21 08:29:25,631 - INFO - Test loss: 0.1481,mIOU:0.87,precision:0.85,recall:0.85,F1score:0.85
2022-12-21 08:29:25,631 - INFO - 
mIOU:0.82,0.86,0.86,0.86,0.87,0.87,0.87,0.87,0.87,0.86,0.87,0.86,0.87,0.83,0.86,0.87
precision:0.73,0.88,0.81,0.88,0.87,0.85,0.89,0.84,0.85,0.84,0.82,0.83,0.88,0.75,0.81,0.85
recall:0.86,0.79,0.86,0.81,0.84,0.85,0.82,0.86,0.86,0.84,0.88,0.86,0.84,0.86,0.87,0.85
F1score:0.79,0.84,0.84,0.84,0.85,0.85,0.85,0.85,0.86,0.84,0.85,0.85,0.86,0.8,0.84,0.85
2022-12-21 08:32:31,536 - INFO - confusionMatrix:[[10390531.    27522.]
 [   25278.   155069.]]
2022-12-21 08:32:31,538 - INFO - Test loss: 0.1448,mIOU:0.87,precision:0.85,recall:0.86,F1score:0.85
2022-12-21 08:32:31,538 - INFO - 
mIOU:0.82,0.86,0.86,0.86,0.87,0.87,0.87,0.87,0.87,0.86,0.87,0.86,0.87,0.83,0.86,0.87,0.87
precision:0.73,0.88,0.81,0.88,0.87,0.85,0.89,0.84,0.85,0.84,0.82,0.83,0.88,0.75,0.81,0.85,0.85
recall:0.86,0.79,0.86,0.81,0.84,0.85,0.82,0.86,0.86,0.84,0.88,0.86,0.84,0.86,0.87,0.85,0.86
F1score:0.79,0.84,0.84,0.84,0.85,0.85,0.85,0.85,0.86,0.84,0.85,0.85,0.86,0.8,0.84,0.85,0.85
2022-12-21 08:35:37,495 - INFO - confusionMatrix:[[10380728.    37325.]
 [   24129.   156218.]]
2022-12-21 08:35:37,497 - INFO - Test loss: 0.1603,mIOU:0.86,precision:0.81,recall:0.87,F1score:0.84
2022-12-21 08:35:37,498 - INFO - 
mIOU:0.82,0.86,0.86,0.86,0.87,0.87,0.87,0.87,0.87,0.86,0.87,0.86,0.87,0.83,0.86,0.87,0.87,0.86
precision:0.73,0.88,0.81,0.88,0.87,0.85,0.89,0.84,0.85,0.84,0.82,0.83,0.88,0.75,0.81,0.85,0.85,0.81
recall:0.86,0.79,0.86,0.81,0.84,0.85,0.82,0.86,0.86,0.84,0.88,0.86,0.84,0.86,0.87,0.85,0.86,0.87
F1score:0.79,0.84,0.84,0.84,0.85,0.85,0.85,0.85,0.86,0.84,0.85,0.85,0.86,0.8,0.84,0.85,0.85,0.84
2022-12-21 08:38:43,462 - INFO - confusionMatrix:[[10403570.    14483.]
 [   42183.   138164.]]
2022-12-21 08:38:43,464 - INFO - Test loss: 0.1705,mIOU:0.85,precision:0.91,recall:0.77,F1score:0.83
2022-12-21 08:38:43,464 - INFO - 
mIOU:0.82,0.86,0.86,0.86,0.87,0.87,0.87,0.87,0.87,0.86,0.87,0.86,0.87,0.83,0.86,0.87,0.87,0.86,0.85
precision:0.73,0.88,0.81,0.88,0.87,0.85,0.89,0.84,0.85,0.84,0.82,0.83,0.88,0.75,0.81,0.85,0.85,0.81,0.91
recall:0.86,0.79,0.86,0.81,0.84,0.85,0.82,0.86,0.86,0.84,0.88,0.86,0.84,0.86,0.87,0.85,0.86,0.87,0.77
F1score:0.79,0.84,0.84,0.84,0.85,0.85,0.85,0.85,0.86,0.84,0.85,0.85,0.86,0.8,0.84,0.85,0.85,0.84,0.83
2022-12-21 08:41:51,459 - INFO - confusionMatrix:[[10381255.    36798.]
 [   23237.   157110.]]
2022-12-21 08:41:51,461 - INFO - Test loss: 0.1559,mIOU:0.86,precision:0.81,recall:0.87,F1score:0.84
2022-12-21 08:41:51,462 - INFO - 
mIOU:0.82,0.86,0.86,0.86,0.87,0.87,0.87,0.87,0.87,0.86,0.87,0.86,0.87,0.83,0.86,0.87,0.87,0.86,0.85,0.86
precision:0.73,0.88,0.81,0.88,0.87,0.85,0.89,0.84,0.85,0.84,0.82,0.83,0.88,0.75,0.81,0.85,0.85,0.81,0.91,0.81
recall:0.86,0.79,0.86,0.81,0.84,0.85,0.82,0.86,0.86,0.84,0.88,0.86,0.84,0.86,0.87,0.85,0.86,0.87,0.77,0.87
F1score:0.79,0.84,0.84,0.84,0.85,0.85,0.85,0.85,0.86,0.84,0.85,0.85,0.86,0.8,0.84,0.85,0.85,0.84,0.83,0.84
