2022-12-21 14:36:15,052 - INFO - confusionMatrix:[[10418053.        0.]
 [  180347.        0.]]
2022-12-21 14:36:15,056 - INFO - Test loss: 0.9734,mIOU:0.49,precision:nan,recall:0.00,F1score:nan
2022-12-21 14:36:15,056 - INFO - 
mIOU:0.49
precision:nan
recall:0.0
F1score:nan
2022-12-21 14:43:14,130 - INFO - confusionMatrix:[[10418053.        0.]
 [  180347.        0.]]
2022-12-21 14:43:14,133 - INFO - Test loss: 0.9954,mIOU:0.49,precision:nan,recall:0.00,F1score:nan
2022-12-21 14:43:14,133 - INFO - 
mIOU:0.49,0.49
precision:nan,nan
recall:0.0,0.0
F1score:nan,nan
2022-12-21 14:50:09,659 - INFO - confusionMatrix:[[1.0417812e+07 2.4100000e+02]
 [1.6282000e+05 1.7527000e+04]]
2022-12-21 14:50:09,660 - INFO - Test loss: 0.8271,mIOU:0.54,precision:0.99,recall:0.10,F1score:0.18
2022-12-21 14:50:09,660 - INFO - 
mIOU:0.49,0.49,0.54
precision:nan,nan,0.99
recall:0.0,0.0,0.1
F1score:nan,nan,0.18
2022-12-21 14:57:10,485 - INFO - confusionMatrix:[[1.0410478e+07 7.5750000e+03]
 [7.5669000e+04 1.0467800e+05]]
2022-12-21 14:57:10,486 - INFO - Test loss: 0.2979,mIOU:0.77,precision:0.93,recall:0.58,F1score:0.72
2022-12-21 14:57:10,487 - INFO - 
mIOU:0.49,0.49,0.54,0.77
precision:nan,nan,0.99,0.93
recall:0.0,0.0,0.1,0.58
F1score:nan,nan,0.18,0.72
2022-12-21 15:04:05,139 - INFO - confusionMatrix:[[10398389.    19664.]
 [   40871.   139476.]]
2022-12-21 15:04:05,141 - INFO - Test loss: 0.1877,mIOU:0.85,precision:0.88,recall:0.77,F1score:0.82
2022-12-21 15:04:05,141 - INFO - 
mIOU:0.49,0.49,0.54,0.77,0.85
precision:nan,nan,0.99,0.93,0.88
recall:0.0,0.0,0.1,0.58,0.77
F1score:nan,nan,0.18,0.72,0.82
2022-12-21 15:11:03,763 - INFO - confusionMatrix:[[10397721.    20332.]
 [   38484.   141863.]]
2022-12-21 15:11:03,765 - INFO - Test loss: 0.1781,mIOU:0.85,precision:0.87,recall:0.79,F1score:0.83
2022-12-21 15:11:03,765 - INFO - 
mIOU:0.49,0.49,0.54,0.77,0.85,0.85
precision:nan,nan,0.99,0.93,0.88,0.87
recall:0.0,0.0,0.1,0.58,0.77,0.79
F1score:nan,nan,0.18,0.72,0.82,0.83
2022-12-21 15:18:02,615 - INFO - confusionMatrix:[[10397517.    20536.]
 [   35650.   144697.]]
2022-12-21 15:18:02,618 - INFO - Test loss: 0.1677,mIOU:0.86,precision:0.88,recall:0.80,F1score:0.84
2022-12-21 15:18:02,618 - INFO - 
mIOU:0.49,0.49,0.54,0.77,0.85,0.85,0.86
precision:nan,nan,0.99,0.93,0.88,0.87,0.88
recall:0.0,0.0,0.1,0.58,0.77,0.79,0.8
F1score:nan,nan,0.18,0.72,0.82,0.83,0.84
2022-12-21 15:24:59,685 - INFO - confusionMatrix:[[10393094.    24959.]
 [   31902.   148445.]]
2022-12-21 15:24:59,686 - INFO - Test loss: 0.1644,mIOU:0.86,precision:0.86,recall:0.82,F1score:0.84
2022-12-21 15:24:59,687 - INFO - 
mIOU:0.49,0.49,0.54,0.77,0.85,0.85,0.86,0.86
precision:nan,nan,0.99,0.93,0.88,0.87,0.88,0.86
recall:0.0,0.0,0.1,0.58,0.77,0.79,0.8,0.82
F1score:nan,nan,0.18,0.72,0.82,0.83,0.84,0.84
2022-12-21 15:31:58,633 - INFO - confusionMatrix:[[10394832.    23221.]
 [   32954.   147393.]]
2022-12-21 15:31:58,635 - INFO - Test loss: 0.1634,mIOU:0.86,precision:0.86,recall:0.82,F1score:0.84
2022-12-21 15:31:58,636 - INFO - 
mIOU:0.49,0.49,0.54,0.77,0.85,0.85,0.86,0.86,0.86
precision:nan,nan,0.99,0.93,0.88,0.87,0.88,0.86,0.86
recall:0.0,0.0,0.1,0.58,0.77,0.79,0.8,0.82,0.82
F1score:nan,nan,0.18,0.72,0.82,0.83,0.84,0.84,0.84
2022-12-21 15:38:53,888 - INFO - confusionMatrix:[[10393123.    24930.]
 [   30615.   149732.]]
2022-12-21 15:38:53,890 - INFO - Test loss: 0.1591,mIOU:0.86,precision:0.86,recall:0.83,F1score:0.84
2022-12-21 15:38:53,891 - INFO - 
mIOU:0.49,0.49,0.54,0.77,0.85,0.85,0.86,0.86,0.86,0.86
precision:nan,nan,0.99,0.93,0.88,0.87,0.88,0.86,0.86,0.86
recall:0.0,0.0,0.1,0.58,0.77,0.79,0.8,0.82,0.82,0.83
F1score:nan,nan,0.18,0.72,0.82,0.83,0.84,0.84,0.84,0.84
2022-12-21 15:46:01,400 - INFO - confusionMatrix:[[10395709.    22344.]
 [   32340.   148007.]]
2022-12-21 15:46:01,402 - INFO - Test loss: 0.1586,mIOU:0.86,precision:0.87,recall:0.82,F1score:0.84
2022-12-21 15:46:01,402 - INFO - 
mIOU:0.49,0.49,0.54,0.77,0.85,0.85,0.86,0.86,0.86,0.86,0.86
precision:nan,nan,0.99,0.93,0.88,0.87,0.88,0.86,0.86,0.86,0.87
recall:0.0,0.0,0.1,0.58,0.77,0.79,0.8,0.82,0.82,0.83,0.82
F1score:nan,nan,0.18,0.72,0.82,0.83,0.84,0.84,0.84,0.84,0.84
2022-12-21 15:52:50,644 - INFO - confusionMatrix:[[10396086.    21967.]
 [   31975.   148372.]]
2022-12-21 15:52:50,646 - INFO - Test loss: 0.1565,mIOU:0.86,precision:0.87,recall:0.82,F1score:0.85
2022-12-21 15:52:50,646 - INFO - 
mIOU:0.49,0.49,0.54,0.77,0.85,0.85,0.86,0.86,0.86,0.86,0.86,0.86
precision:nan,nan,0.99,0.93,0.88,0.87,0.88,0.86,0.86,0.86,0.87,0.87
recall:0.0,0.0,0.1,0.58,0.77,0.79,0.8,0.82,0.82,0.83,0.82,0.82
F1score:nan,nan,0.18,0.72,0.82,0.83,0.84,0.84,0.84,0.84,0.84,0.85
2022-12-21 15:59:36,051 - INFO - confusionMatrix:[[10395694.    22359.]
 [   31297.   149050.]]
2022-12-21 15:59:36,053 - INFO - Test loss: 0.1550,mIOU:0.87,precision:0.87,recall:0.83,F1score:0.85
2022-12-21 15:59:36,054 - INFO - 
mIOU:0.49,0.49,0.54,0.77,0.85,0.85,0.86,0.86,0.86,0.86,0.86,0.86,0.87
precision:nan,nan,0.99,0.93,0.88,0.87,0.88,0.86,0.86,0.86,0.87,0.87,0.87
recall:0.0,0.0,0.1,0.58,0.77,0.79,0.8,0.82,0.82,0.83,0.82,0.82,0.83
F1score:nan,nan,0.18,0.72,0.82,0.83,0.84,0.84,0.84,0.84,0.84,0.85,0.85
2022-12-21 16:06:29,659 - INFO - confusionMatrix:[[10396804.    21249.]
 [   31820.   148527.]]
2022-12-21 16:06:29,662 - INFO - Test loss: 0.1541,mIOU:0.87,precision:0.87,recall:0.82,F1score:0.85
2022-12-21 16:06:29,662 - INFO - 
mIOU:0.49,0.49,0.54,0.77,0.85,0.85,0.86,0.86,0.86,0.86,0.86,0.86,0.87,0.87
precision:nan,nan,0.99,0.93,0.88,0.87,0.88,0.86,0.86,0.86,0.87,0.87,0.87,0.87
recall:0.0,0.0,0.1,0.58,0.77,0.79,0.8,0.82,0.82,0.83,0.82,0.82,0.83,0.82
F1score:nan,nan,0.18,0.72,0.82,0.83,0.84,0.84,0.84,0.84,0.84,0.85,0.85,0.85
2022-12-21 16:13:34,436 - INFO - confusionMatrix:[[10392067.    25986.]
 [   28905.   151442.]]
2022-12-21 16:13:34,438 - INFO - Test loss: 0.1550,mIOU:0.86,precision:0.85,recall:0.84,F1score:0.85
2022-12-21 16:13:34,439 - INFO - 
mIOU:0.49,0.49,0.54,0.77,0.85,0.85,0.86,0.86,0.86,0.86,0.86,0.86,0.87,0.87,0.86
precision:nan,nan,0.99,0.93,0.88,0.87,0.88,0.86,0.86,0.86,0.87,0.87,0.87,0.87,0.85
recall:0.0,0.0,0.1,0.58,0.77,0.79,0.8,0.82,0.82,0.83,0.82,0.82,0.83,0.82,0.84
F1score:nan,nan,0.18,0.72,0.82,0.83,0.84,0.84,0.84,0.84,0.84,0.85,0.85,0.85,0.85
2022-12-21 16:20:30,198 - INFO - confusionMatrix:[[10397823.    20230.]
 [   32348.   147999.]]
2022-12-21 16:20:30,200 - INFO - Test loss: 0.1530,mIOU:0.87,precision:0.88,recall:0.82,F1score:0.85
2022-12-21 16:20:30,200 - INFO - 
mIOU:0.49,0.49,0.54,0.77,0.85,0.85,0.86,0.86,0.86,0.86,0.86,0.86,0.87,0.87,0.86,0.87
precision:nan,nan,0.99,0.93,0.88,0.87,0.88,0.86,0.86,0.86,0.87,0.87,0.87,0.87,0.85,0.88
recall:0.0,0.0,0.1,0.58,0.77,0.79,0.8,0.82,0.82,0.83,0.82,0.82,0.83,0.82,0.84,0.82
F1score:nan,nan,0.18,0.72,0.82,0.83,0.84,0.84,0.84,0.84,0.84,0.85,0.85,0.85,0.85,0.85
2022-12-21 16:27:14,700 - INFO - confusionMatrix:[[10395255.    22798.]
 [   30166.   150181.]]
2022-12-21 16:27:14,701 - INFO - Test loss: 0.1521,mIOU:0.87,precision:0.87,recall:0.83,F1score:0.85
2022-12-21 16:27:14,702 - INFO - 
mIOU:0.49,0.49,0.54,0.77,0.85,0.85,0.86,0.86,0.86,0.86,0.86,0.86,0.87,0.87,0.86,0.87,0.87
precision:nan,nan,0.99,0.93,0.88,0.87,0.88,0.86,0.86,0.86,0.87,0.87,0.87,0.87,0.85,0.88,0.87
recall:0.0,0.0,0.1,0.58,0.77,0.79,0.8,0.82,0.82,0.83,0.82,0.82,0.83,0.82,0.84,0.82,0.83
F1score:nan,nan,0.18,0.72,0.82,0.83,0.84,0.84,0.84,0.84,0.84,0.85,0.85,0.85,0.85,0.85,0.85
2022-12-21 16:33:54,778 - INFO - confusionMatrix:[[10395711.    22342.]
 [   30344.   150003.]]
2022-12-21 16:33:54,780 - INFO - Test loss: 0.1511,mIOU:0.87,precision:0.87,recall:0.83,F1score:0.85
2022-12-21 16:33:54,780 - INFO - 
mIOU:0.49,0.49,0.54,0.77,0.85,0.85,0.86,0.86,0.86,0.86,0.86,0.86,0.87,0.87,0.86,0.87,0.87,0.87
precision:nan,nan,0.99,0.93,0.88,0.87,0.88,0.86,0.86,0.86,0.87,0.87,0.87,0.87,0.85,0.88,0.87,0.87
recall:0.0,0.0,0.1,0.58,0.77,0.79,0.8,0.82,0.82,0.83,0.82,0.82,0.83,0.82,0.84,0.82,0.83,0.83
F1score:nan,nan,0.18,0.72,0.82,0.83,0.84,0.84,0.84,0.84,0.84,0.85,0.85,0.85,0.85,0.85,0.85,0.85
2022-12-21 16:40:31,415 - INFO - confusionMatrix:[[10396010.    22043.]
 [   30599.   149748.]]
2022-12-21 16:40:31,418 - INFO - Test loss: 0.1509,mIOU:0.87,precision:0.87,recall:0.83,F1score:0.85
2022-12-21 16:40:31,418 - INFO - 
mIOU:0.49,0.49,0.54,0.77,0.85,0.85,0.86,0.86,0.86,0.86,0.86,0.86,0.87,0.87,0.86,0.87,0.87,0.87,0.87
precision:nan,nan,0.99,0.93,0.88,0.87,0.88,0.86,0.86,0.86,0.87,0.87,0.87,0.87,0.85,0.88,0.87,0.87,0.87
recall:0.0,0.0,0.1,0.58,0.77,0.79,0.8,0.82,0.82,0.83,0.82,0.82,0.83,0.82,0.84,0.82,0.83,0.83,0.83
F1score:nan,nan,0.18,0.72,0.82,0.83,0.84,0.84,0.84,0.84,0.84,0.85,0.85,0.85,0.85,0.85,0.85,0.85,0.85
2022-12-21 16:47:17,220 - INFO - confusionMatrix:[[10398096.    19957.]
 [   31990.   148357.]]
2022-12-21 16:47:17,222 - INFO - Test loss: 0.1509,mIOU:0.87,precision:0.88,recall:0.82,F1score:0.85
2022-12-21 16:47:17,222 - INFO - 
mIOU:0.49,0.49,0.54,0.77,0.85,0.85,0.86,0.86,0.86,0.86,0.86,0.86,0.87,0.87,0.86,0.87,0.87,0.87,0.87,0.87
precision:nan,nan,0.99,0.93,0.88,0.87,0.88,0.86,0.86,0.86,0.87,0.87,0.87,0.87,0.85,0.88,0.87,0.87,0.87,0.88
recall:0.0,0.0,0.1,0.58,0.77,0.79,0.8,0.82,0.82,0.83,0.82,0.82,0.83,0.82,0.84,0.82,0.83,0.83,0.83,0.82
F1score:nan,nan,0.18,0.72,0.82,0.83,0.84,0.84,0.84,0.84,0.84,0.85,0.85,0.85,0.85,0.85,0.85,0.85,0.85,0.85
