2022-12-21 06:36:41,383 - INFO - confusionMatrix:[[10389877.    28176.]
 [   33440.   146907.]]
2022-12-21 06:36:41,385 - INFO - Test loss: 0.1754,mIOU:0.85,precision:0.84,recall:0.81,F1score:0.83
2022-12-21 06:36:41,385 - INFO - 
mIOU:0.85
precision:0.84
recall:0.81
F1score:0.83
2022-12-21 06:39:49,491 - INFO - confusionMatrix:[[10394896.    23157.]
 [   33500.   146847.]]
2022-12-21 06:39:49,493 - INFO - Test loss: 0.1631,mIOU:0.86,precision:0.86,recall:0.81,F1score:0.84
2022-12-21 06:39:49,493 - INFO - 
mIOU:0.85,0.86
precision:0.84,0.86
recall:0.81,0.81
F1score:0.83,0.84
2022-12-21 06:43:03,367 - INFO - confusionMatrix:[[10384034.    34019.]
 [   26156.   154191.]]
2022-12-21 06:43:03,368 - INFO - Test loss: 0.1633,mIOU:0.86,precision:0.82,recall:0.85,F1score:0.84
2022-12-21 06:43:03,369 - INFO - 
mIOU:0.85,0.86,0.86
precision:0.84,0.86,0.82
recall:0.81,0.81,0.85
F1score:0.83,0.84,0.84
2022-12-21 06:46:20,903 - INFO - confusionMatrix:[[10368119.    49934.]
 [   32062.   148285.]]
2022-12-21 06:46:20,906 - INFO - Test loss: 0.2153,mIOU:0.82,precision:0.75,recall:0.82,F1score:0.78
2022-12-21 06:46:20,906 - INFO - 
mIOU:0.85,0.86,0.86,0.82
precision:0.84,0.86,0.82,0.75
recall:0.81,0.81,0.85,0.82
F1score:0.83,0.84,0.84,0.78
2022-12-21 06:49:31,200 - INFO - confusionMatrix:[[10393332.    24721.]
 [   28900.   151447.]]
2022-12-21 06:49:31,202 - INFO - Test loss: 0.1508,mIOU:0.87,precision:0.86,recall:0.84,F1score:0.85
2022-12-21 06:49:31,202 - INFO - 
mIOU:0.85,0.86,0.86,0.82,0.87
precision:0.84,0.86,0.82,0.75,0.86
recall:0.81,0.81,0.85,0.82,0.84
F1score:0.83,0.84,0.84,0.78,0.85
2022-12-21 06:52:38,908 - INFO - confusionMatrix:[[10343065.    74988.]
 [   35401.   144946.]]
2022-12-21 06:52:38,910 - INFO - Test loss: 0.2708,mIOU:0.78,precision:0.66,recall:0.80,F1score:0.72
2022-12-21 06:52:38,911 - INFO - 
mIOU:0.85,0.86,0.86,0.82,0.87,0.78
precision:0.84,0.86,0.82,0.75,0.86,0.66
recall:0.81,0.81,0.85,0.82,0.84,0.8
F1score:0.83,0.84,0.84,0.78,0.85,0.72
2022-12-21 06:55:45,804 - INFO - confusionMatrix:[[10397360.    20693.]
 [   36910.   143437.]]
2022-12-21 06:55:45,807 - INFO - Test loss: 0.1682,mIOU:0.85,precision:0.87,recall:0.80,F1score:0.83
2022-12-21 06:55:45,808 - INFO - 
mIOU:0.85,0.86,0.86,0.82,0.87,0.78,0.85
precision:0.84,0.86,0.82,0.75,0.86,0.66,0.87
recall:0.81,0.81,0.85,0.82,0.84,0.8,0.8
F1score:0.83,0.84,0.84,0.78,0.85,0.72,0.83
2022-12-21 06:58:56,468 - INFO - confusionMatrix:[[10394478.    23575.]
 [   30412.   149935.]]
2022-12-21 06:58:56,469 - INFO - Test loss: 0.1525,mIOU:0.87,precision:0.86,recall:0.83,F1score:0.85
2022-12-21 06:58:56,470 - INFO - 
mIOU:0.85,0.86,0.86,0.82,0.87,0.78,0.85,0.87
precision:0.84,0.86,0.82,0.75,0.86,0.66,0.87,0.86
recall:0.81,0.81,0.85,0.82,0.84,0.8,0.8,0.83
F1score:0.83,0.84,0.84,0.78,0.85,0.72,0.83,0.85
2022-12-21 07:02:02,697 - INFO - confusionMatrix:[[10390628.    27425.]
 [   26936.   153411.]]
2022-12-21 07:02:02,699 - INFO - Test loss: 0.1482,mIOU:0.87,precision:0.85,recall:0.85,F1score:0.85
2022-12-21 07:02:02,699 - INFO - 
mIOU:0.85,0.86,0.86,0.82,0.87,0.78,0.85,0.87,0.87
precision:0.84,0.86,0.82,0.75,0.86,0.66,0.87,0.86,0.85
recall:0.81,0.81,0.85,0.82,0.84,0.8,0.8,0.83,0.85
F1score:0.83,0.84,0.84,0.78,0.85,0.72,0.83,0.85,0.85
2022-12-21 07:05:07,292 - INFO - confusionMatrix:[[10395387.    22666.]
 [   31926.   148421.]]
2022-12-21 07:05:07,294 - INFO - Test loss: 0.1551,mIOU:0.86,precision:0.87,recall:0.82,F1score:0.84
2022-12-21 07:05:07,295 - INFO - 
mIOU:0.85,0.86,0.86,0.82,0.87,0.78,0.85,0.87,0.87,0.86
precision:0.84,0.86,0.82,0.75,0.86,0.66,0.87,0.86,0.85,0.87
recall:0.81,0.81,0.85,0.82,0.84,0.8,0.8,0.83,0.85,0.82
F1score:0.83,0.84,0.84,0.78,0.85,0.72,0.83,0.85,0.85,0.84
2022-12-21 07:08:16,514 - INFO - confusionMatrix:[[10376977.    41076.]
 [   25806.   154541.]]
2022-12-21 07:08:16,516 - INFO - Test loss: 0.1749,mIOU:0.85,precision:0.79,recall:0.86,F1score:0.82
2022-12-21 07:08:16,516 - INFO - 
mIOU:0.85,0.86,0.86,0.82,0.87,0.78,0.85,0.87,0.87,0.86,0.85
precision:0.84,0.86,0.82,0.75,0.86,0.66,0.87,0.86,0.85,0.87,0.79
recall:0.81,0.81,0.85,0.82,0.84,0.8,0.8,0.83,0.85,0.82,0.86
F1score:0.83,0.84,0.84,0.78,0.85,0.72,0.83,0.85,0.85,0.84,0.82
2022-12-21 07:11:32,157 - INFO - confusionMatrix:[[10393382.    24671.]
 [   27510.   152837.]]
2022-12-21 07:11:32,159 - INFO - Test loss: 0.1442,mIOU:0.87,precision:0.86,recall:0.85,F1score:0.85
2022-12-21 07:11:32,160 - INFO - 
mIOU:0.85,0.86,0.86,0.82,0.87,0.78,0.85,0.87,0.87,0.86,0.85,0.87
precision:0.84,0.86,0.82,0.75,0.86,0.66,0.87,0.86,0.85,0.87,0.79,0.86
recall:0.81,0.81,0.85,0.82,0.84,0.8,0.8,0.83,0.85,0.82,0.86,0.85
F1score:0.83,0.84,0.84,0.78,0.85,0.72,0.83,0.85,0.85,0.84,0.82,0.85
2022-12-21 07:14:37,380 - INFO - confusionMatrix:[[10390959.    27094.]
 [   25089.   155258.]]
2022-12-21 07:14:37,383 - INFO - Test loss: 0.1423,mIOU:0.87,precision:0.85,recall:0.86,F1score:0.86
2022-12-21 07:14:37,384 - INFO - 
mIOU:0.85,0.86,0.86,0.82,0.87,0.78,0.85,0.87,0.87,0.86,0.85,0.87,0.87
precision:0.84,0.86,0.82,0.75,0.86,0.66,0.87,0.86,0.85,0.87,0.79,0.86,0.85
recall:0.81,0.81,0.85,0.82,0.84,0.8,0.8,0.83,0.85,0.82,0.86,0.85,0.86
F1score:0.83,0.84,0.84,0.78,0.85,0.72,0.83,0.85,0.85,0.84,0.82,0.85,0.86
2022-12-21 07:17:45,696 - INFO - confusionMatrix:[[10394409.    23644.]
 [   26703.   153644.]]
2022-12-21 07:17:45,697 - INFO - Test loss: 0.1379,mIOU:0.87,precision:0.87,recall:0.85,F1score:0.86
2022-12-21 07:17:45,698 - INFO - 
mIOU:0.85,0.86,0.86,0.82,0.87,0.78,0.85,0.87,0.87,0.86,0.85,0.87,0.87,0.87
precision:0.84,0.86,0.82,0.75,0.86,0.66,0.87,0.86,0.85,0.87,0.79,0.86,0.85,0.87
recall:0.81,0.81,0.85,0.82,0.84,0.8,0.8,0.83,0.85,0.82,0.86,0.85,0.86,0.85
F1score:0.83,0.84,0.84,0.78,0.85,0.72,0.83,0.85,0.85,0.84,0.82,0.85,0.86,0.86
2022-12-21 07:20:51,998 - INFO - confusionMatrix:[[10399907.    18146.]
 [   31457.   148890.]]
2022-12-21 07:20:52,000 - INFO - Test loss: 0.1430,mIOU:0.87,precision:0.89,recall:0.83,F1score:0.86
2022-12-21 07:20:52,000 - INFO - 
mIOU:0.85,0.86,0.86,0.82,0.87,0.78,0.85,0.87,0.87,0.86,0.85,0.87,0.87,0.87,0.87
precision:0.84,0.86,0.82,0.75,0.86,0.66,0.87,0.86,0.85,0.87,0.79,0.86,0.85,0.87,0.89
recall:0.81,0.81,0.85,0.82,0.84,0.8,0.8,0.83,0.85,0.82,0.86,0.85,0.86,0.85,0.83
F1score:0.83,0.84,0.84,0.78,0.85,0.72,0.83,0.85,0.85,0.84,0.82,0.85,0.86,0.86,0.86
2022-12-21 07:23:51,684 - INFO - confusionMatrix:[[10389695.    28358.]
 [   24793.   155554.]]
2022-12-21 07:23:51,687 - INFO - Test loss: 0.1428,mIOU:0.87,precision:0.85,recall:0.86,F1score:0.85
2022-12-21 07:23:51,687 - INFO - 
mIOU:0.85,0.86,0.86,0.82,0.87,0.78,0.85,0.87,0.87,0.86,0.85,0.87,0.87,0.87,0.87,0.87
precision:0.84,0.86,0.82,0.75,0.86,0.66,0.87,0.86,0.85,0.87,0.79,0.86,0.85,0.87,0.89,0.85
recall:0.81,0.81,0.85,0.82,0.84,0.8,0.8,0.83,0.85,0.82,0.86,0.85,0.86,0.85,0.83,0.86
F1score:0.83,0.84,0.84,0.78,0.85,0.72,0.83,0.85,0.85,0.84,0.82,0.85,0.86,0.86,0.86,0.85
2022-12-21 07:26:53,668 - INFO - confusionMatrix:[[10387526.    30527.]
 [   23057.   157290.]]
2022-12-21 07:26:53,670 - INFO - Test loss: 0.1446,mIOU:0.87,precision:0.84,recall:0.87,F1score:0.85
2022-12-21 07:26:53,671 - INFO - 
mIOU:0.85,0.86,0.86,0.82,0.87,0.78,0.85,0.87,0.87,0.86,0.85,0.87,0.87,0.87,0.87,0.87,0.87
precision:0.84,0.86,0.82,0.75,0.86,0.66,0.87,0.86,0.85,0.87,0.79,0.86,0.85,0.87,0.89,0.85,0.84
recall:0.81,0.81,0.85,0.82,0.84,0.8,0.8,0.83,0.85,0.82,0.86,0.85,0.86,0.85,0.83,0.86,0.87
F1score:0.83,0.84,0.84,0.78,0.85,0.72,0.83,0.85,0.85,0.84,0.82,0.85,0.86,0.86,0.86,0.85,0.85
2022-12-21 07:30:10,054 - INFO - confusionMatrix:[[10399688.    18365.]
 [   32440.   147907.]]
2022-12-21 07:30:10,055 - INFO - Test loss: 0.1466,mIOU:0.87,precision:0.89,recall:0.82,F1score:0.85
2022-12-21 07:30:10,056 - INFO - 
mIOU:0.85,0.86,0.86,0.82,0.87,0.78,0.85,0.87,0.87,0.86,0.85,0.87,0.87,0.87,0.87,0.87,0.87,0.87
precision:0.84,0.86,0.82,0.75,0.86,0.66,0.87,0.86,0.85,0.87,0.79,0.86,0.85,0.87,0.89,0.85,0.84,0.89
recall:0.81,0.81,0.85,0.82,0.84,0.8,0.8,0.83,0.85,0.82,0.86,0.85,0.86,0.85,0.83,0.86,0.87,0.82
F1score:0.83,0.84,0.84,0.78,0.85,0.72,0.83,0.85,0.85,0.84,0.82,0.85,0.86,0.86,0.86,0.85,0.85,0.85
2022-12-21 07:33:22,398 - INFO - confusionMatrix:[[10395513.    22540.]
 [   27210.   153137.]]
2022-12-21 07:33:22,401 - INFO - Test loss: 0.1414,mIOU:0.88,precision:0.87,recall:0.85,F1score:0.86
2022-12-21 07:33:22,401 - INFO - 
mIOU:0.85,0.86,0.86,0.82,0.87,0.78,0.85,0.87,0.87,0.86,0.85,0.87,0.87,0.87,0.87,0.87,0.87,0.87,0.88
precision:0.84,0.86,0.82,0.75,0.86,0.66,0.87,0.86,0.85,0.87,0.79,0.86,0.85,0.87,0.89,0.85,0.84,0.89,0.87
recall:0.81,0.81,0.85,0.82,0.84,0.8,0.8,0.83,0.85,0.82,0.86,0.85,0.86,0.85,0.83,0.86,0.87,0.82,0.85
F1score:0.83,0.84,0.84,0.78,0.85,0.72,0.83,0.85,0.85,0.84,0.82,0.85,0.86,0.86,0.86,0.85,0.85,0.85,0.86
2022-12-21 07:36:30,802 - INFO - confusionMatrix:[[10394314.    23739.]
 [   29280.   151067.]]
2022-12-21 07:36:30,804 - INFO - Test loss: 0.1489,mIOU:0.87,precision:0.86,recall:0.84,F1score:0.85
2022-12-21 07:36:30,804 - INFO - 
mIOU:0.85,0.86,0.86,0.82,0.87,0.78,0.85,0.87,0.87,0.86,0.85,0.87,0.87,0.87,0.87,0.87,0.87,0.87,0.88,0.87
precision:0.84,0.86,0.82,0.75,0.86,0.66,0.87,0.86,0.85,0.87,0.79,0.86,0.85,0.87,0.89,0.85,0.84,0.89,0.87,0.86
recall:0.81,0.81,0.85,0.82,0.84,0.8,0.8,0.83,0.85,0.82,0.86,0.85,0.86,0.85,0.83,0.86,0.87,0.82,0.85,0.84
F1score:0.83,0.84,0.84,0.78,0.85,0.72,0.83,0.85,0.85,0.84,0.82,0.85,0.86,0.86,0.86,0.85,0.85,0.85,0.86,0.85
