2022-12-21 20:13:49,290 - INFO - confusionMatrix:[[10418053.        0.]
 [  180347.        0.]]
2022-12-21 20:13:49,291 - INFO - Test loss: 0.9663,mIOU:0.49,precision:nan,recall:0.00,F1score:nan
2022-12-21 20:13:49,291 - INFO - 
mIOU:0.49
precision:nan
recall:0.0
F1score:nan
2022-12-21 20:23:12,559 - INFO - confusionMatrix:[[10418053.        0.]
 [  180347.        0.]]
2022-12-21 20:23:12,559 - INFO - Test loss: 0.9695,mIOU:0.49,precision:nan,recall:0.00,F1score:nan
2022-12-21 20:23:12,559 - INFO - 
mIOU:0.49,0.49
precision:nan,nan
recall:0.0,0.0
F1score:nan,nan
2022-12-21 20:32:23,254 - INFO - confusionMatrix:[[10418053.        0.]
 [  180347.        0.]]
2022-12-21 20:32:23,255 - INFO - Test loss: 0.9733,mIOU:0.49,precision:nan,recall:0.00,F1score:nan
2022-12-21 20:32:23,255 - INFO - 
mIOU:0.49,0.49,0.49
precision:nan,nan,nan
recall:0.0,0.0,0.0
F1score:nan,nan,nan
2022-12-21 20:41:30,671 - INFO - confusionMatrix:[[10418053.        0.]
 [  180347.        0.]]
2022-12-21 20:41:30,672 - INFO - Test loss: 0.9848,mIOU:0.49,precision:nan,recall:0.00,F1score:nan
2022-12-21 20:41:30,672 - INFO - 
mIOU:0.49,0.49,0.49,0.49
precision:nan,nan,nan,nan
recall:0.0,0.0,0.0,0.0
F1score:nan,nan,nan,nan
2022-12-21 20:50:43,029 - INFO - confusionMatrix:[[10418053.        0.]
 [  180347.        0.]]
2022-12-21 20:50:43,030 - INFO - Test loss: 0.9936,mIOU:0.49,precision:nan,recall:0.00,F1score:nan
2022-12-21 20:50:43,030 - INFO - 
mIOU:0.49,0.49,0.49,0.49,0.49
precision:nan,nan,nan,nan,nan
recall:0.0,0.0,0.0,0.0,0.0
F1score:nan,nan,nan,nan,nan
2022-12-21 20:59:54,375 - INFO - confusionMatrix:[[10418053.        0.]
 [  180347.        0.]]
2022-12-21 20:59:54,376 - INFO - Test loss: 0.9977,mIOU:0.49,precision:nan,recall:0.00,F1score:nan
2022-12-21 20:59:54,376 - INFO - 
mIOU:0.49,0.49,0.49,0.49,0.49,0.49
precision:nan,nan,nan,nan,nan,nan
recall:0.0,0.0,0.0,0.0,0.0,0.0
F1score:nan,nan,nan,nan,nan,nan
2022-12-21 21:09:13,057 - INFO - confusionMatrix:[[10418053.        0.]
 [  180347.        0.]]
2022-12-21 21:09:13,058 - INFO - Test loss: 0.9988,mIOU:0.49,precision:nan,recall:0.00,F1score:nan
2022-12-21 21:09:13,058 - INFO - 
mIOU:0.49,0.49,0.49,0.49,0.49,0.49,0.49
precision:nan,nan,nan,nan,nan,nan,nan
recall:0.0,0.0,0.0,0.0,0.0,0.0,0.0
F1score:nan,nan,nan,nan,nan,nan,nan
2022-12-21 21:18:31,273 - INFO - confusionMatrix:[[1.0418023e+07 3.0000000e+01]
 [1.7802500e+05 2.3220000e+03]]
2022-12-21 21:18:31,274 - INFO - Test loss: 0.9767,mIOU:0.50,precision:0.99,recall:0.01,F1score:0.03
2022-12-21 21:18:31,274 - INFO - 
mIOU:0.49,0.49,0.49,0.49,0.49,0.49,0.49,0.5
precision:nan,nan,nan,nan,nan,nan,nan,0.99
recall:0.0,0.0,0.0,0.0,0.0,0.0,0.0,0.01
F1score:nan,nan,nan,nan,nan,nan,nan,0.03
2022-12-21 21:27:44,954 - INFO - confusionMatrix:[[1.0417783e+07 2.7000000e+02]
 [1.7365900e+05 6.6880000e+03]]
2022-12-21 21:27:44,955 - INFO - Test loss: 0.9375,mIOU:0.51,precision:0.96,recall:0.04,F1score:0.07
2022-12-21 21:27:44,955 - INFO - 
mIOU:0.49,0.49,0.49,0.49,0.49,0.49,0.49,0.5,0.51
precision:nan,nan,nan,nan,nan,nan,nan,0.99,0.96
recall:0.0,0.0,0.0,0.0,0.0,0.0,0.0,0.01,0.04
F1score:nan,nan,nan,nan,nan,nan,nan,0.03,0.07
2022-12-21 21:36:59,693 - INFO - confusionMatrix:[[1.0413196e+07 4.8570000e+03]
 [9.3868000e+04 8.6479000e+04]]
2022-12-21 21:36:59,694 - INFO - Test loss: 0.3798,mIOU:0.73,precision:0.95,recall:0.48,F1score:0.64
2022-12-21 21:36:59,694 - INFO - 
mIOU:0.49,0.49,0.49,0.49,0.49,0.49,0.49,0.5,0.51,0.73
precision:nan,nan,nan,nan,nan,nan,nan,0.99,0.96,0.95
recall:0.0,0.0,0.0,0.0,0.0,0.0,0.0,0.01,0.04,0.48
F1score:nan,nan,nan,nan,nan,nan,nan,0.03,0.07,0.64
2022-12-21 21:46:16,246 - INFO - confusionMatrix:[[1.0409592e+07 8.4610000e+03]
 [7.0007000e+04 1.1034000e+05]]
2022-12-21 21:46:16,247 - INFO - Test loss: 0.2770,mIOU:0.79,precision:0.93,recall:0.61,F1score:0.74
2022-12-21 21:46:16,247 - INFO - 
mIOU:0.49,0.49,0.49,0.49,0.49,0.49,0.49,0.5,0.51,0.73,0.79
precision:nan,nan,nan,nan,nan,nan,nan,0.99,0.96,0.95,0.93
recall:0.0,0.0,0.0,0.0,0.0,0.0,0.0,0.01,0.04,0.48,0.61
F1score:nan,nan,nan,nan,nan,nan,nan,0.03,0.07,0.64,0.74
2022-12-21 21:55:36,457 - INFO - confusionMatrix:[[10404994.    13059.]
 [   49045.   131302.]]
2022-12-21 21:55:36,457 - INFO - Test loss: 0.2048,mIOU:0.84,precision:0.91,recall:0.73,F1score:0.81
2022-12-21 21:55:36,458 - INFO - 
mIOU:0.49,0.49,0.49,0.49,0.49,0.49,0.49,0.5,0.51,0.73,0.79,0.84
precision:nan,nan,nan,nan,nan,nan,nan,0.99,0.96,0.95,0.93,0.91
recall:0.0,0.0,0.0,0.0,0.0,0.0,0.0,0.01,0.04,0.48,0.61,0.73
F1score:nan,nan,nan,nan,nan,nan,nan,0.03,0.07,0.64,0.74,0.81
2022-12-21 22:04:55,716 - INFO - confusionMatrix:[[10402623.    15430.]
 [   41077.   139270.]]
2022-12-21 22:04:55,717 - INFO - Test loss: 0.1800,mIOU:0.85,precision:0.90,recall:0.77,F1score:0.83
2022-12-21 22:04:55,718 - INFO - 
mIOU:0.49,0.49,0.49,0.49,0.49,0.49,0.49,0.5,0.51,0.73,0.79,0.84,0.85
precision:nan,nan,nan,nan,nan,nan,nan,0.99,0.96,0.95,0.93,0.91,0.9
recall:0.0,0.0,0.0,0.0,0.0,0.0,0.0,0.01,0.04,0.48,0.61,0.73,0.77
F1score:nan,nan,nan,nan,nan,nan,nan,0.03,0.07,0.64,0.74,0.81,0.83
2022-12-21 22:14:15,768 - INFO - confusionMatrix:[[10400201.    17852.]
 [   37313.   143034.]]
2022-12-21 22:14:15,769 - INFO - Test loss: 0.1713,mIOU:0.86,precision:0.89,recall:0.79,F1score:0.84
2022-12-21 22:14:15,769 - INFO - 
mIOU:0.49,0.49,0.49,0.49,0.49,0.49,0.49,0.5,0.51,0.73,0.79,0.84,0.85,0.86
precision:nan,nan,nan,nan,nan,nan,nan,0.99,0.96,0.95,0.93,0.91,0.9,0.89
recall:0.0,0.0,0.0,0.0,0.0,0.0,0.0,0.01,0.04,0.48,0.61,0.73,0.77,0.79
F1score:nan,nan,nan,nan,nan,nan,nan,0.03,0.07,0.64,0.74,0.81,0.83,0.84
2022-12-21 22:23:35,367 - INFO - confusionMatrix:[[10397526.    20527.]
 [   34165.   146182.]]
2022-12-21 22:23:35,368 - INFO - Test loss: 0.1661,mIOU:0.86,precision:0.88,recall:0.81,F1score:0.84
2022-12-21 22:23:35,368 - INFO - 
mIOU:0.49,0.49,0.49,0.49,0.49,0.49,0.49,0.5,0.51,0.73,0.79,0.84,0.85,0.86,0.86
precision:nan,nan,nan,nan,nan,nan,nan,0.99,0.96,0.95,0.93,0.91,0.9,0.89,0.88
recall:0.0,0.0,0.0,0.0,0.0,0.0,0.0,0.01,0.04,0.48,0.61,0.73,0.77,0.79,0.81
F1score:nan,nan,nan,nan,nan,nan,nan,0.03,0.07,0.64,0.74,0.81,0.83,0.84,0.84
2022-12-21 22:32:54,683 - INFO - confusionMatrix:[[10395089.    22964.]
 [   31466.   148881.]]
2022-12-21 22:32:54,684 - INFO - Test loss: 0.1621,mIOU:0.86,precision:0.87,recall:0.83,F1score:0.85
2022-12-21 22:32:54,684 - INFO - 
mIOU:0.49,0.49,0.49,0.49,0.49,0.49,0.49,0.5,0.51,0.73,0.79,0.84,0.85,0.86,0.86,0.86
precision:nan,nan,nan,nan,nan,nan,nan,0.99,0.96,0.95,0.93,0.91,0.9,0.89,0.88,0.87
recall:0.0,0.0,0.0,0.0,0.0,0.0,0.0,0.01,0.04,0.48,0.61,0.73,0.77,0.79,0.81,0.83
F1score:nan,nan,nan,nan,nan,nan,nan,0.03,0.07,0.64,0.74,0.81,0.83,0.84,0.84,0.85
2022-12-21 22:42:08,270 - INFO - confusionMatrix:[[10395041.    23012.]
 [   31034.   149313.]]
2022-12-21 22:42:08,271 - INFO - Test loss: 0.1600,mIOU:0.86,precision:0.87,recall:0.83,F1score:0.85
2022-12-21 22:42:08,272 - INFO - 
mIOU:0.49,0.49,0.49,0.49,0.49,0.49,0.49,0.5,0.51,0.73,0.79,0.84,0.85,0.86,0.86,0.86,0.86
precision:nan,nan,nan,nan,nan,nan,nan,0.99,0.96,0.95,0.93,0.91,0.9,0.89,0.88,0.87,0.87
recall:0.0,0.0,0.0,0.0,0.0,0.0,0.0,0.01,0.04,0.48,0.61,0.73,0.77,0.79,0.81,0.83,0.83
F1score:nan,nan,nan,nan,nan,nan,nan,0.03,0.07,0.64,0.74,0.81,0.83,0.84,0.84,0.85,0.85
2022-12-21 22:51:23,150 - INFO - confusionMatrix:[[10398259.    19794.]
 [   33388.   146959.]]
2022-12-21 22:51:23,151 - INFO - Test loss: 0.1599,mIOU:0.86,precision:0.88,recall:0.81,F1score:0.85
2022-12-21 22:51:23,151 - INFO - 
mIOU:0.49,0.49,0.49,0.49,0.49,0.49,0.49,0.5,0.51,0.73,0.79,0.84,0.85,0.86,0.86,0.86,0.86,0.86
precision:nan,nan,nan,nan,nan,nan,nan,0.99,0.96,0.95,0.93,0.91,0.9,0.89,0.88,0.87,0.87,0.88
recall:0.0,0.0,0.0,0.0,0.0,0.0,0.0,0.01,0.04,0.48,0.61,0.73,0.77,0.79,0.81,0.83,0.83,0.81
F1score:nan,nan,nan,nan,nan,nan,nan,0.03,0.07,0.64,0.74,0.81,0.83,0.84,0.84,0.85,0.85,0.85
2022-12-21 23:00:40,456 - INFO - confusionMatrix:[[10392996.    25057.]
 [   29498.   150849.]]
2022-12-21 23:00:40,457 - INFO - Test loss: 0.1582,mIOU:0.86,precision:0.86,recall:0.84,F1score:0.85
2022-12-21 23:00:40,457 - INFO - 
mIOU:0.49,0.49,0.49,0.49,0.49,0.49,0.49,0.5,0.51,0.73,0.79,0.84,0.85,0.86,0.86,0.86,0.86,0.86,0.86
precision:nan,nan,nan,nan,nan,nan,nan,0.99,0.96,0.95,0.93,0.91,0.9,0.89,0.88,0.87,0.87,0.88,0.86
recall:0.0,0.0,0.0,0.0,0.0,0.0,0.0,0.01,0.04,0.48,0.61,0.73,0.77,0.79,0.81,0.83,0.83,0.81,0.84
F1score:nan,nan,nan,nan,nan,nan,nan,0.03,0.07,0.64,0.74,0.81,0.83,0.84,0.84,0.85,0.85,0.85,0.85
2022-12-21 23:09:57,462 - INFO - confusionMatrix:[[10398569.    19484.]
 [   33152.   147195.]]
2022-12-21 23:09:57,463 - INFO - Test loss: 0.1577,mIOU:0.87,precision:0.88,recall:0.82,F1score:0.85
2022-12-21 23:09:57,463 - INFO - 
mIOU:0.49,0.49,0.49,0.49,0.49,0.49,0.49,0.5,0.51,0.73,0.79,0.84,0.85,0.86,0.86,0.86,0.86,0.86,0.86,0.87
precision:nan,nan,nan,nan,nan,nan,nan,0.99,0.96,0.95,0.93,0.91,0.9,0.89,0.88,0.87,0.87,0.88,0.86,0.88
recall:0.0,0.0,0.0,0.0,0.0,0.0,0.0,0.01,0.04,0.48,0.61,0.73,0.77,0.79,0.81,0.83,0.83,0.81,0.84,0.82
F1score:nan,nan,nan,nan,nan,nan,nan,0.03,0.07,0.64,0.74,0.81,0.83,0.84,0.84,0.85,0.85,0.85,0.85,0.85
