2022-12-21 12:21:30,926 - INFO - confusionMatrix:[[10418053.        0.]
 [  180347.        0.]]
2022-12-21 12:21:30,929 - INFO - Test loss: 0.9729,mIOU:0.49,precision:nan,recall:0.00,F1score:nan
2022-12-21 12:21:30,929 - INFO - 
mIOU:0.49
precision:nan
recall:0.0
F1score:nan
2022-12-21 12:27:59,799 - INFO - confusionMatrix:[[10418053.        0.]
 [  180347.        0.]]
2022-12-21 12:27:59,801 - INFO - Test loss: 0.9964,mIOU:0.49,precision:nan,recall:0.00,F1score:nan
2022-12-21 12:27:59,801 - INFO - 
mIOU:0.49,0.49
precision:nan,nan
recall:0.0,0.0
F1score:nan,nan
2022-12-21 12:34:26,699 - INFO - confusionMatrix:[[1.0417855e+07 1.9800000e+02]
 [1.4481000e+05 3.5537000e+04]]
2022-12-21 12:34:26,700 - INFO - Test loss: 0.6757,mIOU:0.59,precision:0.99,recall:0.20,F1score:0.33
2022-12-21 12:34:26,701 - INFO - 
mIOU:0.49,0.49,0.59
precision:nan,nan,0.99
recall:0.0,0.0,0.2
F1score:nan,nan,0.33
2022-12-21 12:40:52,727 - INFO - confusionMatrix:[[1.0412311e+07 5.7420000e+03]
 [8.0932000e+04 9.9415000e+04]]
2022-12-21 12:40:52,729 - INFO - Test loss: 0.3186,mIOU:0.76,precision:0.95,recall:0.55,F1score:0.70
2022-12-21 12:40:52,729 - INFO - 
mIOU:0.49,0.49,0.59,0.76
precision:nan,nan,0.99,0.95
recall:0.0,0.0,0.2,0.55
F1score:nan,nan,0.33,0.7
2022-12-21 12:47:31,768 - INFO - confusionMatrix:[[10400632.    17421.]
 [   41811.   138536.]]
2022-12-21 12:47:31,770 - INFO - Test loss: 0.1860,mIOU:0.85,precision:0.89,recall:0.77,F1score:0.82
2022-12-21 12:47:31,770 - INFO - 
mIOU:0.49,0.49,0.59,0.76,0.85
precision:nan,nan,0.99,0.95,0.89
recall:0.0,0.0,0.2,0.55,0.77
F1score:nan,nan,0.33,0.7,0.82
2022-12-21 12:54:03,725 - INFO - confusionMatrix:[[10394416.    23637.]
 [   50049.   130298.]]
2022-12-21 12:54:03,726 - INFO - Test loss: 0.2299,mIOU:0.82,precision:0.85,recall:0.72,F1score:0.78
2022-12-21 12:54:03,727 - INFO - 
mIOU:0.49,0.49,0.59,0.76,0.85,0.82
precision:nan,nan,0.99,0.95,0.89,0.85
recall:0.0,0.0,0.2,0.55,0.77,0.72
F1score:nan,nan,0.33,0.7,0.82,0.78
2022-12-21 13:00:36,402 - INFO - confusionMatrix:[[10398912.    19141.]
 [   39509.   140838.]]
2022-12-21 13:00:36,404 - INFO - Test loss: 0.1778,mIOU:0.85,precision:0.88,recall:0.78,F1score:0.83
2022-12-21 13:00:36,404 - INFO - 
mIOU:0.49,0.49,0.59,0.76,0.85,0.82,0.85
precision:nan,nan,0.99,0.95,0.89,0.85,0.88
recall:0.0,0.0,0.2,0.55,0.77,0.72,0.78
F1score:nan,nan,0.33,0.7,0.82,0.78,0.83
2022-12-21 13:07:03,679 - INFO - confusionMatrix:[[10396861.    21192.]
 [   34911.   145436.]]
2022-12-21 13:07:03,681 - INFO - Test loss: 0.1665,mIOU:0.86,precision:0.87,recall:0.81,F1score:0.84
2022-12-21 13:07:03,681 - INFO - 
mIOU:0.49,0.49,0.59,0.76,0.85,0.82,0.85,0.86
precision:nan,nan,0.99,0.95,0.89,0.85,0.88,0.87
recall:0.0,0.0,0.2,0.55,0.77,0.72,0.78,0.81
F1score:nan,nan,0.33,0.7,0.82,0.78,0.83,0.84
2022-12-21 13:13:35,341 - INFO - confusionMatrix:[[10393678.    24375.]
 [   31845.   148502.]]
2022-12-21 13:13:35,343 - INFO - Test loss: 0.1626,mIOU:0.86,precision:0.86,recall:0.82,F1score:0.84
2022-12-21 13:13:35,343 - INFO - 
mIOU:0.49,0.49,0.59,0.76,0.85,0.82,0.85,0.86,0.86
precision:nan,nan,0.99,0.95,0.89,0.85,0.88,0.87,0.86
recall:0.0,0.0,0.2,0.55,0.77,0.72,0.78,0.81,0.82
F1score:nan,nan,0.33,0.7,0.82,0.78,0.83,0.84,0.84
2022-12-21 13:20:05,693 - INFO - confusionMatrix:[[10395838.    22215.]
 [   32727.   147620.]]
2022-12-21 13:20:05,695 - INFO - Test loss: 0.1604,mIOU:0.86,precision:0.87,recall:0.82,F1score:0.84
2022-12-21 13:20:05,695 - INFO - 
mIOU:0.49,0.49,0.59,0.76,0.85,0.82,0.85,0.86,0.86,0.86
precision:nan,nan,0.99,0.95,0.89,0.85,0.88,0.87,0.86,0.87
recall:0.0,0.0,0.2,0.55,0.77,0.72,0.78,0.81,0.82,0.82
F1score:nan,nan,0.33,0.7,0.82,0.78,0.83,0.84,0.84,0.84
2022-12-21 13:26:39,258 - INFO - confusionMatrix:[[10395239.    22814.]
 [   32367.   147980.]]
2022-12-21 13:26:39,259 - INFO - Test loss: 0.1603,mIOU:0.86,precision:0.87,recall:0.82,F1score:0.84
2022-12-21 13:26:39,260 - INFO - 
mIOU:0.49,0.49,0.59,0.76,0.85,0.82,0.85,0.86,0.86,0.86,0.86
precision:nan,nan,0.99,0.95,0.89,0.85,0.88,0.87,0.86,0.87,0.87
recall:0.0,0.0,0.2,0.55,0.77,0.72,0.78,0.81,0.82,0.82,0.82
F1score:nan,nan,0.33,0.7,0.82,0.78,0.83,0.84,0.84,0.84,0.84
2022-12-21 13:33:19,839 - INFO - confusionMatrix:[[10391890.    26163.]
 [   29488.   150859.]]
2022-12-21 13:33:19,841 - INFO - Test loss: 0.1579,mIOU:0.86,precision:0.85,recall:0.84,F1score:0.84
2022-12-21 13:33:19,841 - INFO - 
mIOU:0.49,0.49,0.59,0.76,0.85,0.82,0.85,0.86,0.86,0.86,0.86,0.86
precision:nan,nan,0.99,0.95,0.89,0.85,0.88,0.87,0.86,0.87,0.87,0.85
recall:0.0,0.0,0.2,0.55,0.77,0.72,0.78,0.81,0.82,0.82,0.82,0.84
F1score:nan,nan,0.33,0.7,0.82,0.78,0.83,0.84,0.84,0.84,0.84,0.84
2022-12-21 13:40:02,505 - INFO - confusionMatrix:[[10392913.    25140.]
 [   30208.   150139.]]
2022-12-21 13:40:02,507 - INFO - Test loss: 0.1596,mIOU:0.86,precision:0.86,recall:0.83,F1score:0.84
2022-12-21 13:40:02,507 - INFO - 
mIOU:0.49,0.49,0.59,0.76,0.85,0.82,0.85,0.86,0.86,0.86,0.86,0.86,0.86
precision:nan,nan,0.99,0.95,0.89,0.85,0.88,0.87,0.86,0.87,0.87,0.85,0.86
recall:0.0,0.0,0.2,0.55,0.77,0.72,0.78,0.81,0.82,0.82,0.82,0.84,0.83
F1score:nan,nan,0.33,0.7,0.82,0.78,0.83,0.84,0.84,0.84,0.84,0.84,0.84
2022-12-21 13:46:32,351 - INFO - confusionMatrix:[[10351692.    66361.]
 [   29484.   150863.]]
2022-12-21 13:46:32,352 - INFO - Test loss: 0.2867,mIOU:0.80,precision:0.69,recall:0.84,F1score:0.76
2022-12-21 13:46:32,353 - INFO - 
mIOU:0.49,0.49,0.59,0.76,0.85,0.82,0.85,0.86,0.86,0.86,0.86,0.86,0.86,0.8
precision:nan,nan,0.99,0.95,0.89,0.85,0.88,0.87,0.86,0.87,0.87,0.85,0.86,0.69
recall:0.0,0.0,0.2,0.55,0.77,0.72,0.78,0.81,0.82,0.82,0.82,0.84,0.83,0.84
F1score:nan,nan,0.33,0.7,0.82,0.78,0.83,0.84,0.84,0.84,0.84,0.84,0.84,0.76
2022-12-21 13:53:02,760 - INFO - confusionMatrix:[[10395575.    22478.]
 [   35738.   144609.]]
2022-12-21 13:53:02,763 - INFO - Test loss: 0.1743,mIOU:0.85,precision:0.87,recall:0.80,F1score:0.83
2022-12-21 13:53:02,763 - INFO - 
mIOU:0.49,0.49,0.59,0.76,0.85,0.82,0.85,0.86,0.86,0.86,0.86,0.86,0.86,0.8,0.85
precision:nan,nan,0.99,0.95,0.89,0.85,0.88,0.87,0.86,0.87,0.87,0.85,0.86,0.69,0.87
recall:0.0,0.0,0.2,0.55,0.77,0.72,0.78,0.81,0.82,0.82,0.82,0.84,0.83,0.84,0.8
F1score:nan,nan,0.33,0.7,0.82,0.78,0.83,0.84,0.84,0.84,0.84,0.84,0.84,0.76,0.83
2022-12-21 13:59:49,171 - INFO - confusionMatrix:[[10394006.    24047.]
 [   30546.   149801.]]
2022-12-21 13:59:49,173 - INFO - Test loss: 0.1559,mIOU:0.86,precision:0.86,recall:0.83,F1score:0.85
2022-12-21 13:59:49,173 - INFO - 
mIOU:0.49,0.49,0.59,0.76,0.85,0.82,0.85,0.86,0.86,0.86,0.86,0.86,0.86,0.8,0.85,0.86
precision:nan,nan,0.99,0.95,0.89,0.85,0.88,0.87,0.86,0.87,0.87,0.85,0.86,0.69,0.87,0.86
recall:0.0,0.0,0.2,0.55,0.77,0.72,0.78,0.81,0.82,0.82,0.82,0.84,0.83,0.84,0.8,0.83
F1score:nan,nan,0.33,0.7,0.82,0.78,0.83,0.84,0.84,0.84,0.84,0.84,0.84,0.76,0.83,0.85
2022-12-21 14:06:25,754 - INFO - confusionMatrix:[[10394225.    23828.]
 [   30405.   149942.]]
2022-12-21 14:06:25,756 - INFO - Test loss: 0.1548,mIOU:0.86,precision:0.86,recall:0.83,F1score:0.85
2022-12-21 14:06:25,757 - INFO - 
mIOU:0.49,0.49,0.59,0.76,0.85,0.82,0.85,0.86,0.86,0.86,0.86,0.86,0.86,0.8,0.85,0.86,0.86
precision:nan,nan,0.99,0.95,0.89,0.85,0.88,0.87,0.86,0.87,0.87,0.85,0.86,0.69,0.87,0.86,0.86
recall:0.0,0.0,0.2,0.55,0.77,0.72,0.78,0.81,0.82,0.82,0.82,0.84,0.83,0.84,0.8,0.83,0.83
F1score:nan,nan,0.33,0.7,0.82,0.78,0.83,0.84,0.84,0.84,0.84,0.84,0.84,0.76,0.83,0.85,0.85
2022-12-21 14:13:07,021 - INFO - confusionMatrix:[[10395846.    22207.]
 [   31568.   148779.]]
2022-12-21 14:13:07,024 - INFO - Test loss: 0.1547,mIOU:0.86,precision:0.87,recall:0.82,F1score:0.85
2022-12-21 14:13:07,024 - INFO - 
mIOU:0.49,0.49,0.59,0.76,0.85,0.82,0.85,0.86,0.86,0.86,0.86,0.86,0.86,0.8,0.85,0.86,0.86,0.86
precision:nan,nan,0.99,0.95,0.89,0.85,0.88,0.87,0.86,0.87,0.87,0.85,0.86,0.69,0.87,0.86,0.86,0.87
recall:0.0,0.0,0.2,0.55,0.77,0.72,0.78,0.81,0.82,0.82,0.82,0.84,0.83,0.84,0.8,0.83,0.83,0.82
F1score:nan,nan,0.33,0.7,0.82,0.78,0.83,0.84,0.84,0.84,0.84,0.84,0.84,0.76,0.83,0.85,0.85,0.85
2022-12-21 14:19:47,812 - INFO - confusionMatrix:[[10397439.    20614.]
 [   32125.   148222.]]
2022-12-21 14:19:47,815 - INFO - Test loss: 0.1530,mIOU:0.87,precision:0.88,recall:0.82,F1score:0.85
2022-12-21 14:19:47,815 - INFO - 
mIOU:0.49,0.49,0.59,0.76,0.85,0.82,0.85,0.86,0.86,0.86,0.86,0.86,0.86,0.8,0.85,0.86,0.86,0.86,0.87
precision:nan,nan,0.99,0.95,0.89,0.85,0.88,0.87,0.86,0.87,0.87,0.85,0.86,0.69,0.87,0.86,0.86,0.87,0.88
recall:0.0,0.0,0.2,0.55,0.77,0.72,0.78,0.81,0.82,0.82,0.82,0.84,0.83,0.84,0.8,0.83,0.83,0.82,0.82
F1score:nan,nan,0.33,0.7,0.82,0.78,0.83,0.84,0.84,0.84,0.84,0.84,0.84,0.76,0.83,0.85,0.85,0.85,0.85
2022-12-21 14:26:37,072 - INFO - confusionMatrix:[[10396441.    21612.]
 [   30596.   149751.]]
2022-12-21 14:26:37,074 - INFO - Test loss: 0.1504,mIOU:0.87,precision:0.87,recall:0.83,F1score:0.85
2022-12-21 14:26:37,074 - INFO - 
mIOU:0.49,0.49,0.59,0.76,0.85,0.82,0.85,0.86,0.86,0.86,0.86,0.86,0.86,0.8,0.85,0.86,0.86,0.86,0.87,0.87
precision:nan,nan,0.99,0.95,0.89,0.85,0.88,0.87,0.86,0.87,0.87,0.85,0.86,0.69,0.87,0.86,0.86,0.87,0.88,0.87
recall:0.0,0.0,0.2,0.55,0.77,0.72,0.78,0.81,0.82,0.82,0.82,0.84,0.83,0.84,0.8,0.83,0.83,0.82,0.82,0.83
F1score:nan,nan,0.33,0.7,0.82,0.78,0.83,0.84,0.84,0.84,0.84,0.84,0.84,0.76,0.83,0.85,0.85,0.85,0.85,0.85
