2022-12-21 08:47:33,489 - INFO - confusionMatrix:[[10418053.        0.]
 [  180347.        0.]]
2022-12-21 08:47:33,492 - INFO - Test loss: 0.9863,mIOU:0.49,precision:nan,recall:0.00,F1score:nan
2022-12-21 08:47:33,492 - INFO - 
mIOU:0.49
precision:nan
recall:0.0
F1score:nan
2022-12-21 08:53:04,692 - INFO - confusionMatrix:[[1.0417146e+07 9.0700000e+02]
 [1.2042300e+05 5.9924000e+04]]
2022-12-21 08:53:04,695 - INFO - Test loss: 0.5147,mIOU:0.66,precision:0.99,recall:0.33,F1score:0.50
2022-12-21 08:53:04,695 - INFO - 
mIOU:0.49,0.66
precision:nan,0.99
recall:0.0,0.33
F1score:nan,0.5
2022-12-21 08:58:36,711 - INFO - confusionMatrix:[[10396138.    21915.]
 [   40851.   139496.]]
2022-12-21 08:58:36,713 - INFO - Test loss: 0.1920,mIOU:0.84,precision:0.86,recall:0.77,F1score:0.82
2022-12-21 08:58:36,714 - INFO - 
mIOU:0.49,0.66,0.84
precision:nan,0.99,0.86
recall:0.0,0.33,0.77
F1score:nan,0.5,0.82
2022-12-21 09:04:06,996 - INFO - confusionMatrix:[[10394748.    23305.]
 [   34801.   145546.]]
2022-12-21 09:04:06,999 - INFO - Test loss: 0.1712,mIOU:0.85,precision:0.86,recall:0.81,F1score:0.83
2022-12-21 09:04:06,999 - INFO - 
mIOU:0.49,0.66,0.84,0.85
precision:nan,0.99,0.86,0.86
recall:0.0,0.33,0.77,0.81
F1score:nan,0.5,0.82,0.83
2022-12-21 09:09:32,446 - INFO - confusionMatrix:[[10394661.    23392.]
 [   33174.   147173.]]
2022-12-21 09:09:32,448 - INFO - Test loss: 0.1647,mIOU:0.86,precision:0.86,recall:0.82,F1score:0.84
2022-12-21 09:09:32,448 - INFO - 
mIOU:0.49,0.66,0.84,0.85,0.86
precision:nan,0.99,0.86,0.86,0.86
recall:0.0,0.33,0.77,0.81,0.82
F1score:nan,0.5,0.82,0.83,0.84
2022-12-21 09:15:05,761 - INFO - confusionMatrix:[[10392263.    25790.]
 [   30305.   150042.]]
2022-12-21 09:15:05,763 - INFO - Test loss: 0.1599,mIOU:0.86,precision:0.85,recall:0.83,F1score:0.84
2022-12-21 09:15:05,763 - INFO - 
mIOU:0.49,0.66,0.84,0.85,0.86,0.86
precision:nan,0.99,0.86,0.86,0.86,0.85
recall:0.0,0.33,0.77,0.81,0.82,0.83
F1score:nan,0.5,0.82,0.83,0.84,0.84
2022-12-21 09:20:34,501 - INFO - confusionMatrix:[[10394122.    23931.]
 [   30975.   149372.]]
2022-12-21 09:20:34,503 - INFO - Test loss: 0.1575,mIOU:0.86,precision:0.86,recall:0.83,F1score:0.84
2022-12-21 09:20:34,504 - INFO - 
mIOU:0.49,0.66,0.84,0.85,0.86,0.86,0.86
precision:nan,0.99,0.86,0.86,0.86,0.85,0.86
recall:0.0,0.33,0.77,0.81,0.82,0.83,0.83
F1score:nan,0.5,0.82,0.83,0.84,0.84,0.84
2022-12-21 09:26:01,554 - INFO - confusionMatrix:[[10395699.    22354.]
 [   32010.   148337.]]
2022-12-21 09:26:01,555 - INFO - Test loss: 0.1573,mIOU:0.86,precision:0.87,recall:0.82,F1score:0.85
2022-12-21 09:26:01,555 - INFO - 
mIOU:0.49,0.66,0.84,0.85,0.86,0.86,0.86,0.86
precision:nan,0.99,0.86,0.86,0.86,0.85,0.86,0.87
recall:0.0,0.33,0.77,0.81,0.82,0.83,0.83,0.82
F1score:nan,0.5,0.82,0.83,0.84,0.84,0.84,0.85
2022-12-21 09:31:45,039 - INFO - confusionMatrix:[[10386822.    31231.]
 [   28271.   152076.]]
2022-12-21 09:31:45,043 - INFO - Test loss: 0.1650,mIOU:0.86,precision:0.83,recall:0.84,F1score:0.84
2022-12-21 09:31:45,043 - INFO - 
mIOU:0.49,0.66,0.84,0.85,0.86,0.86,0.86,0.86,0.86
precision:nan,0.99,0.86,0.86,0.86,0.85,0.86,0.87,0.83
recall:0.0,0.33,0.77,0.81,0.82,0.83,0.83,0.82,0.84
F1score:nan,0.5,0.82,0.83,0.84,0.84,0.84,0.85,0.84
2022-12-21 09:38:09,898 - INFO - confusionMatrix:[[10393144.    24909.]
 [   30518.   149829.]]
2022-12-21 09:38:09,900 - INFO - Test loss: 0.1575,mIOU:0.86,precision:0.86,recall:0.83,F1score:0.84
2022-12-21 09:38:09,900 - INFO - 
mIOU:0.49,0.66,0.84,0.85,0.86,0.86,0.86,0.86,0.86,0.86
precision:nan,0.99,0.86,0.86,0.86,0.85,0.86,0.87,0.83,0.86
recall:0.0,0.33,0.77,0.81,0.82,0.83,0.83,0.82,0.84,0.83
F1score:nan,0.5,0.82,0.83,0.84,0.84,0.84,0.85,0.84,0.84
2022-12-21 09:44:36,905 - INFO - confusionMatrix:[[10392672.    25381.]
 [   28709.   151638.]]
2022-12-21 09:44:36,906 - INFO - Test loss: 0.1525,mIOU:0.87,precision:0.86,recall:0.84,F1score:0.85
2022-12-21 09:44:36,907 - INFO - 
mIOU:0.49,0.66,0.84,0.85,0.86,0.86,0.86,0.86,0.86,0.86,0.87
precision:nan,0.99,0.86,0.86,0.86,0.85,0.86,0.87,0.83,0.86,0.86
recall:0.0,0.33,0.77,0.81,0.82,0.83,0.83,0.82,0.84,0.83,0.84
F1score:nan,0.5,0.82,0.83,0.84,0.84,0.84,0.85,0.84,0.84,0.85
2022-12-21 09:51:00,946 - INFO - confusionMatrix:[[10396018.    22035.]
 [   30523.   149824.]]
2022-12-21 09:51:00,947 - INFO - Test loss: 0.1511,mIOU:0.87,precision:0.87,recall:0.83,F1score:0.85
2022-12-21 09:51:00,947 - INFO - 
mIOU:0.49,0.66,0.84,0.85,0.86,0.86,0.86,0.86,0.86,0.86,0.87,0.87
precision:nan,0.99,0.86,0.86,0.86,0.85,0.86,0.87,0.83,0.86,0.86,0.87
recall:0.0,0.33,0.77,0.81,0.82,0.83,0.83,0.82,0.84,0.83,0.84,0.83
F1score:nan,0.5,0.82,0.83,0.84,0.84,0.84,0.85,0.84,0.84,0.85,0.85
2022-12-21 09:57:14,052 - INFO - confusionMatrix:[[10396926.    21127.]
 [   31101.   149246.]]
2022-12-21 09:57:14,053 - INFO - Test loss: 0.1504,mIOU:0.87,precision:0.88,recall:0.83,F1score:0.85
2022-12-21 09:57:14,053 - INFO - 
mIOU:0.49,0.66,0.84,0.85,0.86,0.86,0.86,0.86,0.86,0.86,0.87,0.87,0.87
precision:nan,0.99,0.86,0.86,0.86,0.85,0.86,0.87,0.83,0.86,0.86,0.87,0.88
recall:0.0,0.33,0.77,0.81,0.82,0.83,0.83,0.82,0.84,0.83,0.84,0.83,0.83
F1score:nan,0.5,0.82,0.83,0.84,0.84,0.84,0.85,0.84,0.84,0.85,0.85,0.85
2022-12-21 10:03:06,128 - INFO - confusionMatrix:[[10392242.    25811.]
 [   27629.   152718.]]
2022-12-21 10:03:06,130 - INFO - Test loss: 0.1499,mIOU:0.87,precision:0.86,recall:0.85,F1score:0.85
2022-12-21 10:03:06,130 - INFO - 
mIOU:0.49,0.66,0.84,0.85,0.86,0.86,0.86,0.86,0.86,0.86,0.87,0.87,0.87,0.87
precision:nan,0.99,0.86,0.86,0.86,0.85,0.86,0.87,0.83,0.86,0.86,0.87,0.88,0.86
recall:0.0,0.33,0.77,0.81,0.82,0.83,0.83,0.82,0.84,0.83,0.84,0.83,0.83,0.85
F1score:nan,0.5,0.82,0.83,0.84,0.84,0.84,0.85,0.84,0.84,0.85,0.85,0.85,0.85
2022-12-21 10:08:58,321 - INFO - confusionMatrix:[[10394697.    23356.]
 [   30498.   149849.]]
2022-12-21 10:08:58,322 - INFO - Test loss: 0.1534,mIOU:0.87,precision:0.87,recall:0.83,F1score:0.85
2022-12-21 10:08:58,322 - INFO - 
mIOU:0.49,0.66,0.84,0.85,0.86,0.86,0.86,0.86,0.86,0.86,0.87,0.87,0.87,0.87,0.87
precision:nan,0.99,0.86,0.86,0.86,0.85,0.86,0.87,0.83,0.86,0.86,0.87,0.88,0.86,0.87
recall:0.0,0.33,0.77,0.81,0.82,0.83,0.83,0.82,0.84,0.83,0.84,0.83,0.83,0.85,0.83
F1score:nan,0.5,0.82,0.83,0.84,0.84,0.84,0.85,0.84,0.84,0.85,0.85,0.85,0.85,0.85
2022-12-21 10:13:39,870 - INFO - confusionMatrix:[[10393304.    24749.]
 [   27891.   152456.]]
2022-12-21 10:13:39,872 - INFO - Test loss: 0.1480,mIOU:0.87,precision:0.86,recall:0.85,F1score:0.85
2022-12-21 10:13:39,872 - INFO - 
mIOU:0.49,0.66,0.84,0.85,0.86,0.86,0.86,0.86,0.86,0.86,0.87,0.87,0.87,0.87,0.87,0.87
precision:nan,0.99,0.86,0.86,0.86,0.85,0.86,0.87,0.83,0.86,0.86,0.87,0.88,0.86,0.87,0.86
recall:0.0,0.33,0.77,0.81,0.82,0.83,0.83,0.82,0.84,0.83,0.84,0.83,0.83,0.85,0.83,0.85
F1score:nan,0.5,0.82,0.83,0.84,0.84,0.84,0.85,0.84,0.84,0.85,0.85,0.85,0.85,0.85,0.85
2022-12-21 10:18:30,251 - INFO - confusionMatrix:[[10395225.    22828.]
 [   29262.   151085.]]
2022-12-21 10:18:30,253 - INFO - Test loss: 0.1479,mIOU:0.87,precision:0.87,recall:0.84,F1score:0.85
2022-12-21 10:18:30,253 - INFO - 
mIOU:0.49,0.66,0.84,0.85,0.86,0.86,0.86,0.86,0.86,0.86,0.87,0.87,0.87,0.87,0.87,0.87,0.87
precision:nan,0.99,0.86,0.86,0.86,0.85,0.86,0.87,0.83,0.86,0.86,0.87,0.88,0.86,0.87,0.86,0.87
recall:0.0,0.33,0.77,0.81,0.82,0.83,0.83,0.82,0.84,0.83,0.84,0.83,0.83,0.85,0.83,0.85,0.84
F1score:nan,0.5,0.82,0.83,0.84,0.84,0.84,0.85,0.84,0.84,0.85,0.85,0.85,0.85,0.85,0.85,0.85
2022-12-21 10:22:47,695 - INFO - confusionMatrix:[[10383639.    34414.]
 [   23065.   157282.]]
2022-12-21 10:22:47,698 - INFO - Test loss: 0.1526,mIOU:0.86,precision:0.82,recall:0.87,F1score:0.85
2022-12-21 10:22:47,698 - INFO - 
mIOU:0.49,0.66,0.84,0.85,0.86,0.86,0.86,0.86,0.86,0.86,0.87,0.87,0.87,0.87,0.87,0.87,0.87,0.86
precision:nan,0.99,0.86,0.86,0.86,0.85,0.86,0.87,0.83,0.86,0.86,0.87,0.88,0.86,0.87,0.86,0.87,0.82
recall:0.0,0.33,0.77,0.81,0.82,0.83,0.83,0.82,0.84,0.83,0.84,0.83,0.83,0.85,0.83,0.85,0.84,0.87
F1score:nan,0.5,0.82,0.83,0.84,0.84,0.84,0.85,0.84,0.84,0.85,0.85,0.85,0.85,0.85,0.85,0.85,0.85
2022-12-21 10:27:09,117 - INFO - confusionMatrix:[[10393917.    24136.]
 [   27643.   152704.]]
2022-12-21 10:27:09,118 - INFO - Test loss: 0.1457,mIOU:0.87,precision:0.86,recall:0.85,F1score:0.86
2022-12-21 10:27:09,118 - INFO - 
mIOU:0.49,0.66,0.84,0.85,0.86,0.86,0.86,0.86,0.86,0.86,0.87,0.87,0.87,0.87,0.87,0.87,0.87,0.86,0.87
precision:nan,0.99,0.86,0.86,0.86,0.85,0.86,0.87,0.83,0.86,0.86,0.87,0.88,0.86,0.87,0.86,0.87,0.82,0.86
recall:0.0,0.33,0.77,0.81,0.82,0.83,0.83,0.82,0.84,0.83,0.84,0.83,0.83,0.85,0.83,0.85,0.84,0.87,0.85
F1score:nan,0.5,0.82,0.83,0.84,0.84,0.84,0.85,0.84,0.84,0.85,0.85,0.85,0.85,0.85,0.85,0.85,0.85,0.86
2022-12-21 10:31:31,280 - INFO - confusionMatrix:[[10392075.    25978.]
 [   26805.   153542.]]
2022-12-21 10:31:31,281 - INFO - Test loss: 0.1470,mIOU:0.87,precision:0.86,recall:0.85,F1score:0.85
2022-12-21 10:31:31,281 - INFO - 
mIOU:0.49,0.66,0.84,0.85,0.86,0.86,0.86,0.86,0.86,0.86,0.87,0.87,0.87,0.87,0.87,0.87,0.87,0.86,0.87,0.87
precision:nan,0.99,0.86,0.86,0.86,0.85,0.86,0.87,0.83,0.86,0.86,0.87,0.88,0.86,0.87,0.86,0.87,0.82,0.86,0.86
recall:0.0,0.33,0.77,0.81,0.82,0.83,0.83,0.82,0.84,0.83,0.84,0.83,0.83,0.85,0.83,0.85,0.84,0.87,0.85,0.85
F1score:nan,0.5,0.82,0.83,0.84,0.84,0.84,0.85,0.84,0.84,0.85,0.85,0.85,0.85,0.85,0.85,0.85,0.85,0.86,0.85
